<?xml version="1.0" encoding="UTF-8"?>
<testsuite xmlns:xsi="http://www.w3.org/2001/XMLSchema-instance" xsi:noNamespaceSchemaLocation="https://maven.apache.org/surefire/maven-surefire-plugin/xsd/surefire-test-report.xsd" name="TestSuite" time="364.893" tests="34" errors="0" skipped="0" failures="16">
  <properties>
    <property name="sun.desktop" value="windows"/>
    <property name="awt.toolkit" value="sun.awt.windows.WToolkit"/>
    <property name="java.specification.version" value="11"/>
    <property name="sun.cpu.isalist" value="amd64"/>
    <property name="sun.jnu.encoding" value="Cp1252"/>
    <property name="java.class.path" value="C:\Users\user\eclipse-workspace\Interview10032024\target\test-classes;C:\Users\user\eclipse-workspace\Interview10032024\target\classes;C:\Users\user\.m2\repository\org\testng\testng\6.14.3\testng-6.14.3.jar;C:\Users\user\.m2\repository\com\beust\jcommander\1.72\jcommander-1.72.jar;C:\Users\user\.m2\repository\org\apache-extras\beanshell\bsh\2.0b6\bsh-2.0b6.jar;C:\Users\user\.m2\repository\org\seleniumhq\selenium\selenium-java\3.141.59\selenium-java-3.141.59.jar;C:\Users\user\.m2\repository\org\seleniumhq\selenium\selenium-api\3.141.59\selenium-api-3.141.59.jar;C:\Users\user\.m2\repository\org\seleniumhq\selenium\selenium-chrome-driver\3.141.59\selenium-chrome-driver-3.141.59.jar;C:\Users\user\.m2\repository\org\seleniumhq\selenium\selenium-edge-driver\3.141.59\selenium-edge-driver-3.141.59.jar;C:\Users\user\.m2\repository\org\seleniumhq\selenium\selenium-firefox-driver\3.141.59\selenium-firefox-driver-3.141.59.jar;C:\Users\user\.m2\repository\org\seleniumhq\selenium\selenium-ie-driver\3.141.59\selenium-ie-driver-3.141.59.jar;C:\Users\user\.m2\repository\org\seleniumhq\selenium\selenium-opera-driver\3.141.59\selenium-opera-driver-3.141.59.jar;C:\Users\user\.m2\repository\org\seleniumhq\selenium\selenium-remote-driver\3.141.59\selenium-remote-driver-3.141.59.jar;C:\Users\user\.m2\repository\org\seleniumhq\selenium\selenium-safari-driver\3.141.59\selenium-safari-driver-3.141.59.jar;C:\Users\user\.m2\repository\org\seleniumhq\selenium\selenium-support\3.141.59\selenium-support-3.141.59.jar;C:\Users\user\.m2\repository\net\bytebuddy\byte-buddy\1.8.15\byte-buddy-1.8.15.jar;C:\Users\user\.m2\repository\org\apache\commons\commons-exec\1.3\commons-exec-1.3.jar;C:\Users\user\.m2\repository\com\google\guava\guava\25.0-jre\guava-25.0-jre.jar;C:\Users\user\.m2\repository\com\google\code\findbugs\jsr305\1.3.9\jsr305-1.3.9.jar;C:\Users\user\.m2\repository\org\checkerframework\checker-compat-qual\2.0.0\checker-compat-qual-2.0.0.jar;C:\Users\user\.m2\repository\com\google\errorprone\error_prone_annotations\2.1.3\error_prone_annotations-2.1.3.jar;C:\Users\user\.m2\repository\com\google\j2objc\j2objc-annotations\1.1\j2objc-annotations-1.1.jar;C:\Users\user\.m2\repository\org\codehaus\mojo\animal-sniffer-annotations\1.14\animal-sniffer-annotations-1.14.jar;C:\Users\user\.m2\repository\com\squareup\okhttp3\okhttp\3.11.0\okhttp-3.11.0.jar;C:\Users\user\.m2\repository\com\squareup\okio\okio\1.14.0\okio-1.14.0.jar;C:\Users\user\.m2\repository\io\github\bonigarcia\webdrivermanager\5.6.3\webdrivermanager-5.6.3.jar;C:\Users\user\.m2\repository\org\slf4j\slf4j-api\2.0.10\slf4j-api-2.0.10.jar;C:\Users\user\.m2\repository\com\google\code\gson\gson\2.10.1\gson-2.10.1.jar;C:\Users\user\.m2\repository\com\github\docker-java\docker-java\3.3.4\docker-java-3.3.4.jar;C:\Users\user\.m2\repository\com\github\docker-java\docker-java-core\3.3.4\docker-java-core-3.3.4.jar;C:\Users\user\.m2\repository\com\github\docker-java\docker-java-api\3.3.4\docker-java-api-3.3.4.jar;C:\Users\user\.m2\repository\com\fasterxml\jackson\core\jackson-annotations\2.10.3\jackson-annotations-2.10.3.jar;C:\Users\user\.m2\repository\commons-io\commons-io\2.13.0\commons-io-2.13.0.jar;C:\Users\user\.m2\repository\com\fasterxml\jackson\core\jackson-databind\2.10.3\jackson-databind-2.10.3.jar;C:\Users\user\.m2\repository\com\fasterxml\jackson\core\jackson-core\2.10.3\jackson-core-2.10.3.jar;C:\Users\user\.m2\repository\org\bouncycastle\bcpkix-jdk18on\1.76\bcpkix-jdk18on-1.76.jar;C:\Users\user\.m2\repository\org\bouncycastle\bcprov-jdk18on\1.76\bcprov-jdk18on-1.76.jar;C:\Users\user\.m2\repository\org\bouncycastle\bcutil-jdk18on\1.76\bcutil-jdk18on-1.76.jar;C:\Users\user\.m2\repository\org\slf4j\jcl-over-slf4j\1.7.30\jcl-over-slf4j-1.7.30.jar;C:\Users\user\.m2\repository\com\github\docker-java\docker-java-transport-httpclient5\3.3.4\docker-java-transport-httpclient5-3.3.4.jar;C:\Users\user\.m2\repository\com\github\docker-java\docker-java-transport\3.3.4\docker-java-transport-3.3.4.jar;C:\Users\user\.m2\repository\net\java\dev\jna\jna\5.13.0\jna-5.13.0.jar;C:\Users\user\.m2\repository\org\brotli\dec\0.1.2\dec-0.1.2.jar;C:\Users\user\.m2\repository\org\apache\commons\commons-lang3\3.14.0\commons-lang3-3.14.0.jar;C:\Users\user\.m2\repository\org\apache\commons\commons-compress\1.25.0\commons-compress-1.25.0.jar;C:\Users\user\.m2\repository\org\apache\httpcomponents\client5\httpclient5\5.2.1\httpclient5-5.2.1.jar;C:\Users\user\.m2\repository\org\apache\httpcomponents\core5\httpcore5\5.2\httpcore5-5.2.jar;C:\Users\user\.m2\repository\org\apache\httpcomponents\core5\httpcore5-h2\5.2\httpcore5-h2-5.2.jar;C:\Users\user\.m2\repository\log4j\log4j\1.2.17\log4j-1.2.17.jar;C:\Users\user\.m2\repository\com\aventstack\extentreports\3.1.2\extentreports-3.1.2.jar;C:\Users\user\.m2\repository\org\freemarker\freemarker\2.3.23\freemarker-2.3.23.jar;C:\Users\user\.m2\repository\org\mongodb\mongodb-driver\3.3.0\mongodb-driver-3.3.0.jar;C:\Users\user\.m2\repository\org\mongodb\bson\3.3.0\bson-3.3.0.jar;C:\Users\user\.m2\repository\org\mongodb\mongodb-driver-core\3.3.0\mongodb-driver-core-3.3.0.jar;C:\Users\user\.m2\repository\org\apache\httpcomponents\httpclient\4.5.2\httpclient-4.5.2.jar;C:\Users\user\.m2\repository\org\apache\httpcomponents\httpcore\4.4.4\httpcore-4.4.4.jar;C:\Users\user\.m2\repository\commons-logging\commons-logging\1.2\commons-logging-1.2.jar;C:\Users\user\.m2\repository\org\apache\httpcomponents\httpmime\4.5.2\httpmime-4.5.2.jar;C:\Users\user\.m2\repository\org\jsoup\jsoup\1.9.2\jsoup-1.9.2.jar;C:\Users\user\.m2\repository\org\apache\poi\poi\3.17\poi-3.17.jar;C:\Users\user\.m2\repository\commons-codec\commons-codec\1.10\commons-codec-1.10.jar;C:\Users\user\.m2\repository\org\apache\commons\commons-collections4\4.1\commons-collections4-4.1.jar;C:\Users\user\.m2\repository\org\apache\poi\poi-ooxml\3.17\poi-ooxml-3.17.jar;C:\Users\user\.m2\repository\org\apache\poi\poi-ooxml-schemas\3.17\poi-ooxml-schemas-3.17.jar;C:\Users\user\.m2\repository\org\apache\xmlbeans\xmlbeans\2.6.0\xmlbeans-2.6.0.jar;C:\Users\user\.m2\repository\stax\stax-api\1.0.1\stax-api-1.0.1.jar;C:\Users\user\.m2\repository\com\github\virtuald\curvesapi\1.04\curvesapi-1.04.jar;"/>
    <property name="java.vm.vendor" value="Oracle Corporation"/>
    <property name="sun.arch.data.model" value="64"/>
    <property name="user.variant" value=""/>
    <property name="java.vendor.url" value="https://openjdk.java.net/"/>
    <property name="user.timezone" value="America/New_York"/>
    <property name="java.vm.specification.version" value="11"/>
    <property name="os.name" value="Windows 10"/>
    <property name="sun.java.launcher" value="SUN_STANDARD"/>
    <property name="user.country" value="CA"/>
    <property name="sun.boot.library.path" value="C:\Program Files\Java\jdk-11.0.16\bin"/>
    <property name="sun.java.command" value="C:\Users\user\AppData\Local\Temp\surefire16310828025566734729\surefirebooter4653756762012121406.jar C:\Users\user\AppData\Local\Temp\surefire16310828025566734729 2024-03-17T14-55-56_118-jvmRun1 surefire2552006908350401449tmp surefire_02828588002085565399tmp"/>
    <property name="jdk.debug" value="release"/>
    <property name="surefire.test.class.path" value="C:\Users\user\eclipse-workspace\Interview10032024\target\test-classes;C:\Users\user\eclipse-workspace\Interview10032024\target\classes;C:\Users\user\.m2\repository\org\testng\testng\6.14.3\testng-6.14.3.jar;C:\Users\user\.m2\repository\com\beust\jcommander\1.72\jcommander-1.72.jar;C:\Users\user\.m2\repository\org\apache-extras\beanshell\bsh\2.0b6\bsh-2.0b6.jar;C:\Users\user\.m2\repository\org\seleniumhq\selenium\selenium-java\3.141.59\selenium-java-3.141.59.jar;C:\Users\user\.m2\repository\org\seleniumhq\selenium\selenium-api\3.141.59\selenium-api-3.141.59.jar;C:\Users\user\.m2\repository\org\seleniumhq\selenium\selenium-chrome-driver\3.141.59\selenium-chrome-driver-3.141.59.jar;C:\Users\user\.m2\repository\org\seleniumhq\selenium\selenium-edge-driver\3.141.59\selenium-edge-driver-3.141.59.jar;C:\Users\user\.m2\repository\org\seleniumhq\selenium\selenium-firefox-driver\3.141.59\selenium-firefox-driver-3.141.59.jar;C:\Users\user\.m2\repository\org\seleniumhq\selenium\selenium-ie-driver\3.141.59\selenium-ie-driver-3.141.59.jar;C:\Users\user\.m2\repository\org\seleniumhq\selenium\selenium-opera-driver\3.141.59\selenium-opera-driver-3.141.59.jar;C:\Users\user\.m2\repository\org\seleniumhq\selenium\selenium-remote-driver\3.141.59\selenium-remote-driver-3.141.59.jar;C:\Users\user\.m2\repository\org\seleniumhq\selenium\selenium-safari-driver\3.141.59\selenium-safari-driver-3.141.59.jar;C:\Users\user\.m2\repository\org\seleniumhq\selenium\selenium-support\3.141.59\selenium-support-3.141.59.jar;C:\Users\user\.m2\repository\net\bytebuddy\byte-buddy\1.8.15\byte-buddy-1.8.15.jar;C:\Users\user\.m2\repository\org\apache\commons\commons-exec\1.3\commons-exec-1.3.jar;C:\Users\user\.m2\repository\com\google\guava\guava\25.0-jre\guava-25.0-jre.jar;C:\Users\user\.m2\repository\com\google\code\findbugs\jsr305\1.3.9\jsr305-1.3.9.jar;C:\Users\user\.m2\repository\org\checkerframework\checker-compat-qual\2.0.0\checker-compat-qual-2.0.0.jar;C:\Users\user\.m2\repository\com\google\errorprone\error_prone_annotations\2.1.3\error_prone_annotations-2.1.3.jar;C:\Users\user\.m2\repository\com\google\j2objc\j2objc-annotations\1.1\j2objc-annotations-1.1.jar;C:\Users\user\.m2\repository\org\codehaus\mojo\animal-sniffer-annotations\1.14\animal-sniffer-annotations-1.14.jar;C:\Users\user\.m2\repository\com\squareup\okhttp3\okhttp\3.11.0\okhttp-3.11.0.jar;C:\Users\user\.m2\repository\com\squareup\okio\okio\1.14.0\okio-1.14.0.jar;C:\Users\user\.m2\repository\io\github\bonigarcia\webdrivermanager\5.6.3\webdrivermanager-5.6.3.jar;C:\Users\user\.m2\repository\org\slf4j\slf4j-api\2.0.10\slf4j-api-2.0.10.jar;C:\Users\user\.m2\repository\com\google\code\gson\gson\2.10.1\gson-2.10.1.jar;C:\Users\user\.m2\repository\com\github\docker-java\docker-java\3.3.4\docker-java-3.3.4.jar;C:\Users\user\.m2\repository\com\github\docker-java\docker-java-core\3.3.4\docker-java-core-3.3.4.jar;C:\Users\user\.m2\repository\com\github\docker-java\docker-java-api\3.3.4\docker-java-api-3.3.4.jar;C:\Users\user\.m2\repository\com\fasterxml\jackson\core\jackson-annotations\2.10.3\jackson-annotations-2.10.3.jar;C:\Users\user\.m2\repository\commons-io\commons-io\2.13.0\commons-io-2.13.0.jar;C:\Users\user\.m2\repository\com\fasterxml\jackson\core\jackson-databind\2.10.3\jackson-databind-2.10.3.jar;C:\Users\user\.m2\repository\com\fasterxml\jackson\core\jackson-core\2.10.3\jackson-core-2.10.3.jar;C:\Users\user\.m2\repository\org\bouncycastle\bcpkix-jdk18on\1.76\bcpkix-jdk18on-1.76.jar;C:\Users\user\.m2\repository\org\bouncycastle\bcprov-jdk18on\1.76\bcprov-jdk18on-1.76.jar;C:\Users\user\.m2\repository\org\bouncycastle\bcutil-jdk18on\1.76\bcutil-jdk18on-1.76.jar;C:\Users\user\.m2\repository\org\slf4j\jcl-over-slf4j\1.7.30\jcl-over-slf4j-1.7.30.jar;C:\Users\user\.m2\repository\com\github\docker-java\docker-java-transport-httpclient5\3.3.4\docker-java-transport-httpclient5-3.3.4.jar;C:\Users\user\.m2\repository\com\github\docker-java\docker-java-transport\3.3.4\docker-java-transport-3.3.4.jar;C:\Users\user\.m2\repository\net\java\dev\jna\jna\5.13.0\jna-5.13.0.jar;C:\Users\user\.m2\repository\org\brotli\dec\0.1.2\dec-0.1.2.jar;C:\Users\user\.m2\repository\org\apache\commons\commons-lang3\3.14.0\commons-lang3-3.14.0.jar;C:\Users\user\.m2\repository\org\apache\commons\commons-compress\1.25.0\commons-compress-1.25.0.jar;C:\Users\user\.m2\repository\org\apache\httpcomponents\client5\httpclient5\5.2.1\httpclient5-5.2.1.jar;C:\Users\user\.m2\repository\org\apache\httpcomponents\core5\httpcore5\5.2\httpcore5-5.2.jar;C:\Users\user\.m2\repository\org\apache\httpcomponents\core5\httpcore5-h2\5.2\httpcore5-h2-5.2.jar;C:\Users\user\.m2\repository\log4j\log4j\1.2.17\log4j-1.2.17.jar;C:\Users\user\.m2\repository\com\aventstack\extentreports\3.1.2\extentreports-3.1.2.jar;C:\Users\user\.m2\repository\org\freemarker\freemarker\2.3.23\freemarker-2.3.23.jar;C:\Users\user\.m2\repository\org\mongodb\mongodb-driver\3.3.0\mongodb-driver-3.3.0.jar;C:\Users\user\.m2\repository\org\mongodb\bson\3.3.0\bson-3.3.0.jar;C:\Users\user\.m2\repository\org\mongodb\mongodb-driver-core\3.3.0\mongodb-driver-core-3.3.0.jar;C:\Users\user\.m2\repository\org\apache\httpcomponents\httpclient\4.5.2\httpclient-4.5.2.jar;C:\Users\user\.m2\repository\org\apache\httpcomponents\httpcore\4.4.4\httpcore-4.4.4.jar;C:\Users\user\.m2\repository\commons-logging\commons-logging\1.2\commons-logging-1.2.jar;C:\Users\user\.m2\repository\org\apache\httpcomponents\httpmime\4.5.2\httpmime-4.5.2.jar;C:\Users\user\.m2\repository\org\jsoup\jsoup\1.9.2\jsoup-1.9.2.jar;C:\Users\user\.m2\repository\org\apache\poi\poi\3.17\poi-3.17.jar;C:\Users\user\.m2\repository\commons-codec\commons-codec\1.10\commons-codec-1.10.jar;C:\Users\user\.m2\repository\org\apache\commons\commons-collections4\4.1\commons-collections4-4.1.jar;C:\Users\user\.m2\repository\org\apache\poi\poi-ooxml\3.17\poi-ooxml-3.17.jar;C:\Users\user\.m2\repository\org\apache\poi\poi-ooxml-schemas\3.17\poi-ooxml-schemas-3.17.jar;C:\Users\user\.m2\repository\org\apache\xmlbeans\xmlbeans\2.6.0\xmlbeans-2.6.0.jar;C:\Users\user\.m2\repository\stax\stax-api\1.0.1\stax-api-1.0.1.jar;C:\Users\user\.m2\repository\com\github\virtuald\curvesapi\1.04\curvesapi-1.04.jar;"/>
    <property name="sun.cpu.endian" value="little"/>
    <property name="user.home" value="C:\Users\user"/>
    <property name="user.language" value="en"/>
    <property name="java.specification.vendor" value="Oracle Corporation"/>
    <property name="java.version.date" value="2022-07-19"/>
    <property name="java.home" value="C:\Program Files\Java\jdk-11.0.16"/>
    <property name="file.separator" value="\"/>
    <property name="basedir" value="C:\Users\user\eclipse-workspace\Interview10032024"/>
    <property name="java.vm.compressedOopsMode" value="32-bit"/>
    <property name="line.separator" value="&#10;"/>
    <property name="java.specification.name" value="Java Platform API Specification"/>
    <property name="java.vm.specification.vendor" value="Oracle Corporation"/>
    <property name="java.awt.graphicsenv" value="sun.awt.Win32GraphicsEnvironment"/>
    <property name="surefire.real.class.path" value="C:\Users\user\AppData\Local\Temp\surefire16310828025566734729\surefirebooter4653756762012121406.jar"/>
    <property name="user.script" value=""/>
    <property name="sun.management.compiler" value="HotSpot 64-Bit Tiered Compilers"/>
    <property name="java.runtime.version" value="11.0.16+11-LTS-199"/>
    <property name="user.name" value="user"/>
    <property name="path.separator" value=";"/>
    <property name="os.version" value="10.0"/>
    <property name="java.runtime.name" value="Java(TM) SE Runtime Environment"/>
    <property name="file.encoding" value="Cp1252"/>
    <property name="java.vm.name" value="Java HotSpot(TM) 64-Bit Server VM"/>
    <property name="java.vendor.version" value="18.9"/>
    <property name="localRepository" value="C:\Users\user\.m2\repository"/>
    <property name="java.vendor.url.bug" value="https://bugreport.java.com/bugreport/"/>
    <property name="java.io.tmpdir" value="C:\Users\user\AppData\Local\Temp\"/>
    <property name="java.version" value="11.0.16"/>
    <property name="user.dir" value="C:\Users\user\eclipse-workspace\Interview10032024"/>
    <property name="os.arch" value="amd64"/>
    <property name="java.vm.specification.name" value="Java Virtual Machine Specification"/>
    <property name="java.awt.printerjob" value="sun.awt.windows.WPrinterJob"/>
    <property name="sun.os.patch.level" value=""/>
    <property name="java.library.path" value="C:\Program Files\Java\jdk-11.0.16\bin;C:\Windows\Sun\Java\bin;C:\Windows\system32;C:\Windows;C:\Maven\apache-maven-3.9.6/bin;C:\Program Files\Java\jdk-11.0.16/bin;C:\Program Files\Java\jdk-11.0.16/bin;C:\Program Files\Common Files\Oracle\Java\javapath;C:\Windows\system32;C:\Windows;C:\Windows\System32\Wbem;C:\Windows\System32\WindowsPowerShell\v1.0\;C:\Windows\System32\OpenSSH\;C:\Program Files\Java\jdk-11.0.16\bin;C:\Program Files\Git\cmd;C:\Maven\apache-maven-3.9.6\bin;C:\Users\user\AppData\Local\Microsoft\WindowsApps;;."/>
    <property name="java.vendor" value="Oracle Corporation"/>
    <property name="java.vm.info" value="mixed mode"/>
    <property name="java.vm.version" value="11.0.16+11-LTS-199"/>
    <property name="sun.io.unicode.encoding" value="UnicodeLittle"/>
    <property name="java.class.version" value="55.0"/>
  </properties>
  <testcase name="validateAboutUsPageNavigation" classname="naveenautomation.tests.AboutUsPageTest" time="1"/>
  <testcase name="validateAccountRegister" classname="naveenautomation.tests.AccountSuccessPageTest" time="4.116"/>
  <testcase name="validateRecurringPaymentsPageNavigation" classname="naveenautomation.tests.RecurringPaymentsPageTest" time="2.846">
    <failure message="no such element: Unable to locate element: {&quot;method&quot;:&quot;css selector&quot;,&quot;selector&quot;:&quot;#content h1&quot;}&#10;  (Session info: MicrosoftEdge=122.0.2365.92)&#10;For documentation on this error, please visit: https://www.seleniumhq.org/exceptions/no_such_element.html&#10;Build info: version: &apos;3.141.59&apos;, revision: &apos;e82be7d358&apos;, time: &apos;2018-11-14T08:17:03&apos;&#10;System info: host: &apos;DESKTOP-EFV0BSI&apos;, ip: &apos;192.168.2.29&apos;, os.name: &apos;Windows 10&apos;, os.arch: &apos;amd64&apos;, os.version: &apos;10.0&apos;, java.version: &apos;11.0.16&apos;&#10;Driver info: org.openqa.selenium.edge.EdgeDriver&#10;Capabilities {acceptInsecureCerts: false, browserName: MicrosoftEdge, browserVersion: 122.0.2365.92, fedcm:accounts: true, javascriptEnabled: true, ms:edgeOptions: {debuggerAddress: localhost:50152}, msedge: {msedgedriverVersion: 122.0.2365.92 (908657ec17be..., userDataDir: C:\Users\user\AppData\Local...}, networkConnectionEnabled: false, pageLoadStrategy: normal, platform: WINDOWS, platformName: WINDOWS, proxy: Proxy(), setWindowRect: true, strictFileInteractability: false, timeouts: {implicit: 0, pageLoad: 300000, script: 30000}, unhandledPromptBehavior: dismiss and notify, webauthn:extension:credBlob: true, webauthn:extension:largeBlob: true, webauthn:extension:minPinLength: true, webauthn:extension:prf: true, webauthn:virtualAuthenticators: true}&#10;Session ID: d5e95327caa5de84a17190bea00b252c&#10;*** Element info: {Using=css selector, value=#content h1}" type="org.openqa.selenium.NoSuchElementException">org.openqa.selenium.NoSuchElementException: 
no such element: Unable to locate element: {"method":"css selector","selector":"#content h1"}
  (Session info: MicrosoftEdge=122.0.2365.92)
For documentation on this error, please visit: https://www.seleniumhq.org/exceptions/no_such_element.html
Build info: version: '3.141.59', revision: 'e82be7d358', time: '2018-11-14T08:17:03'
System info: host: 'DESKTOP-EFV0BSI', ip: '192.168.2.29', os.name: 'Windows 10', os.arch: 'amd64', os.version: '10.0', java.version: '11.0.16'
Driver info: org.openqa.selenium.edge.EdgeDriver
Capabilities {acceptInsecureCerts: false, browserName: MicrosoftEdge, browserVersion: 122.0.2365.92, fedcm:accounts: true, javascriptEnabled: true, ms:edgeOptions: {debuggerAddress: localhost:50152}, msedge: {msedgedriverVersion: 122.0.2365.92 (908657ec17be..., userDataDir: C:\Users\user\AppData\Local...}, networkConnectionEnabled: false, pageLoadStrategy: normal, platform: WINDOWS, platformName: WINDOWS, proxy: Proxy(), setWindowRect: true, strictFileInteractability: false, timeouts: {implicit: 0, pageLoad: 300000, script: 30000}, unhandledPromptBehavior: dismiss and notify, webauthn:extension:credBlob: true, webauthn:extension:largeBlob: true, webauthn:extension:minPinLength: true, webauthn:extension:prf: true, webauthn:virtualAuthenticators: true}
Session ID: d5e95327caa5de84a17190bea00b252c
*** Element info: {Using=css selector, value=#content h1}
	at naveenautomation.tests.RecurringPaymentsPageTest.validateRecurringPaymentsPageNavigation(RecurringPaymentsPageTest.java:32)
</failure>
    <system-out><![CDATA[2024-03-17 14:56:22 INFO  TestBase:63 - Launching Edge Browser
17756 [main] INFO com.naveenautomation.TestBases.TestBase  - Launching Edge Browser
2024-03-17 14:56:25 INFO  TestBase:40 - Loading Page in Browser
21072 [main] INFO com.naveenautomation.TestBases.TestBase  - Loading Page in Browser
2024-03-17 14:56:25 INFO  TestBase:35 - Navigating to URL : https://naveenautomationlabs.com/opencart/index.php?route=account/login
21072 [main] INFO com.naveenautomation.TestBases.TestBase  - Navigating to URL : https://naveenautomationlabs.com/opencart/index.php?route=account/login
2024-03-17 14:56:28 INFO  TestBase:41 - Navigated to URL : https://naveenautomationlabs.com/opencart/index.php?route=account/login
23635 [main] INFO com.naveenautomation.TestBases.TestBase  - Navigated to URL : https://naveenautomationlabs.com/opencart/index.php?route=account/login
2024-03-17 14:56:28 INFO  TestBase:49 - Entering Emaillijosh4@gmail.com
23637 [main] INFO com.naveenautomation.TestBases.TestBase  - Entering Emaillijosh4@gmail.com
2024-03-17 14:56:28 INFO  TestBase:77 - Finding element by : By.id: input-email
23637 [main] INFO com.naveenautomation.TestBases.TestBase  - Finding element by : By.id: input-email
2024-03-17 14:56:28 INFO  TestBase:83 - Found element by : By.id: input-email
23669 [main] INFO com.naveenautomation.TestBases.TestBase  - Found element by : By.id: input-email
2024-03-17 14:56:28 INFO  TestBase:77 - Finding element by : By.id: input-email
23720 [main] INFO com.naveenautomation.TestBases.TestBase  - Finding element by : By.id: input-email
2024-03-17 14:56:28 INFO  TestBase:83 - Found element by : By.id: input-email
23740 [main] INFO com.naveenautomation.TestBases.TestBase  - Found element by : By.id: input-email
2024-03-17 14:56:28 INFO  TestBase:54 - Entering Passwordpassword
23927 [main] INFO com.naveenautomation.TestBases.TestBase  - Entering Passwordpassword
2024-03-17 14:56:28 INFO  TestBase:77 - Finding element by : By.id: input-password
23928 [main] INFO com.naveenautomation.TestBases.TestBase  - Finding element by : By.id: input-password
2024-03-17 14:56:28 INFO  TestBase:83 - Found element by : By.id: input-password
23968 [main] INFO com.naveenautomation.TestBases.TestBase  - Found element by : By.id: input-password
2024-03-17 14:56:28 INFO  TestBase:77 - Finding element by : By.id: input-password
24001 [main] INFO com.naveenautomation.TestBases.TestBase  - Finding element by : By.id: input-password
2024-03-17 14:56:28 INFO  TestBase:83 - Found element by : By.id: input-password
24021 [main] INFO com.naveenautomation.TestBases.TestBase  - Found element by : By.id: input-password
2024-03-17 14:56:28 INFO  TestBase:59 - Clicking login button
24179 [main] INFO com.naveenautomation.TestBases.TestBase  - Clicking login button
2024-03-17 14:56:28 INFO  TestBase:77 - Finding element by : By.cssSelector: #content div>div form>input
24180 [main] INFO com.naveenautomation.TestBases.TestBase  - Finding element by : By.cssSelector: #content div>div form>input
2024-03-17 14:56:28 INFO  TestBase:83 - Found element by : By.cssSelector: #content div>div form>input
24201 [main] INFO com.naveenautomation.TestBases.TestBase  - Found element by : By.cssSelector: #content div>div form>input
2024-03-17 14:56:28 INFO  TestBase:77 - Finding element by : By.cssSelector: #content div>div form>input
24235 [main] INFO com.naveenautomation.TestBases.TestBase  - Finding element by : By.cssSelector: #content div>div form>input
2024-03-17 14:56:28 INFO  TestBase:83 - Found element by : By.cssSelector: #content div>div form>input
24257 [main] INFO com.naveenautomation.TestBases.TestBase  - Found element by : By.cssSelector: #content div>div form>input
2024-03-17 14:56:28 INFO  TestBase:77 - Finding element by : By.cssSelector: #content div>div form>input
24271 [main] INFO com.naveenautomation.TestBases.TestBase  - Finding element by : By.cssSelector: #content div>div form>input
2024-03-17 14:56:28 INFO  TestBase:83 - Found element by : By.cssSelector: #content div>div form>input
24287 [main] INFO com.naveenautomation.TestBases.TestBase  - Found element by : By.cssSelector: #content div>div form>input
2024-03-17 14:56:28 INFO  TestBase:89 - Clicking on element by : [[EdgeDriver: MicrosoftEdge on WINDOWS (d5e95327caa5de84a17190bea00b252c)] -> css selector: #content div>div form>input]
24288 [main] INFO com.naveenautomation.TestBases.TestBase  - Clicking on element by : [[EdgeDriver: MicrosoftEdge on WINDOWS (d5e95327caa5de84a17190bea00b252c)] -> css selector: #content div>div form>input]
2024-03-17 14:56:29 INFO  TestBase:77 - Finding element by : By.cssSelector: #content div>div form>input
24786 [main] INFO com.naveenautomation.TestBases.TestBase  - Finding element by : By.cssSelector: #content div>div form>input
2024-03-17 14:56:29 INFO  TestBase:83 - Found element by : By.cssSelector: #content div>div form>input
24811 [main] INFO com.naveenautomation.TestBases.TestBase  - Found element by : By.cssSelector: #content div>div form>input
2024-03-17 14:56:29 INFO  TestBase:89 - Clicking on element by : [[EdgeDriver: MicrosoftEdge on WINDOWS (d5e95327caa5de84a17190bea00b252c)] -> css selector: #content div>div form>input]
24812 [main] INFO com.naveenautomation.TestBases.TestBase  - Clicking on element by : [[EdgeDriver: MicrosoftEdge on WINDOWS (d5e95327caa5de84a17190bea00b252c)] -> css selector: #content div>div form>input]
2024-03-17 14:56:29 INFO  TestBase:77 - Finding element by : By.cssSelector: #column-right a
25311 [main] INFO com.naveenautomation.TestBases.TestBase  - Finding element by : By.cssSelector: #column-right a
2024-03-17 14:56:30 INFO  TestBase:83 - Found element by : By.cssSelector: #column-right a
25353 [main] INFO com.naveenautomation.TestBases.TestBase  - Found element by : By.cssSelector: #column-right a
2024-03-17 14:56:30 INFO  TestBase:148 - Getting text from element  : Login
25381 [main] INFO com.naveenautomation.TestBases.TestBase  - Getting text from element  : Login
2024-03-17 14:56:30 INFO  TestBase:154 - Geot text from element  : Login
25406 [main] INFO com.naveenautomation.TestBases.TestBase  - Geot text from element  : Login
2024-03-17 14:56:30 INFO  TestBase:148 - Getting text from element  : Register
25420 [main] INFO com.naveenautomation.TestBases.TestBase  - Getting text from element  : Register
2024-03-17 14:56:30 INFO  TestBase:154 - Geot text from element  : Register
25445 [main] INFO com.naveenautomation.TestBases.TestBase  - Geot text from element  : Register
2024-03-17 14:56:30 INFO  TestBase:148 - Getting text from element  : Forgotten Password
25456 [main] INFO com.naveenautomation.TestBases.TestBase  - Getting text from element  : Forgotten Password
2024-03-17 14:56:30 INFO  TestBase:154 - Geot text from element  : Forgotten Password
25481 [main] INFO com.naveenautomation.TestBases.TestBase  - Geot text from element  : Forgotten Password
2024-03-17 14:56:30 INFO  TestBase:148 - Getting text from element  : My Account
25492 [main] INFO com.naveenautomation.TestBases.TestBase  - Getting text from element  : My Account
2024-03-17 14:56:30 INFO  TestBase:154 - Geot text from element  : My Account
25514 [main] INFO com.naveenautomation.TestBases.TestBase  - Geot text from element  : My Account
2024-03-17 14:56:30 INFO  TestBase:148 - Getting text from element  : Address Book
25527 [main] INFO com.naveenautomation.TestBases.TestBase  - Getting text from element  : Address Book
2024-03-17 14:56:30 INFO  TestBase:154 - Geot text from element  : Address Book
25558 [main] INFO com.naveenautomation.TestBases.TestBase  - Geot text from element  : Address Book
2024-03-17 14:56:30 INFO  TestBase:148 - Getting text from element  : Wish List
25572 [main] INFO com.naveenautomation.TestBases.TestBase  - Getting text from element  : Wish List
2024-03-17 14:56:30 INFO  TestBase:154 - Geot text from element  : Wish List
25602 [main] INFO com.naveenautomation.TestBases.TestBase  - Geot text from element  : Wish List
2024-03-17 14:56:30 INFO  TestBase:148 - Getting text from element  : Order History
25615 [main] INFO com.naveenautomation.TestBases.TestBase  - Getting text from element  : Order History
2024-03-17 14:56:30 INFO  TestBase:154 - Geot text from element  : Order History
25640 [main] INFO com.naveenautomation.TestBases.TestBase  - Geot text from element  : Order History
2024-03-17 14:56:30 INFO  TestBase:148 - Getting text from element  : Downloads
25654 [main] INFO com.naveenautomation.TestBases.TestBase  - Getting text from element  : Downloads
2024-03-17 14:56:30 INFO  TestBase:154 - Geot text from element  : Downloads
25678 [main] INFO com.naveenautomation.TestBases.TestBase  - Geot text from element  : Downloads
2024-03-17 14:56:30 INFO  TestBase:148 - Getting text from element  : Recurring payments
25692 [main] INFO com.naveenautomation.TestBases.TestBase  - Getting text from element  : Recurring payments
2024-03-17 14:56:30 INFO  TestBase:154 - Geot text from element  : Recurring payments
25720 [main] INFO com.naveenautomation.TestBases.TestBase  - Geot text from element  : Recurring payments
2024-03-17 14:56:30 INFO  TestBase:89 - Clicking on element by : [[EdgeDriver: MicrosoftEdge on WINDOWS (d5e95327caa5de84a17190bea00b252c)] -> css selector: #column-right a]
25721 [main] INFO com.naveenautomation.TestBases.TestBase  - Clicking on element by : [[EdgeDriver: MicrosoftEdge on WINDOWS (d5e95327caa5de84a17190bea00b252c)] -> css selector: #column-right a]
2024-03-17 14:56:31 INFO  TestBase:77 - Finding element by : By.cssSelector: #content h1
26426 [main] INFO com.naveenautomation.TestBases.TestBase  - Finding element by : By.cssSelector: #content h1
]]></system-out>
    <system-err><![CDATA[Starting Microsoft Edge WebDriver 122.0.2365.92 (908657ec17be9ad27101d76cdae7448c824b705c) on port 47580
To submit feedback, report a bug, or suggest new features, please visit https://github.com/MicrosoftEdge/EdgeWebDriver

Only local connections are allowed.
Please see https://aka.ms/WebDriverSecurity for suggestions on keeping Microsoft Edge WebDriver safe.

Microsoft Edge WebDriver was started successfully.
Mar. 17, 2024 2:56:25 P.M. org.openqa.selenium.remote.ProtocolHandshake createSession
INFO: Detected dialect: W3C
]]></system-err>
  </testcase>
  <testcase name="validateInvalidDataLogin" classname="naveenautomation.tests.AccountLoginPageTest" time="1.792"/>
  <testcase name="validateUserCanAddNewAddress" classname="naveenautomation.tests.AddressBookPageTest" time="1.586">
    <failure message="no such element: Unable to locate element: {&quot;method&quot;:&quot;css selector&quot;,&quot;selector&quot;:&quot;#content div&gt;div form&gt;input&quot;}&#10;  (Session info: MicrosoftEdge=122.0.2365.92)&#10;For documentation on this error, please visit: https://www.seleniumhq.org/exceptions/no_such_element.html&#10;Build info: version: &apos;3.141.59&apos;, revision: &apos;e82be7d358&apos;, time: &apos;2018-11-14T08:17:03&apos;&#10;System info: host: &apos;DESKTOP-EFV0BSI&apos;, ip: &apos;192.168.2.29&apos;, os.name: &apos;Windows 10&apos;, os.arch: &apos;amd64&apos;, os.version: &apos;10.0&apos;, java.version: &apos;11.0.16&apos;&#10;Driver info: org.openqa.selenium.edge.EdgeDriver&#10;Capabilities {acceptInsecureCerts: false, browserName: MicrosoftEdge, browserVersion: 122.0.2365.92, fedcm:accounts: true, javascriptEnabled: true, ms:edgeOptions: {debuggerAddress: localhost:50218}, msedge: {msedgedriverVersion: 122.0.2365.92 (908657ec17be..., userDataDir: C:\Users\user\AppData\Local...}, networkConnectionEnabled: false, pageLoadStrategy: normal, platform: WINDOWS, platformName: WINDOWS, proxy: Proxy(), setWindowRect: true, strictFileInteractability: false, timeouts: {implicit: 0, pageLoad: 300000, script: 30000}, unhandledPromptBehavior: dismiss and notify, webauthn:extension:credBlob: true, webauthn:extension:largeBlob: true, webauthn:extension:minPinLength: true, webauthn:extension:prf: true, webauthn:virtualAuthenticators: true}&#10;Session ID: 19ace172dfb63f3fe99ad1cfff65468c&#10;*** Element info: {Using=css selector, value=#content div&gt;div form&gt;input}" type="org.openqa.selenium.NoSuchElementException">org.openqa.selenium.NoSuchElementException: 
no such element: Unable to locate element: {"method":"css selector","selector":"#content div>div form>input"}
  (Session info: MicrosoftEdge=122.0.2365.92)
For documentation on this error, please visit: https://www.seleniumhq.org/exceptions/no_such_element.html
Build info: version: '3.141.59', revision: 'e82be7d358', time: '2018-11-14T08:17:03'
System info: host: 'DESKTOP-EFV0BSI', ip: '192.168.2.29', os.name: 'Windows 10', os.arch: 'amd64', os.version: '10.0', java.version: '11.0.16'
Driver info: org.openqa.selenium.edge.EdgeDriver
Capabilities {acceptInsecureCerts: false, browserName: MicrosoftEdge, browserVersion: 122.0.2365.92, fedcm:accounts: true, javascriptEnabled: true, ms:edgeOptions: {debuggerAddress: localhost:50218}, msedge: {msedgedriverVersion: 122.0.2365.92 (908657ec17be..., userDataDir: C:\Users\user\AppData\Local...}, networkConnectionEnabled: false, pageLoadStrategy: normal, platform: WINDOWS, platformName: WINDOWS, proxy: Proxy(), setWindowRect: true, strictFileInteractability: false, timeouts: {implicit: 0, pageLoad: 300000, script: 30000}, unhandledPromptBehavior: dismiss and notify, webauthn:extension:credBlob: true, webauthn:extension:largeBlob: true, webauthn:extension:minPinLength: true, webauthn:extension:prf: true, webauthn:virtualAuthenticators: true}
Session ID: 19ace172dfb63f3fe99ad1cfff65468c
*** Element info: {Using=css selector, value=#content div>div form>input}
	at naveenautomation.tests.AddressBookPageTest.validateUserCanAddNewAddress(AddressBookPageTest.java:31)
</failure>
    <system-out><![CDATA[2024-03-17 14:56:38 INFO  TestBase:63 - Launching Edge Browser
34296 [main] INFO com.naveenautomation.TestBases.TestBase  - Launching Edge Browser
2024-03-17 14:56:41 INFO  TestBase:40 - Loading Page in Browser
37244 [main] INFO com.naveenautomation.TestBases.TestBase  - Loading Page in Browser
2024-03-17 14:56:41 INFO  TestBase:35 - Navigating to URL : https://naveenautomationlabs.com/opencart/index.php?route=account/login
37244 [main] INFO com.naveenautomation.TestBases.TestBase  - Navigating to URL : https://naveenautomationlabs.com/opencart/index.php?route=account/login
2024-03-17 14:56:44 INFO  TestBase:41 - Navigated to URL : https://naveenautomationlabs.com/opencart/index.php?route=account/login
39574 [main] INFO com.naveenautomation.TestBases.TestBase  - Navigated to URL : https://naveenautomationlabs.com/opencart/index.php?route=account/login
2024-03-17 14:56:44 INFO  TestBase:49 - Entering Emaillijosh5@gmail.com
39574 [main] INFO com.naveenautomation.TestBases.TestBase  - Entering Emaillijosh5@gmail.com
2024-03-17 14:56:44 INFO  TestBase:77 - Finding element by : By.id: input-email
39576 [main] INFO com.naveenautomation.TestBases.TestBase  - Finding element by : By.id: input-email
2024-03-17 14:56:44 INFO  TestBase:83 - Found element by : By.id: input-email
39604 [main] INFO com.naveenautomation.TestBases.TestBase  - Found element by : By.id: input-email
2024-03-17 14:56:44 INFO  TestBase:77 - Finding element by : By.id: input-email
39640 [main] INFO com.naveenautomation.TestBases.TestBase  - Finding element by : By.id: input-email
2024-03-17 14:56:44 INFO  TestBase:83 - Found element by : By.id: input-email
39663 [main] INFO com.naveenautomation.TestBases.TestBase  - Found element by : By.id: input-email
2024-03-17 14:56:44 INFO  TestBase:54 - Entering Passwordpassword
39861 [main] INFO com.naveenautomation.TestBases.TestBase  - Entering Passwordpassword
2024-03-17 14:56:44 INFO  TestBase:77 - Finding element by : By.id: input-password
39862 [main] INFO com.naveenautomation.TestBases.TestBase  - Finding element by : By.id: input-password
2024-03-17 14:56:44 INFO  TestBase:83 - Found element by : By.id: input-password
39921 [main] INFO com.naveenautomation.TestBases.TestBase  - Found element by : By.id: input-password
2024-03-17 14:56:44 INFO  TestBase:77 - Finding element by : By.id: input-password
39964 [main] INFO com.naveenautomation.TestBases.TestBase  - Finding element by : By.id: input-password
2024-03-17 14:56:44 INFO  TestBase:83 - Found element by : By.id: input-password
39990 [main] INFO com.naveenautomation.TestBases.TestBase  - Found element by : By.id: input-password
2024-03-17 14:56:44 INFO  TestBase:59 - Clicking login button
40216 [main] INFO com.naveenautomation.TestBases.TestBase  - Clicking login button
2024-03-17 14:56:44 INFO  TestBase:77 - Finding element by : By.cssSelector: #content div>div form>input
40217 [main] INFO com.naveenautomation.TestBases.TestBase  - Finding element by : By.cssSelector: #content div>div form>input
2024-03-17 14:56:44 INFO  TestBase:83 - Found element by : By.cssSelector: #content div>div form>input
40270 [main] INFO com.naveenautomation.TestBases.TestBase  - Found element by : By.cssSelector: #content div>div form>input
2024-03-17 14:56:44 INFO  TestBase:77 - Finding element by : By.cssSelector: #content div>div form>input
40306 [main] INFO com.naveenautomation.TestBases.TestBase  - Finding element by : By.cssSelector: #content div>div form>input
2024-03-17 14:56:45 INFO  TestBase:83 - Found element by : By.cssSelector: #content div>div form>input
40334 [main] INFO com.naveenautomation.TestBases.TestBase  - Found element by : By.cssSelector: #content div>div form>input
2024-03-17 14:56:45 INFO  TestBase:77 - Finding element by : By.cssSelector: #content div>div form>input
40347 [main] INFO com.naveenautomation.TestBases.TestBase  - Finding element by : By.cssSelector: #content div>div form>input
2024-03-17 14:56:45 INFO  TestBase:83 - Found element by : By.cssSelector: #content div>div form>input
40363 [main] INFO com.naveenautomation.TestBases.TestBase  - Found element by : By.cssSelector: #content div>div form>input
2024-03-17 14:56:45 INFO  TestBase:89 - Clicking on element by : [[EdgeDriver: MicrosoftEdge on WINDOWS (19ace172dfb63f3fe99ad1cfff65468c)] -> css selector: #content div>div form>input]
40364 [main] INFO com.naveenautomation.TestBases.TestBase  - Clicking on element by : [[EdgeDriver: MicrosoftEdge on WINDOWS (19ace172dfb63f3fe99ad1cfff65468c)] -> css selector: #content div>div form>input]
2024-03-17 14:56:45 INFO  TestBase:77 - Finding element by : By.cssSelector: #content div>div form>input
41131 [main] INFO com.naveenautomation.TestBases.TestBase  - Finding element by : By.cssSelector: #content div>div form>input
]]></system-out>
    <system-err><![CDATA[Starting Microsoft Edge WebDriver 122.0.2365.92 (908657ec17be9ad27101d76cdae7448c824b705c) on port 29844
To submit feedback, report a bug, or suggest new features, please visit https://github.com/MicrosoftEdge/EdgeWebDriver

Only local connections are allowed.
Please see https://aka.ms/WebDriverSecurity for suggestions on keeping Microsoft Edge WebDriver safe.

Microsoft Edge WebDriver was started successfully.
Mar. 17, 2024 2:56:41 P.M. org.openqa.selenium.remote.ProtocolHandshake createSession
INFO: Detected dialect: W3C
]]></system-err>
  </testcase>
  <testcase name="validatereturnPageNavigation" classname="naveenautomation.tests.ReturnPageTest" time="2.862">
    <failure message="no such element: Unable to locate element: {&quot;method&quot;:&quot;css selector&quot;,&quot;selector&quot;:&quot;#content h1&quot;}&#10;  (Session info: MicrosoftEdge=122.0.2365.92)&#10;For documentation on this error, please visit: https://www.seleniumhq.org/exceptions/no_such_element.html&#10;Build info: version: &apos;3.141.59&apos;, revision: &apos;e82be7d358&apos;, time: &apos;2018-11-14T08:17:03&apos;&#10;System info: host: &apos;DESKTOP-EFV0BSI&apos;, ip: &apos;192.168.2.29&apos;, os.name: &apos;Windows 10&apos;, os.arch: &apos;amd64&apos;, os.version: &apos;10.0&apos;, java.version: &apos;11.0.16&apos;&#10;Driver info: org.openqa.selenium.edge.EdgeDriver&#10;Capabilities {acceptInsecureCerts: false, browserName: MicrosoftEdge, browserVersion: 122.0.2365.92, fedcm:accounts: true, javascriptEnabled: true, ms:edgeOptions: {debuggerAddress: localhost:50252}, msedge: {msedgedriverVersion: 122.0.2365.92 (908657ec17be..., userDataDir: C:\Users\user\AppData\Local...}, networkConnectionEnabled: false, pageLoadStrategy: normal, platform: WINDOWS, platformName: WINDOWS, proxy: Proxy(), setWindowRect: true, strictFileInteractability: false, timeouts: {implicit: 0, pageLoad: 300000, script: 30000}, unhandledPromptBehavior: dismiss and notify, webauthn:extension:credBlob: true, webauthn:extension:largeBlob: true, webauthn:extension:minPinLength: true, webauthn:extension:prf: true, webauthn:virtualAuthenticators: true}&#10;Session ID: c44352a07acb47f3752e57104450754d&#10;*** Element info: {Using=css selector, value=#content h1}" type="org.openqa.selenium.NoSuchElementException">org.openqa.selenium.NoSuchElementException: 
no such element: Unable to locate element: {"method":"css selector","selector":"#content h1"}
  (Session info: MicrosoftEdge=122.0.2365.92)
For documentation on this error, please visit: https://www.seleniumhq.org/exceptions/no_such_element.html
Build info: version: '3.141.59', revision: 'e82be7d358', time: '2018-11-14T08:17:03'
System info: host: 'DESKTOP-EFV0BSI', ip: '192.168.2.29', os.name: 'Windows 10', os.arch: 'amd64', os.version: '10.0', java.version: '11.0.16'
Driver info: org.openqa.selenium.edge.EdgeDriver
Capabilities {acceptInsecureCerts: false, browserName: MicrosoftEdge, browserVersion: 122.0.2365.92, fedcm:accounts: true, javascriptEnabled: true, ms:edgeOptions: {debuggerAddress: localhost:50252}, msedge: {msedgedriverVersion: 122.0.2365.92 (908657ec17be..., userDataDir: C:\Users\user\AppData\Local...}, networkConnectionEnabled: false, pageLoadStrategy: normal, platform: WINDOWS, platformName: WINDOWS, proxy: Proxy(), setWindowRect: true, strictFileInteractability: false, timeouts: {implicit: 0, pageLoad: 300000, script: 30000}, unhandledPromptBehavior: dismiss and notify, webauthn:extension:credBlob: true, webauthn:extension:largeBlob: true, webauthn:extension:minPinLength: true, webauthn:extension:prf: true, webauthn:virtualAuthenticators: true}
Session ID: c44352a07acb47f3752e57104450754d
*** Element info: {Using=css selector, value=#content h1}
	at naveenautomation.tests.ReturnPageTest.validatereturnPageNavigation(ReturnPageTest.java:32)
</failure>
    <system-out><![CDATA[2024-03-17 14:56:46 INFO  TestBase:63 - Launching Edge Browser
41421 [main] INFO com.naveenautomation.TestBases.TestBase  - Launching Edge Browser
2024-03-17 14:56:49 INFO  TestBase:40 - Loading Page in Browser
44794 [main] INFO com.naveenautomation.TestBases.TestBase  - Loading Page in Browser
2024-03-17 14:56:49 INFO  TestBase:35 - Navigating to URL : https://naveenautomationlabs.com/opencart/index.php?route=account/login
44795 [main] INFO com.naveenautomation.TestBases.TestBase  - Navigating to URL : https://naveenautomationlabs.com/opencart/index.php?route=account/login
2024-03-17 14:56:52 INFO  TestBase:41 - Navigated to URL : https://naveenautomationlabs.com/opencart/index.php?route=account/login
47600 [main] INFO com.naveenautomation.TestBases.TestBase  - Navigated to URL : https://naveenautomationlabs.com/opencart/index.php?route=account/login
2024-03-17 14:56:52 INFO  TestBase:49 - Entering Emaillijosh4@gmail.com
47601 [main] INFO com.naveenautomation.TestBases.TestBase  - Entering Emaillijosh4@gmail.com
2024-03-17 14:56:52 INFO  TestBase:77 - Finding element by : By.id: input-email
47601 [main] INFO com.naveenautomation.TestBases.TestBase  - Finding element by : By.id: input-email
2024-03-17 14:56:52 INFO  TestBase:83 - Found element by : By.id: input-email
47630 [main] INFO com.naveenautomation.TestBases.TestBase  - Found element by : By.id: input-email
2024-03-17 14:56:52 INFO  TestBase:77 - Finding element by : By.id: input-email
47658 [main] INFO com.naveenautomation.TestBases.TestBase  - Finding element by : By.id: input-email
2024-03-17 14:56:52 INFO  TestBase:83 - Found element by : By.id: input-email
47682 [main] INFO com.naveenautomation.TestBases.TestBase  - Found element by : By.id: input-email
2024-03-17 14:56:52 INFO  TestBase:54 - Entering Passwordpassword
47864 [main] INFO com.naveenautomation.TestBases.TestBase  - Entering Passwordpassword
2024-03-17 14:56:52 INFO  TestBase:77 - Finding element by : By.id: input-password
47864 [main] INFO com.naveenautomation.TestBases.TestBase  - Finding element by : By.id: input-password
2024-03-17 14:56:52 INFO  TestBase:83 - Found element by : By.id: input-password
47893 [main] INFO com.naveenautomation.TestBases.TestBase  - Found element by : By.id: input-password
2024-03-17 14:56:52 INFO  TestBase:77 - Finding element by : By.id: input-password
47927 [main] INFO com.naveenautomation.TestBases.TestBase  - Finding element by : By.id: input-password
2024-03-17 14:56:52 INFO  TestBase:83 - Found element by : By.id: input-password
47946 [main] INFO com.naveenautomation.TestBases.TestBase  - Found element by : By.id: input-password
2024-03-17 14:56:52 INFO  TestBase:59 - Clicking login button
48058 [main] INFO com.naveenautomation.TestBases.TestBase  - Clicking login button
2024-03-17 14:56:52 INFO  TestBase:77 - Finding element by : By.cssSelector: #content div>div form>input
48060 [main] INFO com.naveenautomation.TestBases.TestBase  - Finding element by : By.cssSelector: #content div>div form>input
2024-03-17 14:56:52 INFO  TestBase:83 - Found element by : By.cssSelector: #content div>div form>input
48102 [main] INFO com.naveenautomation.TestBases.TestBase  - Found element by : By.cssSelector: #content div>div form>input
2024-03-17 14:56:52 INFO  TestBase:77 - Finding element by : By.cssSelector: #content div>div form>input
48154 [main] INFO com.naveenautomation.TestBases.TestBase  - Finding element by : By.cssSelector: #content div>div form>input
2024-03-17 14:56:52 INFO  TestBase:83 - Found element by : By.cssSelector: #content div>div form>input
48184 [main] INFO com.naveenautomation.TestBases.TestBase  - Found element by : By.cssSelector: #content div>div form>input
2024-03-17 14:56:52 INFO  TestBase:77 - Finding element by : By.cssSelector: #content div>div form>input
48197 [main] INFO com.naveenautomation.TestBases.TestBase  - Finding element by : By.cssSelector: #content div>div form>input
2024-03-17 14:56:52 INFO  TestBase:83 - Found element by : By.cssSelector: #content div>div form>input
48218 [main] INFO com.naveenautomation.TestBases.TestBase  - Found element by : By.cssSelector: #content div>div form>input
2024-03-17 14:56:52 INFO  TestBase:89 - Clicking on element by : [[EdgeDriver: MicrosoftEdge on WINDOWS (c44352a07acb47f3752e57104450754d)] -> css selector: #content div>div form>input]
48218 [main] INFO com.naveenautomation.TestBases.TestBase  - Clicking on element by : [[EdgeDriver: MicrosoftEdge on WINDOWS (c44352a07acb47f3752e57104450754d)] -> css selector: #content div>div form>input]
2024-03-17 14:56:53 INFO  TestBase:77 - Finding element by : By.cssSelector: #content div>div form>input
48771 [main] INFO com.naveenautomation.TestBases.TestBase  - Finding element by : By.cssSelector: #content div>div form>input
2024-03-17 14:56:53 INFO  TestBase:83 - Found element by : By.cssSelector: #content div>div form>input
48791 [main] INFO com.naveenautomation.TestBases.TestBase  - Found element by : By.cssSelector: #content div>div form>input
2024-03-17 14:56:53 INFO  TestBase:89 - Clicking on element by : [[EdgeDriver: MicrosoftEdge on WINDOWS (c44352a07acb47f3752e57104450754d)] -> css selector: #content div>div form>input]
48793 [main] INFO com.naveenautomation.TestBases.TestBase  - Clicking on element by : [[EdgeDriver: MicrosoftEdge on WINDOWS (c44352a07acb47f3752e57104450754d)] -> css selector: #content div>div form>input]
2024-03-17 14:56:53 INFO  TestBase:77 - Finding element by : By.cssSelector: #column-right a
49253 [main] INFO com.naveenautomation.TestBases.TestBase  - Finding element by : By.cssSelector: #column-right a
2024-03-17 14:56:53 INFO  TestBase:83 - Found element by : By.cssSelector: #column-right a
49285 [main] INFO com.naveenautomation.TestBases.TestBase  - Found element by : By.cssSelector: #column-right a
2024-03-17 14:56:53 INFO  TestBase:148 - Getting text from element  : Login
49305 [main] INFO com.naveenautomation.TestBases.TestBase  - Getting text from element  : Login
2024-03-17 14:56:54 INFO  TestBase:154 - Geot text from element  : Login
49328 [main] INFO com.naveenautomation.TestBases.TestBase  - Geot text from element  : Login
2024-03-17 14:56:54 INFO  TestBase:148 - Getting text from element  : Register
49339 [main] INFO com.naveenautomation.TestBases.TestBase  - Getting text from element  : Register
2024-03-17 14:56:54 INFO  TestBase:154 - Geot text from element  : Register
49361 [main] INFO com.naveenautomation.TestBases.TestBase  - Geot text from element  : Register
2024-03-17 14:56:54 INFO  TestBase:148 - Getting text from element  : Forgotten Password
49372 [main] INFO com.naveenautomation.TestBases.TestBase  - Getting text from element  : Forgotten Password
2024-03-17 14:56:54 INFO  TestBase:154 - Geot text from element  : Forgotten Password
49396 [main] INFO com.naveenautomation.TestBases.TestBase  - Geot text from element  : Forgotten Password
2024-03-17 14:56:54 INFO  TestBase:148 - Getting text from element  : My Account
49410 [main] INFO com.naveenautomation.TestBases.TestBase  - Getting text from element  : My Account
2024-03-17 14:56:54 INFO  TestBase:154 - Geot text from element  : My Account
49435 [main] INFO com.naveenautomation.TestBases.TestBase  - Geot text from element  : My Account
2024-03-17 14:56:54 INFO  TestBase:148 - Getting text from element  : Address Book
49448 [main] INFO com.naveenautomation.TestBases.TestBase  - Getting text from element  : Address Book
2024-03-17 14:56:54 INFO  TestBase:154 - Geot text from element  : Address Book
49478 [main] INFO com.naveenautomation.TestBases.TestBase  - Geot text from element  : Address Book
2024-03-17 14:56:54 INFO  TestBase:148 - Getting text from element  : Wish List
49493 [main] INFO com.naveenautomation.TestBases.TestBase  - Getting text from element  : Wish List
2024-03-17 14:56:54 INFO  TestBase:154 - Geot text from element  : Wish List
49527 [main] INFO com.naveenautomation.TestBases.TestBase  - Geot text from element  : Wish List
2024-03-17 14:56:54 INFO  TestBase:148 - Getting text from element  : Order History
49539 [main] INFO com.naveenautomation.TestBases.TestBase  - Getting text from element  : Order History
2024-03-17 14:56:54 INFO  TestBase:154 - Geot text from element  : Order History
49563 [main] INFO com.naveenautomation.TestBases.TestBase  - Geot text from element  : Order History
2024-03-17 14:56:54 INFO  TestBase:148 - Getting text from element  : Downloads
49577 [main] INFO com.naveenautomation.TestBases.TestBase  - Getting text from element  : Downloads
2024-03-17 14:56:54 INFO  TestBase:154 - Geot text from element  : Downloads
49600 [main] INFO com.naveenautomation.TestBases.TestBase  - Geot text from element  : Downloads
2024-03-17 14:56:54 INFO  TestBase:148 - Getting text from element  : Recurring payments
49614 [main] INFO com.naveenautomation.TestBases.TestBase  - Getting text from element  : Recurring payments
2024-03-17 14:56:54 INFO  TestBase:154 - Geot text from element  : Recurring payments
49641 [main] INFO com.naveenautomation.TestBases.TestBase  - Geot text from element  : Recurring payments
2024-03-17 14:56:54 INFO  TestBase:148 - Getting text from element  : Reward Points
49655 [main] INFO com.naveenautomation.TestBases.TestBase  - Getting text from element  : Reward Points
2024-03-17 14:56:54 INFO  TestBase:154 - Geot text from element  : Reward Points
49682 [main] INFO com.naveenautomation.TestBases.TestBase  - Geot text from element  : Reward Points
2024-03-17 14:56:54 INFO  TestBase:148 - Getting text from element  : Returns
49694 [main] INFO com.naveenautomation.TestBases.TestBase  - Getting text from element  : Returns
2024-03-17 14:56:54 INFO  TestBase:154 - Geot text from element  : Returns
49718 [main] INFO com.naveenautomation.TestBases.TestBase  - Geot text from element  : Returns
2024-03-17 14:56:54 INFO  TestBase:89 - Clicking on element by : [[EdgeDriver: MicrosoftEdge on WINDOWS (c44352a07acb47f3752e57104450754d)] -> css selector: #column-right a]
49719 [main] INFO com.naveenautomation.TestBases.TestBase  - Clicking on element by : [[EdgeDriver: MicrosoftEdge on WINDOWS (c44352a07acb47f3752e57104450754d)] -> css selector: #column-right a]
2024-03-17 14:56:55 INFO  TestBase:77 - Finding element by : By.cssSelector: #content h1
50434 [main] INFO com.naveenautomation.TestBases.TestBase  - Finding element by : By.cssSelector: #content h1
]]></system-out>
    <system-err><![CDATA[Starting Microsoft Edge WebDriver 122.0.2365.92 (908657ec17be9ad27101d76cdae7448c824b705c) on port 11476
To submit feedback, report a bug, or suggest new features, please visit https://github.com/MicrosoftEdge/EdgeWebDriver

Only local connections are allowed.
Please see https://aka.ms/WebDriverSecurity for suggestions on keeping Microsoft Edge WebDriver safe.

Microsoft Edge WebDriver was started successfully.
Mar. 17, 2024 2:56:49 P.M. org.openqa.selenium.remote.ProtocolHandshake createSession
INFO: Detected dialect: W3C
]]></system-err>
  </testcase>
  <testcase name="validateAccountLogout" classname="naveenautomation.tests.AccountLogoutPageTest" time="2.07">
    <failure message="Right side bar Item not found: Logout" type="java.lang.RuntimeException">java.lang.RuntimeException: Right side bar Item not found: Logout
	at naveenautomation.tests.AccountLogoutPageTest.validateAccountLogout(AccountLogoutPageTest.java:30)
</failure>
    <system-out><![CDATA[2024-03-17 14:56:55 INFO  TestBase:63 - Launching Edge Browser
50668 [main] INFO com.naveenautomation.TestBases.TestBase  - Launching Edge Browser
2024-03-17 14:56:58 INFO  TestBase:40 - Loading Page in Browser
53915 [main] INFO com.naveenautomation.TestBases.TestBase  - Loading Page in Browser
2024-03-17 14:56:58 INFO  TestBase:35 - Navigating to URL : https://naveenautomationlabs.com/opencart/index.php?route=account/login
53915 [main] INFO com.naveenautomation.TestBases.TestBase  - Navigating to URL : https://naveenautomationlabs.com/opencart/index.php?route=account/login
2024-03-17 14:57:01 INFO  TestBase:41 - Navigated to URL : https://naveenautomationlabs.com/opencart/index.php?route=account/login
56437 [main] INFO com.naveenautomation.TestBases.TestBase  - Navigated to URL : https://naveenautomationlabs.com/opencart/index.php?route=account/login
2024-03-17 14:57:01 INFO  TestBase:49 - Entering Emaillijosh4@gmail.com
56438 [main] INFO com.naveenautomation.TestBases.TestBase  - Entering Emaillijosh4@gmail.com
2024-03-17 14:57:01 INFO  TestBase:77 - Finding element by : By.id: input-email
56439 [main] INFO com.naveenautomation.TestBases.TestBase  - Finding element by : By.id: input-email
2024-03-17 14:57:01 INFO  TestBase:83 - Found element by : By.id: input-email
56469 [main] INFO com.naveenautomation.TestBases.TestBase  - Found element by : By.id: input-email
2024-03-17 14:57:01 INFO  TestBase:77 - Finding element by : By.id: input-email
56509 [main] INFO com.naveenautomation.TestBases.TestBase  - Finding element by : By.id: input-email
2024-03-17 14:57:01 INFO  TestBase:83 - Found element by : By.id: input-email
56529 [main] INFO com.naveenautomation.TestBases.TestBase  - Found element by : By.id: input-email
2024-03-17 14:57:01 INFO  TestBase:54 - Entering Passwordpassword
56699 [main] INFO com.naveenautomation.TestBases.TestBase  - Entering Passwordpassword
2024-03-17 14:57:01 INFO  TestBase:77 - Finding element by : By.id: input-password
56700 [main] INFO com.naveenautomation.TestBases.TestBase  - Finding element by : By.id: input-password
2024-03-17 14:57:01 INFO  TestBase:83 - Found element by : By.id: input-password
56747 [main] INFO com.naveenautomation.TestBases.TestBase  - Found element by : By.id: input-password
2024-03-17 14:57:01 INFO  TestBase:77 - Finding element by : By.id: input-password
56789 [main] INFO com.naveenautomation.TestBases.TestBase  - Finding element by : By.id: input-password
2024-03-17 14:57:01 INFO  TestBase:83 - Found element by : By.id: input-password
56806 [main] INFO com.naveenautomation.TestBases.TestBase  - Found element by : By.id: input-password
2024-03-17 14:57:01 INFO  TestBase:59 - Clicking login button
56916 [main] INFO com.naveenautomation.TestBases.TestBase  - Clicking login button
2024-03-17 14:57:01 INFO  TestBase:77 - Finding element by : By.cssSelector: #content div>div form>input
56917 [main] INFO com.naveenautomation.TestBases.TestBase  - Finding element by : By.cssSelector: #content div>div form>input
2024-03-17 14:57:01 INFO  TestBase:83 - Found element by : By.cssSelector: #content div>div form>input
56945 [main] INFO com.naveenautomation.TestBases.TestBase  - Found element by : By.cssSelector: #content div>div form>input
2024-03-17 14:57:01 INFO  TestBase:77 - Finding element by : By.cssSelector: #content div>div form>input
56977 [main] INFO com.naveenautomation.TestBases.TestBase  - Finding element by : By.cssSelector: #content div>div form>input
2024-03-17 14:57:01 INFO  TestBase:83 - Found element by : By.cssSelector: #content div>div form>input
57001 [main] INFO com.naveenautomation.TestBases.TestBase  - Found element by : By.cssSelector: #content div>div form>input
2024-03-17 14:57:01 INFO  TestBase:77 - Finding element by : By.cssSelector: #content div>div form>input
57015 [main] INFO com.naveenautomation.TestBases.TestBase  - Finding element by : By.cssSelector: #content div>div form>input
2024-03-17 14:57:01 INFO  TestBase:83 - Found element by : By.cssSelector: #content div>div form>input
57030 [main] INFO com.naveenautomation.TestBases.TestBase  - Found element by : By.cssSelector: #content div>div form>input
2024-03-17 14:57:01 INFO  TestBase:89 - Clicking on element by : [[EdgeDriver: MicrosoftEdge on WINDOWS (10afde9fcfd1f936b23ad6d8ae94701e)] -> css selector: #content div>div form>input]
57030 [main] INFO com.naveenautomation.TestBases.TestBase  - Clicking on element by : [[EdgeDriver: MicrosoftEdge on WINDOWS (10afde9fcfd1f936b23ad6d8ae94701e)] -> css selector: #content div>div form>input]
2024-03-17 14:57:02 INFO  TestBase:77 - Finding element by : By.cssSelector: #content div>div form>input
57551 [main] INFO com.naveenautomation.TestBases.TestBase  - Finding element by : By.cssSelector: #content div>div form>input
2024-03-17 14:57:02 INFO  TestBase:83 - Found element by : By.cssSelector: #content div>div form>input
57581 [main] INFO com.naveenautomation.TestBases.TestBase  - Found element by : By.cssSelector: #content div>div form>input
2024-03-17 14:57:02 INFO  TestBase:89 - Clicking on element by : [[EdgeDriver: MicrosoftEdge on WINDOWS (10afde9fcfd1f936b23ad6d8ae94701e)] -> css selector: #content div>div form>input]
57581 [main] INFO com.naveenautomation.TestBases.TestBase  - Clicking on element by : [[EdgeDriver: MicrosoftEdge on WINDOWS (10afde9fcfd1f936b23ad6d8ae94701e)] -> css selector: #content div>div form>input]
2024-03-17 14:57:02 INFO  TestBase:77 - Finding element by : By.cssSelector: #column-right a
58047 [main] INFO com.naveenautomation.TestBases.TestBase  - Finding element by : By.cssSelector: #column-right a
2024-03-17 14:57:02 INFO  TestBase:83 - Found element by : By.cssSelector: #column-right a
58077 [main] INFO com.naveenautomation.TestBases.TestBase  - Found element by : By.cssSelector: #column-right a
2024-03-17 14:57:02 INFO  TestBase:148 - Getting text from element  : Login
58096 [main] INFO com.naveenautomation.TestBases.TestBase  - Getting text from element  : Login
2024-03-17 14:57:02 INFO  TestBase:154 - Geot text from element  : Login
58117 [main] INFO com.naveenautomation.TestBases.TestBase  - Geot text from element  : Login
2024-03-17 14:57:02 INFO  TestBase:148 - Getting text from element  : Register
58130 [main] INFO com.naveenautomation.TestBases.TestBase  - Getting text from element  : Register
2024-03-17 14:57:02 INFO  TestBase:154 - Geot text from element  : Register
58151 [main] INFO com.naveenautomation.TestBases.TestBase  - Geot text from element  : Register
2024-03-17 14:57:02 INFO  TestBase:148 - Getting text from element  : Forgotten Password
58162 [main] INFO com.naveenautomation.TestBases.TestBase  - Getting text from element  : Forgotten Password
2024-03-17 14:57:02 INFO  TestBase:154 - Geot text from element  : Forgotten Password
58183 [main] INFO com.naveenautomation.TestBases.TestBase  - Geot text from element  : Forgotten Password
2024-03-17 14:57:02 INFO  TestBase:148 - Getting text from element  : My Account
58194 [main] INFO com.naveenautomation.TestBases.TestBase  - Getting text from element  : My Account
2024-03-17 14:57:02 INFO  TestBase:154 - Geot text from element  : My Account
58217 [main] INFO com.naveenautomation.TestBases.TestBase  - Geot text from element  : My Account
2024-03-17 14:57:02 INFO  TestBase:148 - Getting text from element  : Address Book
58229 [main] INFO com.naveenautomation.TestBases.TestBase  - Getting text from element  : Address Book
2024-03-17 14:57:02 INFO  TestBase:154 - Geot text from element  : Address Book
58250 [main] INFO com.naveenautomation.TestBases.TestBase  - Geot text from element  : Address Book
2024-03-17 14:57:02 INFO  TestBase:148 - Getting text from element  : Wish List
58261 [main] INFO com.naveenautomation.TestBases.TestBase  - Getting text from element  : Wish List
2024-03-17 14:57:02 INFO  TestBase:154 - Geot text from element  : Wish List
58283 [main] INFO com.naveenautomation.TestBases.TestBase  - Geot text from element  : Wish List
2024-03-17 14:57:02 INFO  TestBase:148 - Getting text from element  : Order History
58296 [main] INFO com.naveenautomation.TestBases.TestBase  - Getting text from element  : Order History
2024-03-17 14:57:03 INFO  TestBase:154 - Geot text from element  : Order History
58318 [main] INFO com.naveenautomation.TestBases.TestBase  - Geot text from element  : Order History
2024-03-17 14:57:03 INFO  TestBase:148 - Getting text from element  : Downloads
58330 [main] INFO com.naveenautomation.TestBases.TestBase  - Getting text from element  : Downloads
2024-03-17 14:57:03 INFO  TestBase:154 - Geot text from element  : Downloads
58350 [main] INFO com.naveenautomation.TestBases.TestBase  - Geot text from element  : Downloads
2024-03-17 14:57:03 INFO  TestBase:148 - Getting text from element  : Recurring payments
58361 [main] INFO com.naveenautomation.TestBases.TestBase  - Getting text from element  : Recurring payments
2024-03-17 14:57:03 INFO  TestBase:154 - Geot text from element  : Recurring payments
58382 [main] INFO com.naveenautomation.TestBases.TestBase  - Geot text from element  : Recurring payments
2024-03-17 14:57:03 INFO  TestBase:148 - Getting text from element  : Reward Points
58393 [main] INFO com.naveenautomation.TestBases.TestBase  - Getting text from element  : Reward Points
2024-03-17 14:57:03 INFO  TestBase:154 - Geot text from element  : Reward Points
58413 [main] INFO com.naveenautomation.TestBases.TestBase  - Geot text from element  : Reward Points
2024-03-17 14:57:03 INFO  TestBase:148 - Getting text from element  : Returns
58423 [main] INFO com.naveenautomation.TestBases.TestBase  - Getting text from element  : Returns
2024-03-17 14:57:03 INFO  TestBase:154 - Geot text from element  : Returns
58444 [main] INFO com.naveenautomation.TestBases.TestBase  - Geot text from element  : Returns
2024-03-17 14:57:03 INFO  TestBase:148 - Getting text from element  : Transactions
58454 [main] INFO com.naveenautomation.TestBases.TestBase  - Getting text from element  : Transactions
2024-03-17 14:57:03 INFO  TestBase:154 - Geot text from element  : Transactions
58475 [main] INFO com.naveenautomation.TestBases.TestBase  - Geot text from element  : Transactions
2024-03-17 14:57:03 INFO  TestBase:148 - Getting text from element  : Newsletter
58486 [main] INFO com.naveenautomation.TestBases.TestBase  - Getting text from element  : Newsletter
2024-03-17 14:57:03 INFO  TestBase:154 - Geot text from element  : Newsletter
58508 [main] INFO com.naveenautomation.TestBases.TestBase  - Geot text from element  : Newsletter
]]></system-out>
    <system-err><![CDATA[Starting Microsoft Edge WebDriver 122.0.2365.92 (908657ec17be9ad27101d76cdae7448c824b705c) on port 8160
To submit feedback, report a bug, or suggest new features, please visit https://github.com/MicrosoftEdge/EdgeWebDriver

Only local connections are allowed.
Please see https://aka.ms/WebDriverSecurity for suggestions on keeping Microsoft Edge WebDriver safe.

Microsoft Edge WebDriver was started successfully.
Mar. 17, 2024 2:56:58 P.M. org.openqa.selenium.remote.ProtocolHandshake createSession
INFO: Detected dialect: W3C
]]></system-err>
  </testcase>
  <testcase name="validateBrandsPageNavigation" classname="naveenautomation.tests.BrandsPageTest" time="0.758"/>
  <testcase name="validateRecurringPaymentsPageNavigation" classname="naveenautomation.tests.RewardPointsPageTest" time="2.755">
    <failure message="no such element: Unable to locate element: {&quot;method&quot;:&quot;css selector&quot;,&quot;selector&quot;:&quot;#content h1&quot;}&#10;  (Session info: MicrosoftEdge=122.0.2365.92)&#10;For documentation on this error, please visit: https://www.seleniumhq.org/exceptions/no_such_element.html&#10;Build info: version: &apos;3.141.59&apos;, revision: &apos;e82be7d358&apos;, time: &apos;2018-11-14T08:17:03&apos;&#10;System info: host: &apos;DESKTOP-EFV0BSI&apos;, ip: &apos;192.168.2.29&apos;, os.name: &apos;Windows 10&apos;, os.arch: &apos;amd64&apos;, os.version: &apos;10.0&apos;, java.version: &apos;11.0.16&apos;&#10;Driver info: org.openqa.selenium.edge.EdgeDriver&#10;Capabilities {acceptInsecureCerts: false, browserName: MicrosoftEdge, browserVersion: 122.0.2365.92, fedcm:accounts: true, javascriptEnabled: true, ms:edgeOptions: {debuggerAddress: localhost:50349}, msedge: {msedgedriverVersion: 122.0.2365.92 (908657ec17be..., userDataDir: C:\Users\user\AppData\Local...}, networkConnectionEnabled: false, pageLoadStrategy: normal, platform: WINDOWS, platformName: WINDOWS, proxy: Proxy(), setWindowRect: true, strictFileInteractability: false, timeouts: {implicit: 0, pageLoad: 300000, script: 30000}, unhandledPromptBehavior: dismiss and notify, webauthn:extension:credBlob: true, webauthn:extension:largeBlob: true, webauthn:extension:minPinLength: true, webauthn:extension:prf: true, webauthn:virtualAuthenticators: true}&#10;Session ID: dadcefdce74bf7485d066cd2bb7e20f1&#10;*** Element info: {Using=css selector, value=#content h1}" type="org.openqa.selenium.NoSuchElementException">org.openqa.selenium.NoSuchElementException: 
no such element: Unable to locate element: {"method":"css selector","selector":"#content h1"}
  (Session info: MicrosoftEdge=122.0.2365.92)
For documentation on this error, please visit: https://www.seleniumhq.org/exceptions/no_such_element.html
Build info: version: '3.141.59', revision: 'e82be7d358', time: '2018-11-14T08:17:03'
System info: host: 'DESKTOP-EFV0BSI', ip: '192.168.2.29', os.name: 'Windows 10', os.arch: 'amd64', os.version: '10.0', java.version: '11.0.16'
Driver info: org.openqa.selenium.edge.EdgeDriver
Capabilities {acceptInsecureCerts: false, browserName: MicrosoftEdge, browserVersion: 122.0.2365.92, fedcm:accounts: true, javascriptEnabled: true, ms:edgeOptions: {debuggerAddress: localhost:50349}, msedge: {msedgedriverVersion: 122.0.2365.92 (908657ec17be..., userDataDir: C:\Users\user\AppData\Local...}, networkConnectionEnabled: false, pageLoadStrategy: normal, platform: WINDOWS, platformName: WINDOWS, proxy: Proxy(), setWindowRect: true, strictFileInteractability: false, timeouts: {implicit: 0, pageLoad: 300000, script: 30000}, unhandledPromptBehavior: dismiss and notify, webauthn:extension:credBlob: true, webauthn:extension:largeBlob: true, webauthn:extension:minPinLength: true, webauthn:extension:prf: true, webauthn:virtualAuthenticators: true}
Session ID: dadcefdce74bf7485d066cd2bb7e20f1
*** Element info: {Using=css selector, value=#content h1}
	at naveenautomation.tests.RewardPointsPageTest.validateRecurringPaymentsPageNavigation(RewardPointsPageTest.java:32)
</failure>
    <system-out><![CDATA[2024-03-17 14:57:10 INFO  TestBase:63 - Launching Edge Browser
65413 [main] INFO com.naveenautomation.TestBases.TestBase  - Launching Edge Browser
2024-03-17 14:57:13 INFO  TestBase:40 - Loading Page in Browser
68396 [main] INFO com.naveenautomation.TestBases.TestBase  - Loading Page in Browser
2024-03-17 14:57:13 INFO  TestBase:35 - Navigating to URL : https://naveenautomationlabs.com/opencart/index.php?route=account/login
68396 [main] INFO com.naveenautomation.TestBases.TestBase  - Navigating to URL : https://naveenautomationlabs.com/opencart/index.php?route=account/login
2024-03-17 14:57:15 INFO  TestBase:41 - Navigated to URL : https://naveenautomationlabs.com/opencart/index.php?route=account/login
70956 [main] INFO com.naveenautomation.TestBases.TestBase  - Navigated to URL : https://naveenautomationlabs.com/opencart/index.php?route=account/login
2024-03-17 14:57:15 INFO  TestBase:49 - Entering Emaillijosh4@gmail.com
70959 [main] INFO com.naveenautomation.TestBases.TestBase  - Entering Emaillijosh4@gmail.com
2024-03-17 14:57:15 INFO  TestBase:77 - Finding element by : By.id: input-email
70959 [main] INFO com.naveenautomation.TestBases.TestBase  - Finding element by : By.id: input-email
2024-03-17 14:57:15 INFO  TestBase:83 - Found element by : By.id: input-email
70993 [main] INFO com.naveenautomation.TestBases.TestBase  - Found element by : By.id: input-email
2024-03-17 14:57:15 INFO  TestBase:77 - Finding element by : By.id: input-email
71036 [main] INFO com.naveenautomation.TestBases.TestBase  - Finding element by : By.id: input-email
2024-03-17 14:57:15 INFO  TestBase:83 - Found element by : By.id: input-email
71063 [main] INFO com.naveenautomation.TestBases.TestBase  - Found element by : By.id: input-email
2024-03-17 14:57:15 INFO  TestBase:54 - Entering Passwordpassword
71232 [main] INFO com.naveenautomation.TestBases.TestBase  - Entering Passwordpassword
2024-03-17 14:57:15 INFO  TestBase:77 - Finding element by : By.id: input-password
71232 [main] INFO com.naveenautomation.TestBases.TestBase  - Finding element by : By.id: input-password
2024-03-17 14:57:15 INFO  TestBase:83 - Found element by : By.id: input-password
71265 [main] INFO com.naveenautomation.TestBases.TestBase  - Found element by : By.id: input-password
2024-03-17 14:57:15 INFO  TestBase:77 - Finding element by : By.id: input-password
71300 [main] INFO com.naveenautomation.TestBases.TestBase  - Finding element by : By.id: input-password
2024-03-17 14:57:16 INFO  TestBase:83 - Found element by : By.id: input-password
71318 [main] INFO com.naveenautomation.TestBases.TestBase  - Found element by : By.id: input-password
2024-03-17 14:57:16 INFO  TestBase:59 - Clicking login button
71471 [main] INFO com.naveenautomation.TestBases.TestBase  - Clicking login button
2024-03-17 14:57:16 INFO  TestBase:77 - Finding element by : By.cssSelector: #content div>div form>input
71472 [main] INFO com.naveenautomation.TestBases.TestBase  - Finding element by : By.cssSelector: #content div>div form>input
2024-03-17 14:57:16 INFO  TestBase:83 - Found element by : By.cssSelector: #content div>div form>input
71513 [main] INFO com.naveenautomation.TestBases.TestBase  - Found element by : By.cssSelector: #content div>div form>input
2024-03-17 14:57:16 INFO  TestBase:77 - Finding element by : By.cssSelector: #content div>div form>input
71545 [main] INFO com.naveenautomation.TestBases.TestBase  - Finding element by : By.cssSelector: #content div>div form>input
2024-03-17 14:57:16 INFO  TestBase:83 - Found element by : By.cssSelector: #content div>div form>input
71573 [main] INFO com.naveenautomation.TestBases.TestBase  - Found element by : By.cssSelector: #content div>div form>input
2024-03-17 14:57:16 INFO  TestBase:77 - Finding element by : By.cssSelector: #content div>div form>input
71586 [main] INFO com.naveenautomation.TestBases.TestBase  - Finding element by : By.cssSelector: #content div>div form>input
2024-03-17 14:57:16 INFO  TestBase:83 - Found element by : By.cssSelector: #content div>div form>input
71604 [main] INFO com.naveenautomation.TestBases.TestBase  - Found element by : By.cssSelector: #content div>div form>input
2024-03-17 14:57:16 INFO  TestBase:89 - Clicking on element by : [[EdgeDriver: MicrosoftEdge on WINDOWS (dadcefdce74bf7485d066cd2bb7e20f1)] -> css selector: #content div>div form>input]
71604 [main] INFO com.naveenautomation.TestBases.TestBase  - Clicking on element by : [[EdgeDriver: MicrosoftEdge on WINDOWS (dadcefdce74bf7485d066cd2bb7e20f1)] -> css selector: #content div>div form>input]
2024-03-17 14:57:16 INFO  TestBase:77 - Finding element by : By.cssSelector: #content div>div form>input
72089 [main] INFO com.naveenautomation.TestBases.TestBase  - Finding element by : By.cssSelector: #content div>div form>input
2024-03-17 14:57:16 INFO  TestBase:83 - Found element by : By.cssSelector: #content div>div form>input
72113 [main] INFO com.naveenautomation.TestBases.TestBase  - Found element by : By.cssSelector: #content div>div form>input
2024-03-17 14:57:16 INFO  TestBase:89 - Clicking on element by : [[EdgeDriver: MicrosoftEdge on WINDOWS (dadcefdce74bf7485d066cd2bb7e20f1)] -> css selector: #content div>div form>input]
72114 [main] INFO com.naveenautomation.TestBases.TestBase  - Clicking on element by : [[EdgeDriver: MicrosoftEdge on WINDOWS (dadcefdce74bf7485d066cd2bb7e20f1)] -> css selector: #content div>div form>input]
2024-03-17 14:57:17 INFO  TestBase:77 - Finding element by : By.cssSelector: #column-right a
72567 [main] INFO com.naveenautomation.TestBases.TestBase  - Finding element by : By.cssSelector: #column-right a
2024-03-17 14:57:17 INFO  TestBase:83 - Found element by : By.cssSelector: #column-right a
72598 [main] INFO com.naveenautomation.TestBases.TestBase  - Found element by : By.cssSelector: #column-right a
2024-03-17 14:57:17 INFO  TestBase:148 - Getting text from element  : Login
72620 [main] INFO com.naveenautomation.TestBases.TestBase  - Getting text from element  : Login
2024-03-17 14:57:17 INFO  TestBase:154 - Geot text from element  : Login
72645 [main] INFO com.naveenautomation.TestBases.TestBase  - Geot text from element  : Login
2024-03-17 14:57:17 INFO  TestBase:148 - Getting text from element  : Register
72654 [main] INFO com.naveenautomation.TestBases.TestBase  - Getting text from element  : Register
2024-03-17 14:57:17 INFO  TestBase:154 - Geot text from element  : Register
72679 [main] INFO com.naveenautomation.TestBases.TestBase  - Geot text from element  : Register
2024-03-17 14:57:17 INFO  TestBase:148 - Getting text from element  : Forgotten Password
72689 [main] INFO com.naveenautomation.TestBases.TestBase  - Getting text from element  : Forgotten Password
2024-03-17 14:57:17 INFO  TestBase:154 - Geot text from element  : Forgotten Password
72714 [main] INFO com.naveenautomation.TestBases.TestBase  - Geot text from element  : Forgotten Password
2024-03-17 14:57:17 INFO  TestBase:148 - Getting text from element  : My Account
72726 [main] INFO com.naveenautomation.TestBases.TestBase  - Getting text from element  : My Account
2024-03-17 14:57:17 INFO  TestBase:154 - Geot text from element  : My Account
72753 [main] INFO com.naveenautomation.TestBases.TestBase  - Geot text from element  : My Account
2024-03-17 14:57:17 INFO  TestBase:148 - Getting text from element  : Address Book
72764 [main] INFO com.naveenautomation.TestBases.TestBase  - Getting text from element  : Address Book
2024-03-17 14:57:17 INFO  TestBase:154 - Geot text from element  : Address Book
72785 [main] INFO com.naveenautomation.TestBases.TestBase  - Geot text from element  : Address Book
2024-03-17 14:57:17 INFO  TestBase:148 - Getting text from element  : Wish List
72795 [main] INFO com.naveenautomation.TestBases.TestBase  - Getting text from element  : Wish List
2024-03-17 14:57:17 INFO  TestBase:154 - Geot text from element  : Wish List
72818 [main] INFO com.naveenautomation.TestBases.TestBase  - Geot text from element  : Wish List
2024-03-17 14:57:17 INFO  TestBase:148 - Getting text from element  : Order History
72828 [main] INFO com.naveenautomation.TestBases.TestBase  - Getting text from element  : Order History
2024-03-17 14:57:17 INFO  TestBase:154 - Geot text from element  : Order History
72849 [main] INFO com.naveenautomation.TestBases.TestBase  - Geot text from element  : Order History
2024-03-17 14:57:17 INFO  TestBase:148 - Getting text from element  : Downloads
72860 [main] INFO com.naveenautomation.TestBases.TestBase  - Getting text from element  : Downloads
2024-03-17 14:57:17 INFO  TestBase:154 - Geot text from element  : Downloads
72880 [main] INFO com.naveenautomation.TestBases.TestBase  - Geot text from element  : Downloads
2024-03-17 14:57:17 INFO  TestBase:148 - Getting text from element  : Recurring payments
72890 [main] INFO com.naveenautomation.TestBases.TestBase  - Getting text from element  : Recurring payments
2024-03-17 14:57:17 INFO  TestBase:154 - Geot text from element  : Recurring payments
72912 [main] INFO com.naveenautomation.TestBases.TestBase  - Geot text from element  : Recurring payments
2024-03-17 14:57:17 INFO  TestBase:148 - Getting text from element  : Reward Points
72922 [main] INFO com.naveenautomation.TestBases.TestBase  - Getting text from element  : Reward Points
2024-03-17 14:57:17 INFO  TestBase:154 - Geot text from element  : Reward Points
72946 [main] INFO com.naveenautomation.TestBases.TestBase  - Geot text from element  : Reward Points
2024-03-17 14:57:17 INFO  TestBase:89 - Clicking on element by : [[EdgeDriver: MicrosoftEdge on WINDOWS (dadcefdce74bf7485d066cd2bb7e20f1)] -> css selector: #column-right a]
72946 [main] INFO com.naveenautomation.TestBases.TestBase  - Clicking on element by : [[EdgeDriver: MicrosoftEdge on WINDOWS (dadcefdce74bf7485d066cd2bb7e20f1)] -> css selector: #column-right a]
2024-03-17 14:57:18 INFO  TestBase:77 - Finding element by : By.cssSelector: #content h1
73686 [main] INFO com.naveenautomation.TestBases.TestBase  - Finding element by : By.cssSelector: #content h1
]]></system-out>
    <system-err><![CDATA[[1710701829.956][SEVERE]: Unable to receive message from renderer
Starting Microsoft Edge WebDriver 122.0.2365.92 (908657ec17be9ad27101d76cdae7448c824b705c) on port 23506
To submit feedback, report a bug, or suggest new features, please visit https://github.com/MicrosoftEdge/EdgeWebDriver

Only local connections are allowed.
Please see https://aka.ms/WebDriverSecurity for suggestions on keeping Microsoft Edge WebDriver safe.

Microsoft Edge WebDriver was started successfully.
Mar. 17, 2024 2:57:12 P.M. org.openqa.selenium.remote.ProtocolHandshake createSession
INFO: Detected dialect: W3C
]]></system-err>
  </testcase>
  <testcase name="verifyCartPageNavigation" classname="naveenautomation.tests.CartPageTest" time="18.305">
    <failure message="Expected condition failed: waiting for element to be clickable: Proxy element for: DefaultElementLocator &apos;By.cssSelector: .row #cart .dropdown-menu p a:first-of-type&apos; (tried for 15 second(s) with 500 milliseconds interval)" type="org.openqa.selenium.TimeoutException">org.openqa.selenium.TimeoutException: Expected condition failed: waiting for element to be clickable: Proxy element for: DefaultElementLocator 'By.cssSelector: .row #cart .dropdown-menu p a:first-of-type' (tried for 15 second(s) with 500 milliseconds interval)
	at naveenautomation.tests.CartPageTest.verifyCartPageNavigation(CartPageTest.java:30)
Caused by: org.openqa.selenium.NoSuchElementException: 
no such element: Unable to locate element: {"method":"css selector","selector":".row #cart .dropdown-menu p a:first-of-type"}
  (Session info: MicrosoftEdge=122.0.2365.92)
For documentation on this error, please visit: https://www.seleniumhq.org/exceptions/no_such_element.html
Build info: version: '3.141.59', revision: 'e82be7d358', time: '2018-11-14T08:17:03'
System info: host: 'DESKTOP-EFV0BSI', ip: '192.168.2.29', os.name: 'Windows 10', os.arch: 'amd64', os.version: '10.0', java.version: '11.0.16'
Driver info: org.openqa.selenium.edge.EdgeDriver
Capabilities {acceptInsecureCerts: false, browserName: MicrosoftEdge, browserVersion: 122.0.2365.92, fedcm:accounts: true, javascriptEnabled: true, ms:edgeOptions: {debuggerAddress: localhost:50382}, msedge: {msedgedriverVersion: 122.0.2365.92 (908657ec17be..., userDataDir: C:\Users\user\AppData\Local...}, networkConnectionEnabled: false, pageLoadStrategy: normal, platform: WINDOWS, platformName: WINDOWS, proxy: Proxy(), setWindowRect: true, strictFileInteractability: false, timeouts: {implicit: 0, pageLoad: 300000, script: 30000}, unhandledPromptBehavior: dismiss and notify, webauthn:extension:credBlob: true, webauthn:extension:largeBlob: true, webauthn:extension:minPinLength: true, webauthn:extension:prf: true, webauthn:virtualAuthenticators: true}
Session ID: 6490c4dd53964607870b34f8f0320da2
*** Element info: {Using=css selector, value=.row #cart .dropdown-menu p a:first-of-type}
	at naveenautomation.tests.CartPageTest.verifyCartPageNavigation(CartPageTest.java:30)
</failure>
    <system-out><![CDATA[2024-03-17 14:57:18 INFO  TestBase:63 - Launching Edge Browser
73887 [main] INFO com.naveenautomation.TestBases.TestBase  - Launching Edge Browser
2024-03-17 14:57:21 INFO  TestBase:40 - Loading Page in Browser
77185 [main] INFO com.naveenautomation.TestBases.TestBase  - Loading Page in Browser
2024-03-17 14:57:21 INFO  TestBase:35 - Navigating to URL : https://naveenautomationlabs.com/opencart/index.php?route=account/login
77186 [main] INFO com.naveenautomation.TestBases.TestBase  - Navigating to URL : https://naveenautomationlabs.com/opencart/index.php?route=account/login
2024-03-17 14:57:24 INFO  TestBase:41 - Navigated to URL : https://naveenautomationlabs.com/opencart/index.php?route=account/login
79720 [main] INFO com.naveenautomation.TestBases.TestBase  - Navigated to URL : https://naveenautomationlabs.com/opencart/index.php?route=account/login
2024-03-17 14:57:24 INFO  TestBase:49 - Entering Emaillijosh4@gmail.com
79721 [main] INFO com.naveenautomation.TestBases.TestBase  - Entering Emaillijosh4@gmail.com
2024-03-17 14:57:24 INFO  TestBase:77 - Finding element by : By.id: input-email
79722 [main] INFO com.naveenautomation.TestBases.TestBase  - Finding element by : By.id: input-email
2024-03-17 14:57:24 INFO  TestBase:83 - Found element by : By.id: input-email
79763 [main] INFO com.naveenautomation.TestBases.TestBase  - Found element by : By.id: input-email
2024-03-17 14:57:24 INFO  TestBase:77 - Finding element by : By.id: input-email
79808 [main] INFO com.naveenautomation.TestBases.TestBase  - Finding element by : By.id: input-email
2024-03-17 14:57:24 INFO  TestBase:83 - Found element by : By.id: input-email
79829 [main] INFO com.naveenautomation.TestBases.TestBase  - Found element by : By.id: input-email
2024-03-17 14:57:24 INFO  TestBase:54 - Entering Passwordpassword
80001 [main] INFO com.naveenautomation.TestBases.TestBase  - Entering Passwordpassword
2024-03-17 14:57:24 INFO  TestBase:77 - Finding element by : By.id: input-password
80001 [main] INFO com.naveenautomation.TestBases.TestBase  - Finding element by : By.id: input-password
2024-03-17 14:57:24 INFO  TestBase:83 - Found element by : By.id: input-password
80030 [main] INFO com.naveenautomation.TestBases.TestBase  - Found element by : By.id: input-password
2024-03-17 14:57:24 INFO  TestBase:77 - Finding element by : By.id: input-password
80070 [main] INFO com.naveenautomation.TestBases.TestBase  - Finding element by : By.id: input-password
2024-03-17 14:57:24 INFO  TestBase:83 - Found element by : By.id: input-password
80096 [main] INFO com.naveenautomation.TestBases.TestBase  - Found element by : By.id: input-password
2024-03-17 14:57:24 INFO  TestBase:59 - Clicking login button
80256 [main] INFO com.naveenautomation.TestBases.TestBase  - Clicking login button
2024-03-17 14:57:24 INFO  TestBase:77 - Finding element by : By.cssSelector: #content div>div form>input
80256 [main] INFO com.naveenautomation.TestBases.TestBase  - Finding element by : By.cssSelector: #content div>div form>input
2024-03-17 14:57:24 INFO  TestBase:83 - Found element by : By.cssSelector: #content div>div form>input
80295 [main] INFO com.naveenautomation.TestBases.TestBase  - Found element by : By.cssSelector: #content div>div form>input
2024-03-17 14:57:25 INFO  TestBase:77 - Finding element by : By.cssSelector: #content div>div form>input
80331 [main] INFO com.naveenautomation.TestBases.TestBase  - Finding element by : By.cssSelector: #content div>div form>input
2024-03-17 14:57:25 INFO  TestBase:83 - Found element by : By.cssSelector: #content div>div form>input
80356 [main] INFO com.naveenautomation.TestBases.TestBase  - Found element by : By.cssSelector: #content div>div form>input
2024-03-17 14:57:25 INFO  TestBase:77 - Finding element by : By.cssSelector: #content div>div form>input
80369 [main] INFO com.naveenautomation.TestBases.TestBase  - Finding element by : By.cssSelector: #content div>div form>input
2024-03-17 14:57:25 INFO  TestBase:83 - Found element by : By.cssSelector: #content div>div form>input
80388 [main] INFO com.naveenautomation.TestBases.TestBase  - Found element by : By.cssSelector: #content div>div form>input
2024-03-17 14:57:25 INFO  TestBase:89 - Clicking on element by : [[EdgeDriver: MicrosoftEdge on WINDOWS (6490c4dd53964607870b34f8f0320da2)] -> css selector: #content div>div form>input]
80388 [main] INFO com.naveenautomation.TestBases.TestBase  - Clicking on element by : [[EdgeDriver: MicrosoftEdge on WINDOWS (6490c4dd53964607870b34f8f0320da2)] -> css selector: #content div>div form>input]
2024-03-17 14:57:25 INFO  TestBase:77 - Finding element by : By.cssSelector: #content div>div form>input
80886 [main] INFO com.naveenautomation.TestBases.TestBase  - Finding element by : By.cssSelector: #content div>div form>input
2024-03-17 14:57:25 INFO  TestBase:83 - Found element by : By.cssSelector: #content div>div form>input
80916 [main] INFO com.naveenautomation.TestBases.TestBase  - Found element by : By.cssSelector: #content div>div form>input
2024-03-17 14:57:25 INFO  TestBase:89 - Clicking on element by : [[EdgeDriver: MicrosoftEdge on WINDOWS (6490c4dd53964607870b34f8f0320da2)] -> css selector: #content div>div form>input]
80917 [main] INFO com.naveenautomation.TestBases.TestBase  - Clicking on element by : [[EdgeDriver: MicrosoftEdge on WINDOWS (6490c4dd53964607870b34f8f0320da2)] -> css selector: #content div>div form>input]
2024-03-17 14:57:26 INFO  TestBase:77 - Finding element by : By.cssSelector: #logo img
81362 [main] INFO com.naveenautomation.TestBases.TestBase  - Finding element by : By.cssSelector: #logo img
2024-03-17 14:57:26 INFO  TestBase:83 - Found element by : By.cssSelector: #logo img
81386 [main] INFO com.naveenautomation.TestBases.TestBase  - Found element by : By.cssSelector: #logo img
2024-03-17 14:57:26 INFO  TestBase:77 - Finding element by : By.cssSelector: #logo img
81412 [main] INFO com.naveenautomation.TestBases.TestBase  - Finding element by : By.cssSelector: #logo img
2024-03-17 14:57:26 INFO  TestBase:83 - Found element by : By.cssSelector: #logo img
81439 [main] INFO com.naveenautomation.TestBases.TestBase  - Found element by : By.cssSelector: #logo img
2024-03-17 14:57:26 INFO  TestBase:77 - Finding element by : By.cssSelector: #logo img
81451 [main] INFO com.naveenautomation.TestBases.TestBase  - Finding element by : By.cssSelector: #logo img
2024-03-17 14:57:26 INFO  TestBase:83 - Found element by : By.cssSelector: #logo img
81468 [main] INFO com.naveenautomation.TestBases.TestBase  - Found element by : By.cssSelector: #logo img
2024-03-17 14:57:26 INFO  TestBase:89 - Clicking on element by : [[EdgeDriver: MicrosoftEdge on WINDOWS (6490c4dd53964607870b34f8f0320da2)] -> css selector: #logo img]
81469 [main] INFO com.naveenautomation.TestBases.TestBase  - Clicking on element by : [[EdgeDriver: MicrosoftEdge on WINDOWS (6490c4dd53964607870b34f8f0320da2)] -> css selector: #logo img]
2024-03-17 14:57:27 INFO  TestBase:77 - Finding element by : By.cssSelector: .row #cart
82607 [main] INFO com.naveenautomation.TestBases.TestBase  - Finding element by : By.cssSelector: .row #cart
2024-03-17 14:57:27 INFO  TestBase:83 - Found element by : By.cssSelector: .row #cart
82638 [main] INFO com.naveenautomation.TestBases.TestBase  - Found element by : By.cssSelector: .row #cart
2024-03-17 14:57:27 INFO  TestBase:77 - Finding element by : By.cssSelector: .row #cart
82666 [main] INFO com.naveenautomation.TestBases.TestBase  - Finding element by : By.cssSelector: .row #cart
2024-03-17 14:57:27 INFO  TestBase:83 - Found element by : By.cssSelector: .row #cart
82693 [main] INFO com.naveenautomation.TestBases.TestBase  - Found element by : By.cssSelector: .row #cart
2024-03-17 14:57:27 INFO  TestBase:77 - Finding element by : By.cssSelector: .row #cart
82702 [main] INFO com.naveenautomation.TestBases.TestBase  - Finding element by : By.cssSelector: .row #cart
2024-03-17 14:57:27 INFO  TestBase:83 - Found element by : By.cssSelector: .row #cart
82727 [main] INFO com.naveenautomation.TestBases.TestBase  - Found element by : By.cssSelector: .row #cart
2024-03-17 14:57:27 INFO  TestBase:89 - Clicking on element by : [[EdgeDriver: MicrosoftEdge on WINDOWS (6490c4dd53964607870b34f8f0320da2)] -> css selector: .row #cart]
82727 [main] INFO com.naveenautomation.TestBases.TestBase  - Clicking on element by : [[EdgeDriver: MicrosoftEdge on WINDOWS (6490c4dd53964607870b34f8f0320da2)] -> css selector: .row #cart]
2024-03-17 14:57:27 INFO  TestBase:77 - Finding element by : By.cssSelector: .row #cart .dropdown-menu p a:first-of-type
82778 [main] INFO com.naveenautomation.TestBases.TestBase  - Finding element by : By.cssSelector: .row #cart .dropdown-menu p a:first-of-type
2024-03-17 14:57:28 INFO  TestBase:77 - Finding element by : By.cssSelector: .row #cart .dropdown-menu p a:first-of-type
83327 [main] INFO com.naveenautomation.TestBases.TestBase  - Finding element by : By.cssSelector: .row #cart .dropdown-menu p a:first-of-type
2024-03-17 14:57:28 INFO  TestBase:77 - Finding element by : By.cssSelector: .row #cart .dropdown-menu p a:first-of-type
83877 [main] INFO com.naveenautomation.TestBases.TestBase  - Finding element by : By.cssSelector: .row #cart .dropdown-menu p a:first-of-type
2024-03-17 14:57:29 INFO  TestBase:77 - Finding element by : By.cssSelector: .row #cart .dropdown-menu p a:first-of-type
84440 [main] INFO com.naveenautomation.TestBases.TestBase  - Finding element by : By.cssSelector: .row #cart .dropdown-menu p a:first-of-type
2024-03-17 14:57:29 INFO  TestBase:77 - Finding element by : By.cssSelector: .row #cart .dropdown-menu p a:first-of-type
84969 [main] INFO com.naveenautomation.TestBases.TestBase  - Finding element by : By.cssSelector: .row #cart .dropdown-menu p a:first-of-type
2024-03-17 14:57:30 INFO  TestBase:77 - Finding element by : By.cssSelector: .row #cart .dropdown-menu p a:first-of-type
85513 [main] INFO com.naveenautomation.TestBases.TestBase  - Finding element by : By.cssSelector: .row #cart .dropdown-menu p a:first-of-type
2024-03-17 14:57:30 INFO  TestBase:77 - Finding element by : By.cssSelector: .row #cart .dropdown-menu p a:first-of-type
86059 [main] INFO com.naveenautomation.TestBases.TestBase  - Finding element by : By.cssSelector: .row #cart .dropdown-menu p a:first-of-type
2024-03-17 14:57:31 INFO  TestBase:77 - Finding element by : By.cssSelector: .row #cart .dropdown-menu p a:first-of-type
86594 [main] INFO com.naveenautomation.TestBases.TestBase  - Finding element by : By.cssSelector: .row #cart .dropdown-menu p a:first-of-type
2024-03-17 14:57:31 INFO  TestBase:77 - Finding element by : By.cssSelector: .row #cart .dropdown-menu p a:first-of-type
87127 [main] INFO com.naveenautomation.TestBases.TestBase  - Finding element by : By.cssSelector: .row #cart .dropdown-menu p a:first-of-type
2024-03-17 14:57:32 INFO  TestBase:77 - Finding element by : By.cssSelector: .row #cart .dropdown-menu p a:first-of-type
87679 [main] INFO com.naveenautomation.TestBases.TestBase  - Finding element by : By.cssSelector: .row #cart .dropdown-menu p a:first-of-type
2024-03-17 14:57:32 INFO  TestBase:77 - Finding element by : By.cssSelector: .row #cart .dropdown-menu p a:first-of-type
88220 [main] INFO com.naveenautomation.TestBases.TestBase  - Finding element by : By.cssSelector: .row #cart .dropdown-menu p a:first-of-type
2024-03-17 14:57:33 INFO  TestBase:77 - Finding element by : By.cssSelector: .row #cart .dropdown-menu p a:first-of-type
88758 [main] INFO com.naveenautomation.TestBases.TestBase  - Finding element by : By.cssSelector: .row #cart .dropdown-menu p a:first-of-type
2024-03-17 14:57:33 INFO  TestBase:77 - Finding element by : By.cssSelector: .row #cart .dropdown-menu p a:first-of-type
89291 [main] INFO com.naveenautomation.TestBases.TestBase  - Finding element by : By.cssSelector: .row #cart .dropdown-menu p a:first-of-type
2024-03-17 14:57:34 INFO  TestBase:77 - Finding element by : By.cssSelector: .row #cart .dropdown-menu p a:first-of-type
89827 [main] INFO com.naveenautomation.TestBases.TestBase  - Finding element by : By.cssSelector: .row #cart .dropdown-menu p a:first-of-type
2024-03-17 14:57:35 INFO  TestBase:77 - Finding element by : By.cssSelector: .row #cart .dropdown-menu p a:first-of-type
90360 [main] INFO com.naveenautomation.TestBases.TestBase  - Finding element by : By.cssSelector: .row #cart .dropdown-menu p a:first-of-type
2024-03-17 14:57:35 INFO  TestBase:77 - Finding element by : By.cssSelector: .row #cart .dropdown-menu p a:first-of-type
90897 [main] INFO com.naveenautomation.TestBases.TestBase  - Finding element by : By.cssSelector: .row #cart .dropdown-menu p a:first-of-type
2024-03-17 14:57:36 INFO  TestBase:77 - Finding element by : By.cssSelector: .row #cart .dropdown-menu p a:first-of-type
91427 [main] INFO com.naveenautomation.TestBases.TestBase  - Finding element by : By.cssSelector: .row #cart .dropdown-menu p a:first-of-type
2024-03-17 14:57:36 INFO  TestBase:77 - Finding element by : By.cssSelector: .row #cart .dropdown-menu p a:first-of-type
91971 [main] INFO com.naveenautomation.TestBases.TestBase  - Finding element by : By.cssSelector: .row #cart .dropdown-menu p a:first-of-type
2024-03-17 14:57:37 INFO  TestBase:77 - Finding element by : By.cssSelector: .row #cart .dropdown-menu p a:first-of-type
92520 [main] INFO com.naveenautomation.TestBases.TestBase  - Finding element by : By.cssSelector: .row #cart .dropdown-menu p a:first-of-type
2024-03-17 14:57:37 INFO  TestBase:77 - Finding element by : By.cssSelector: .row #cart .dropdown-menu p a:first-of-type
93078 [main] INFO com.naveenautomation.TestBases.TestBase  - Finding element by : By.cssSelector: .row #cart .dropdown-menu p a:first-of-type
2024-03-17 14:57:38 INFO  TestBase:77 - Finding element by : By.cssSelector: .row #cart .dropdown-menu p a:first-of-type
93627 [main] INFO com.naveenautomation.TestBases.TestBase  - Finding element by : By.cssSelector: .row #cart .dropdown-menu p a:first-of-type
2024-03-17 14:57:38 INFO  TestBase:77 - Finding element by : By.cssSelector: .row #cart .dropdown-menu p a:first-of-type
94172 [main] INFO com.naveenautomation.TestBases.TestBase  - Finding element by : By.cssSelector: .row #cart .dropdown-menu p a:first-of-type
2024-03-17 14:57:39 INFO  TestBase:77 - Finding element by : By.cssSelector: .row #cart .dropdown-menu p a:first-of-type
94719 [main] INFO com.naveenautomation.TestBases.TestBase  - Finding element by : By.cssSelector: .row #cart .dropdown-menu p a:first-of-type
2024-03-17 14:57:39 INFO  TestBase:77 - Finding element by : By.cssSelector: .row #cart .dropdown-menu p a:first-of-type
95267 [main] INFO com.naveenautomation.TestBases.TestBase  - Finding element by : By.cssSelector: .row #cart .dropdown-menu p a:first-of-type
2024-03-17 14:57:40 INFO  TestBase:77 - Finding element by : By.cssSelector: .row #cart .dropdown-menu p a:first-of-type
95811 [main] INFO com.naveenautomation.TestBases.TestBase  - Finding element by : By.cssSelector: .row #cart .dropdown-menu p a:first-of-type
2024-03-17 14:57:41 INFO  TestBase:77 - Finding element by : By.cssSelector: .row #cart .dropdown-menu p a:first-of-type
96359 [main] INFO com.naveenautomation.TestBases.TestBase  - Finding element by : By.cssSelector: .row #cart .dropdown-menu p a:first-of-type
2024-03-17 14:57:41 INFO  TestBase:77 - Finding element by : By.cssSelector: .row #cart .dropdown-menu p a:first-of-type
96901 [main] INFO com.naveenautomation.TestBases.TestBase  - Finding element by : By.cssSelector: .row #cart .dropdown-menu p a:first-of-type
2024-03-17 14:57:42 INFO  TestBase:77 - Finding element by : By.cssSelector: .row #cart .dropdown-menu p a:first-of-type
97434 [main] INFO com.naveenautomation.TestBases.TestBase  - Finding element by : By.cssSelector: .row #cart .dropdown-menu p a:first-of-type
2024-03-17 14:57:42 INFO  TestBase:77 - Finding element by : By.cssSelector: .row #cart .dropdown-menu p a:first-of-type
97980 [main] INFO com.naveenautomation.TestBases.TestBase  - Finding element by : By.cssSelector: .row #cart .dropdown-menu p a:first-of-type
2024-03-17 14:57:42 INFO  TestBase:77 - Finding element by : By.cssSelector: .row #cart .dropdown-menu p a:first-of-type
98008 [main] INFO com.naveenautomation.TestBases.TestBase  - Finding element by : By.cssSelector: .row #cart .dropdown-menu p a:first-of-type
]]></system-out>
    <system-err><![CDATA[Starting Microsoft Edge WebDriver 122.0.2365.92 (908657ec17be9ad27101d76cdae7448c824b705c) on port 47909
To submit feedback, report a bug, or suggest new features, please visit https://github.com/MicrosoftEdge/EdgeWebDriver

Only local connections are allowed.
Please see https://aka.ms/WebDriverSecurity for suggestions on keeping Microsoft Edge WebDriver safe.

Microsoft Edge WebDriver was started successfully.
Mar. 17, 2024 2:57:21 P.M. org.openqa.selenium.remote.ProtocolHandshake createSession
INFO: Detected dialect: W3C
]]></system-err>
  </testcase>
  <testcase name="validateSiteMapPageNavigation" classname="naveenautomation.tests.SiteMapPageTest" time="0.881"/>
  <testcase name="validateProductSort" classname="naveenautomation.tests.CategoryAndPath24PageTest" time="2.108"/>
  <testcase name="validateSpecialsPageNavigation" classname="naveenautomation.tests.SpecialsPageTest" time="1.347"/>
  <testcase name="validateContactUsForm" classname="naveenautomation.tests.ContactUsPageTest" time="2.321"/>
  <testcase name="validateTermsAndConditionsPageNavigation" classname="naveenautomation.tests.TermsAndConditionsPageTest" time="0.795"/>
  <testcase name="validateDeliveryInformationPageNavigation" classname="naveenautomation.tests.DeliveryInformationPageTest" time="0.841"/>
  <testcase name="validateTransactionsPageNavigation" classname="naveenautomation.tests.TransactionsPageTest" time="2.866">
    <failure message="no such element: Unable to locate element: {&quot;method&quot;:&quot;css selector&quot;,&quot;selector&quot;:&quot;#content h1&quot;}&#10;  (Session info: MicrosoftEdge=122.0.2365.92)&#10;For documentation on this error, please visit: https://www.seleniumhq.org/exceptions/no_such_element.html&#10;Build info: version: &apos;3.141.59&apos;, revision: &apos;e82be7d358&apos;, time: &apos;2018-11-14T08:17:03&apos;&#10;System info: host: &apos;DESKTOP-EFV0BSI&apos;, ip: &apos;192.168.2.29&apos;, os.name: &apos;Windows 10&apos;, os.arch: &apos;amd64&apos;, os.version: &apos;10.0&apos;, java.version: &apos;11.0.16&apos;&#10;Driver info: org.openqa.selenium.edge.EdgeDriver&#10;Capabilities {acceptInsecureCerts: false, browserName: MicrosoftEdge, browserVersion: 122.0.2365.92, fedcm:accounts: true, javascriptEnabled: true, ms:edgeOptions: {debuggerAddress: localhost:50613}, msedge: {msedgedriverVersion: 122.0.2365.92 (908657ec17be..., userDataDir: C:\Users\user\AppData\Local...}, networkConnectionEnabled: false, pageLoadStrategy: normal, platform: WINDOWS, platformName: WINDOWS, proxy: Proxy(), setWindowRect: true, strictFileInteractability: false, timeouts: {implicit: 0, pageLoad: 300000, script: 30000}, unhandledPromptBehavior: dismiss and notify, webauthn:extension:credBlob: true, webauthn:extension:largeBlob: true, webauthn:extension:minPinLength: true, webauthn:extension:prf: true, webauthn:virtualAuthenticators: true}&#10;Session ID: 0753f2b8509e8c449c789089f4891e58&#10;*** Element info: {Using=css selector, value=#content h1}" type="org.openqa.selenium.NoSuchElementException">org.openqa.selenium.NoSuchElementException: 
no such element: Unable to locate element: {"method":"css selector","selector":"#content h1"}
  (Session info: MicrosoftEdge=122.0.2365.92)
For documentation on this error, please visit: https://www.seleniumhq.org/exceptions/no_such_element.html
Build info: version: '3.141.59', revision: 'e82be7d358', time: '2018-11-14T08:17:03'
System info: host: 'DESKTOP-EFV0BSI', ip: '192.168.2.29', os.name: 'Windows 10', os.arch: 'amd64', os.version: '10.0', java.version: '11.0.16'
Driver info: org.openqa.selenium.edge.EdgeDriver
Capabilities {acceptInsecureCerts: false, browserName: MicrosoftEdge, browserVersion: 122.0.2365.92, fedcm:accounts: true, javascriptEnabled: true, ms:edgeOptions: {debuggerAddress: localhost:50613}, msedge: {msedgedriverVersion: 122.0.2365.92 (908657ec17be..., userDataDir: C:\Users\user\AppData\Local...}, networkConnectionEnabled: false, pageLoadStrategy: normal, platform: WINDOWS, platformName: WINDOWS, proxy: Proxy(), setWindowRect: true, strictFileInteractability: false, timeouts: {implicit: 0, pageLoad: 300000, script: 30000}, unhandledPromptBehavior: dismiss and notify, webauthn:extension:credBlob: true, webauthn:extension:largeBlob: true, webauthn:extension:minPinLength: true, webauthn:extension:prf: true, webauthn:virtualAuthenticators: true}
Session ID: 0753f2b8509e8c449c789089f4891e58
*** Element info: {Using=css selector, value=#content h1}
	at naveenautomation.tests.TransactionsPageTest.validateTransactionsPageNavigation(TransactionsPageTest.java:32)
</failure>
    <system-out><![CDATA[2024-03-17 14:58:26 INFO  TestBase:63 - Launching Edge Browser
142286 [main] INFO com.naveenautomation.TestBases.TestBase  - Launching Edge Browser
2024-03-17 14:58:30 INFO  TestBase:40 - Loading Page in Browser
145531 [main] INFO com.naveenautomation.TestBases.TestBase  - Loading Page in Browser
2024-03-17 14:58:30 INFO  TestBase:35 - Navigating to URL : https://naveenautomationlabs.com/opencart/index.php?route=account/login
145532 [main] INFO com.naveenautomation.TestBases.TestBase  - Navigating to URL : https://naveenautomationlabs.com/opencart/index.php?route=account/login
2024-03-17 14:58:32 INFO  TestBase:41 - Navigated to URL : https://naveenautomationlabs.com/opencart/index.php?route=account/login
147858 [main] INFO com.naveenautomation.TestBases.TestBase  - Navigated to URL : https://naveenautomationlabs.com/opencart/index.php?route=account/login
2024-03-17 14:58:32 INFO  TestBase:49 - Entering Emaillijosh4@gmail.com
147858 [main] INFO com.naveenautomation.TestBases.TestBase  - Entering Emaillijosh4@gmail.com
2024-03-17 14:58:32 INFO  TestBase:77 - Finding element by : By.id: input-email
147859 [main] INFO com.naveenautomation.TestBases.TestBase  - Finding element by : By.id: input-email
2024-03-17 14:58:32 INFO  TestBase:83 - Found element by : By.id: input-email
147902 [main] INFO com.naveenautomation.TestBases.TestBase  - Found element by : By.id: input-email
2024-03-17 14:58:32 INFO  TestBase:77 - Finding element by : By.id: input-email
147957 [main] INFO com.naveenautomation.TestBases.TestBase  - Finding element by : By.id: input-email
2024-03-17 14:58:32 INFO  TestBase:83 - Found element by : By.id: input-email
147983 [main] INFO com.naveenautomation.TestBases.TestBase  - Found element by : By.id: input-email
2024-03-17 14:58:32 INFO  TestBase:54 - Entering Passwordpassword
148195 [main] INFO com.naveenautomation.TestBases.TestBase  - Entering Passwordpassword
2024-03-17 14:58:32 INFO  TestBase:77 - Finding element by : By.id: input-password
148196 [main] INFO com.naveenautomation.TestBases.TestBase  - Finding element by : By.id: input-password
2024-03-17 14:58:32 INFO  TestBase:83 - Found element by : By.id: input-password
148229 [main] INFO com.naveenautomation.TestBases.TestBase  - Found element by : By.id: input-password
2024-03-17 14:58:32 INFO  TestBase:77 - Finding element by : By.id: input-password
148274 [main] INFO com.naveenautomation.TestBases.TestBase  - Finding element by : By.id: input-password
2024-03-17 14:58:32 INFO  TestBase:83 - Found element by : By.id: input-password
148301 [main] INFO com.naveenautomation.TestBases.TestBase  - Found element by : By.id: input-password
2024-03-17 14:58:33 INFO  TestBase:59 - Clicking login button
148444 [main] INFO com.naveenautomation.TestBases.TestBase  - Clicking login button
2024-03-17 14:58:33 INFO  TestBase:77 - Finding element by : By.cssSelector: #content div>div form>input
148444 [main] INFO com.naveenautomation.TestBases.TestBase  - Finding element by : By.cssSelector: #content div>div form>input
2024-03-17 14:58:33 INFO  TestBase:83 - Found element by : By.cssSelector: #content div>div form>input
148476 [main] INFO com.naveenautomation.TestBases.TestBase  - Found element by : By.cssSelector: #content div>div form>input
2024-03-17 14:58:33 INFO  TestBase:77 - Finding element by : By.cssSelector: #content div>div form>input
148516 [main] INFO com.naveenautomation.TestBases.TestBase  - Finding element by : By.cssSelector: #content div>div form>input
2024-03-17 14:58:33 INFO  TestBase:83 - Found element by : By.cssSelector: #content div>div form>input
148533 [main] INFO com.naveenautomation.TestBases.TestBase  - Found element by : By.cssSelector: #content div>div form>input
2024-03-17 14:58:33 INFO  TestBase:77 - Finding element by : By.cssSelector: #content div>div form>input
148548 [main] INFO com.naveenautomation.TestBases.TestBase  - Finding element by : By.cssSelector: #content div>div form>input
2024-03-17 14:58:33 INFO  TestBase:83 - Found element by : By.cssSelector: #content div>div form>input
148563 [main] INFO com.naveenautomation.TestBases.TestBase  - Found element by : By.cssSelector: #content div>div form>input
2024-03-17 14:58:33 INFO  TestBase:89 - Clicking on element by : [[EdgeDriver: MicrosoftEdge on WINDOWS (0753f2b8509e8c449c789089f4891e58)] -> css selector: #content div>div form>input]
148564 [main] INFO com.naveenautomation.TestBases.TestBase  - Clicking on element by : [[EdgeDriver: MicrosoftEdge on WINDOWS (0753f2b8509e8c449c789089f4891e58)] -> css selector: #content div>div form>input]
2024-03-17 14:58:33 INFO  TestBase:77 - Finding element by : By.cssSelector: #content div>div form>input
149048 [main] INFO com.naveenautomation.TestBases.TestBase  - Finding element by : By.cssSelector: #content div>div form>input
2024-03-17 14:58:33 INFO  TestBase:83 - Found element by : By.cssSelector: #content div>div form>input
149064 [main] INFO com.naveenautomation.TestBases.TestBase  - Found element by : By.cssSelector: #content div>div form>input
2024-03-17 14:58:33 INFO  TestBase:89 - Clicking on element by : [[EdgeDriver: MicrosoftEdge on WINDOWS (0753f2b8509e8c449c789089f4891e58)] -> css selector: #content div>div form>input]
149065 [main] INFO com.naveenautomation.TestBases.TestBase  - Clicking on element by : [[EdgeDriver: MicrosoftEdge on WINDOWS (0753f2b8509e8c449c789089f4891e58)] -> css selector: #content div>div form>input]
2024-03-17 14:58:34 INFO  TestBase:77 - Finding element by : By.cssSelector: #column-right a
149528 [main] INFO com.naveenautomation.TestBases.TestBase  - Finding element by : By.cssSelector: #column-right a
2024-03-17 14:58:34 INFO  TestBase:83 - Found element by : By.cssSelector: #column-right a
149558 [main] INFO com.naveenautomation.TestBases.TestBase  - Found element by : By.cssSelector: #column-right a
2024-03-17 14:58:34 INFO  TestBase:148 - Getting text from element  : Login
149576 [main] INFO com.naveenautomation.TestBases.TestBase  - Getting text from element  : Login
2024-03-17 14:58:34 INFO  TestBase:154 - Geot text from element  : Login
149598 [main] INFO com.naveenautomation.TestBases.TestBase  - Geot text from element  : Login
2024-03-17 14:58:34 INFO  TestBase:148 - Getting text from element  : Register
149610 [main] INFO com.naveenautomation.TestBases.TestBase  - Getting text from element  : Register
2024-03-17 14:58:34 INFO  TestBase:154 - Geot text from element  : Register
149631 [main] INFO com.naveenautomation.TestBases.TestBase  - Geot text from element  : Register
2024-03-17 14:58:34 INFO  TestBase:148 - Getting text from element  : Forgotten Password
149644 [main] INFO com.naveenautomation.TestBases.TestBase  - Getting text from element  : Forgotten Password
2024-03-17 14:58:34 INFO  TestBase:154 - Geot text from element  : Forgotten Password
149668 [main] INFO com.naveenautomation.TestBases.TestBase  - Geot text from element  : Forgotten Password
2024-03-17 14:58:34 INFO  TestBase:148 - Getting text from element  : My Account
149681 [main] INFO com.naveenautomation.TestBases.TestBase  - Getting text from element  : My Account
2024-03-17 14:58:34 INFO  TestBase:154 - Geot text from element  : My Account
149702 [main] INFO com.naveenautomation.TestBases.TestBase  - Geot text from element  : My Account
2024-03-17 14:58:34 INFO  TestBase:148 - Getting text from element  : Address Book
149716 [main] INFO com.naveenautomation.TestBases.TestBase  - Getting text from element  : Address Book
2024-03-17 14:58:34 INFO  TestBase:154 - Geot text from element  : Address Book
149736 [main] INFO com.naveenautomation.TestBases.TestBase  - Geot text from element  : Address Book
2024-03-17 14:58:34 INFO  TestBase:148 - Getting text from element  : Wish List
149749 [main] INFO com.naveenautomation.TestBases.TestBase  - Getting text from element  : Wish List
2024-03-17 14:58:34 INFO  TestBase:154 - Geot text from element  : Wish List
149769 [main] INFO com.naveenautomation.TestBases.TestBase  - Geot text from element  : Wish List
2024-03-17 14:58:34 INFO  TestBase:148 - Getting text from element  : Order History
149786 [main] INFO com.naveenautomation.TestBases.TestBase  - Getting text from element  : Order History
2024-03-17 14:58:34 INFO  TestBase:154 - Geot text from element  : Order History
149808 [main] INFO com.naveenautomation.TestBases.TestBase  - Geot text from element  : Order History
2024-03-17 14:58:34 INFO  TestBase:148 - Getting text from element  : Downloads
149818 [main] INFO com.naveenautomation.TestBases.TestBase  - Getting text from element  : Downloads
2024-03-17 14:58:34 INFO  TestBase:154 - Geot text from element  : Downloads
149840 [main] INFO com.naveenautomation.TestBases.TestBase  - Geot text from element  : Downloads
2024-03-17 14:58:34 INFO  TestBase:148 - Getting text from element  : Recurring payments
149850 [main] INFO com.naveenautomation.TestBases.TestBase  - Getting text from element  : Recurring payments
2024-03-17 14:58:34 INFO  TestBase:154 - Geot text from element  : Recurring payments
149873 [main] INFO com.naveenautomation.TestBases.TestBase  - Geot text from element  : Recurring payments
2024-03-17 14:58:34 INFO  TestBase:148 - Getting text from element  : Reward Points
149883 [main] INFO com.naveenautomation.TestBases.TestBase  - Getting text from element  : Reward Points
2024-03-17 14:58:34 INFO  TestBase:154 - Geot text from element  : Reward Points
149906 [main] INFO com.naveenautomation.TestBases.TestBase  - Geot text from element  : Reward Points
2024-03-17 14:58:34 INFO  TestBase:148 - Getting text from element  : Returns
149917 [main] INFO com.naveenautomation.TestBases.TestBase  - Getting text from element  : Returns
2024-03-17 14:58:34 INFO  TestBase:154 - Geot text from element  : Returns
149944 [main] INFO com.naveenautomation.TestBases.TestBase  - Geot text from element  : Returns
2024-03-17 14:58:34 INFO  TestBase:148 - Getting text from element  : Transactions
149956 [main] INFO com.naveenautomation.TestBases.TestBase  - Getting text from element  : Transactions
2024-03-17 14:58:34 INFO  TestBase:154 - Geot text from element  : Transactions
149977 [main] INFO com.naveenautomation.TestBases.TestBase  - Geot text from element  : Transactions
2024-03-17 14:58:34 INFO  TestBase:89 - Clicking on element by : [[EdgeDriver: MicrosoftEdge on WINDOWS (0753f2b8509e8c449c789089f4891e58)] -> css selector: #column-right a]
149977 [main] INFO com.naveenautomation.TestBases.TestBase  - Clicking on element by : [[EdgeDriver: MicrosoftEdge on WINDOWS (0753f2b8509e8c449c789089f4891e58)] -> css selector: #column-right a]
2024-03-17 14:58:35 INFO  TestBase:77 - Finding element by : By.cssSelector: #content h1
150685 [main] INFO com.naveenautomation.TestBases.TestBase  - Finding element by : By.cssSelector: #content h1
]]></system-out>
    <system-err><![CDATA[Starting Microsoft Edge WebDriver 122.0.2365.92 (908657ec17be9ad27101d76cdae7448c824b705c) on port 38846
To submit feedback, report a bug, or suggest new features, please visit https://github.com/MicrosoftEdge/EdgeWebDriver

Only local connections are allowed.
Please see https://aka.ms/WebDriverSecurity for suggestions on keeping Microsoft Edge WebDriver safe.

Microsoft Edge WebDriver was started successfully.
Mar. 17, 2024 2:58:30 P.M. org.openqa.selenium.remote.ProtocolHandshake createSession
INFO: Detected dialect: W3C
]]></system-err>
  </testcase>
  <testcase name="validateDownloadsPageNavigation" classname="naveenautomation.tests.DownloadPageTest" time="2.812">
    <failure message="Actual and Expected header text don&apos;t match expected [Account Downloads] but found [New Customer]" type="java.lang.AssertionError">java.lang.AssertionError: Actual and Expected header text don't match expected [Account Downloads] but found [New Customer]
	at naveenautomation.tests.DownloadPageTest.validateDownloadsPageNavigation(DownloadPageTest.java:33)
</failure>
    <system-out><![CDATA[2024-03-17 14:58:35 INFO  TestBase:63 - Launching Edge Browser
150889 [main] INFO com.naveenautomation.TestBases.TestBase  - Launching Edge Browser
2024-03-17 14:58:38 INFO  TestBase:40 - Loading Page in Browser
154104 [main] INFO com.naveenautomation.TestBases.TestBase  - Loading Page in Browser
2024-03-17 14:58:38 INFO  TestBase:35 - Navigating to URL : https://naveenautomationlabs.com/opencart/index.php?route=account/login
154104 [main] INFO com.naveenautomation.TestBases.TestBase  - Navigating to URL : https://naveenautomationlabs.com/opencart/index.php?route=account/login
2024-03-17 14:58:41 INFO  TestBase:41 - Navigated to URL : https://naveenautomationlabs.com/opencart/index.php?route=account/login
156679 [main] INFO com.naveenautomation.TestBases.TestBase  - Navigated to URL : https://naveenautomationlabs.com/opencart/index.php?route=account/login
2024-03-17 14:58:41 INFO  TestBase:49 - Entering Emaillijosh4@gmail.com
156680 [main] INFO com.naveenautomation.TestBases.TestBase  - Entering Emaillijosh4@gmail.com
2024-03-17 14:58:41 INFO  TestBase:77 - Finding element by : By.id: input-email
156680 [main] INFO com.naveenautomation.TestBases.TestBase  - Finding element by : By.id: input-email
2024-03-17 14:58:41 INFO  TestBase:83 - Found element by : By.id: input-email
156715 [main] INFO com.naveenautomation.TestBases.TestBase  - Found element by : By.id: input-email
2024-03-17 14:58:41 INFO  TestBase:77 - Finding element by : By.id: input-email
156762 [main] INFO com.naveenautomation.TestBases.TestBase  - Finding element by : By.id: input-email
2024-03-17 14:58:41 INFO  TestBase:83 - Found element by : By.id: input-email
156792 [main] INFO com.naveenautomation.TestBases.TestBase  - Found element by : By.id: input-email
2024-03-17 14:58:41 INFO  TestBase:54 - Entering Passwordpassword
156961 [main] INFO com.naveenautomation.TestBases.TestBase  - Entering Passwordpassword
2024-03-17 14:58:41 INFO  TestBase:77 - Finding element by : By.id: input-password
156961 [main] INFO com.naveenautomation.TestBases.TestBase  - Finding element by : By.id: input-password
2024-03-17 14:58:41 INFO  TestBase:83 - Found element by : By.id: input-password
156987 [main] INFO com.naveenautomation.TestBases.TestBase  - Found element by : By.id: input-password
2024-03-17 14:58:41 INFO  TestBase:77 - Finding element by : By.id: input-password
157018 [main] INFO com.naveenautomation.TestBases.TestBase  - Finding element by : By.id: input-password
2024-03-17 14:58:41 INFO  TestBase:83 - Found element by : By.id: input-password
157040 [main] INFO com.naveenautomation.TestBases.TestBase  - Found element by : By.id: input-password
2024-03-17 14:58:41 INFO  TestBase:59 - Clicking login button
157168 [main] INFO com.naveenautomation.TestBases.TestBase  - Clicking login button
2024-03-17 14:58:41 INFO  TestBase:77 - Finding element by : By.cssSelector: #content div>div form>input
157168 [main] INFO com.naveenautomation.TestBases.TestBase  - Finding element by : By.cssSelector: #content div>div form>input
2024-03-17 14:58:41 INFO  TestBase:83 - Found element by : By.cssSelector: #content div>div form>input
157189 [main] INFO com.naveenautomation.TestBases.TestBase  - Found element by : By.cssSelector: #content div>div form>input
2024-03-17 14:58:41 INFO  TestBase:77 - Finding element by : By.cssSelector: #content div>div form>input
157243 [main] INFO com.naveenautomation.TestBases.TestBase  - Finding element by : By.cssSelector: #content div>div form>input
2024-03-17 14:58:41 INFO  TestBase:83 - Found element by : By.cssSelector: #content div>div form>input
157267 [main] INFO com.naveenautomation.TestBases.TestBase  - Found element by : By.cssSelector: #content div>div form>input
2024-03-17 14:58:41 INFO  TestBase:77 - Finding element by : By.cssSelector: #content div>div form>input
157282 [main] INFO com.naveenautomation.TestBases.TestBase  - Finding element by : By.cssSelector: #content div>div form>input
2024-03-17 14:58:41 INFO  TestBase:83 - Found element by : By.cssSelector: #content div>div form>input
157308 [main] INFO com.naveenautomation.TestBases.TestBase  - Found element by : By.cssSelector: #content div>div form>input
2024-03-17 14:58:41 INFO  TestBase:89 - Clicking on element by : [[EdgeDriver: MicrosoftEdge on WINDOWS (4baae2685397df97fb68555e9578e36a)] -> css selector: #content div>div form>input]
157308 [main] INFO com.naveenautomation.TestBases.TestBase  - Clicking on element by : [[EdgeDriver: MicrosoftEdge on WINDOWS (4baae2685397df97fb68555e9578e36a)] -> css selector: #content div>div form>input]
2024-03-17 14:58:42 INFO  TestBase:77 - Finding element by : By.cssSelector: #content div>div form>input
157792 [main] INFO com.naveenautomation.TestBases.TestBase  - Finding element by : By.cssSelector: #content div>div form>input
2024-03-17 14:58:42 INFO  TestBase:83 - Found element by : By.cssSelector: #content div>div form>input
157818 [main] INFO com.naveenautomation.TestBases.TestBase  - Found element by : By.cssSelector: #content div>div form>input
2024-03-17 14:58:42 INFO  TestBase:89 - Clicking on element by : [[EdgeDriver: MicrosoftEdge on WINDOWS (4baae2685397df97fb68555e9578e36a)] -> css selector: #content div>div form>input]
157818 [main] INFO com.naveenautomation.TestBases.TestBase  - Clicking on element by : [[EdgeDriver: MicrosoftEdge on WINDOWS (4baae2685397df97fb68555e9578e36a)] -> css selector: #content div>div form>input]
2024-03-17 14:58:43 INFO  TestBase:77 - Finding element by : By.cssSelector: #column-right a
158314 [main] INFO com.naveenautomation.TestBases.TestBase  - Finding element by : By.cssSelector: #column-right a
2024-03-17 14:58:43 INFO  TestBase:83 - Found element by : By.cssSelector: #column-right a
158340 [main] INFO com.naveenautomation.TestBases.TestBase  - Found element by : By.cssSelector: #column-right a
2024-03-17 14:58:43 INFO  TestBase:148 - Getting text from element  : Login
158358 [main] INFO com.naveenautomation.TestBases.TestBase  - Getting text from element  : Login
2024-03-17 14:58:43 INFO  TestBase:154 - Geot text from element  : Login
158381 [main] INFO com.naveenautomation.TestBases.TestBase  - Geot text from element  : Login
2024-03-17 14:58:43 INFO  TestBase:148 - Getting text from element  : Register
158395 [main] INFO com.naveenautomation.TestBases.TestBase  - Getting text from element  : Register
2024-03-17 14:58:43 INFO  TestBase:154 - Geot text from element  : Register
158416 [main] INFO com.naveenautomation.TestBases.TestBase  - Geot text from element  : Register
2024-03-17 14:58:43 INFO  TestBase:148 - Getting text from element  : Forgotten Password
158427 [main] INFO com.naveenautomation.TestBases.TestBase  - Getting text from element  : Forgotten Password
2024-03-17 14:58:43 INFO  TestBase:154 - Geot text from element  : Forgotten Password
158451 [main] INFO com.naveenautomation.TestBases.TestBase  - Geot text from element  : Forgotten Password
2024-03-17 14:58:43 INFO  TestBase:148 - Getting text from element  : My Account
158463 [main] INFO com.naveenautomation.TestBases.TestBase  - Getting text from element  : My Account
2024-03-17 14:58:43 INFO  TestBase:154 - Geot text from element  : My Account
158496 [main] INFO com.naveenautomation.TestBases.TestBase  - Geot text from element  : My Account
2024-03-17 14:58:43 INFO  TestBase:148 - Getting text from element  : Address Book
158508 [main] INFO com.naveenautomation.TestBases.TestBase  - Getting text from element  : Address Book
2024-03-17 14:58:43 INFO  TestBase:154 - Geot text from element  : Address Book
158531 [main] INFO com.naveenautomation.TestBases.TestBase  - Geot text from element  : Address Book
2024-03-17 14:58:43 INFO  TestBase:148 - Getting text from element  : Wish List
158541 [main] INFO com.naveenautomation.TestBases.TestBase  - Getting text from element  : Wish List
2024-03-17 14:58:43 INFO  TestBase:154 - Geot text from element  : Wish List
158563 [main] INFO com.naveenautomation.TestBases.TestBase  - Geot text from element  : Wish List
2024-03-17 14:58:43 INFO  TestBase:148 - Getting text from element  : Order History
158575 [main] INFO com.naveenautomation.TestBases.TestBase  - Getting text from element  : Order History
2024-03-17 14:58:43 INFO  TestBase:154 - Geot text from element  : Order History
158593 [main] INFO com.naveenautomation.TestBases.TestBase  - Geot text from element  : Order History
2024-03-17 14:58:43 INFO  TestBase:148 - Getting text from element  : Downloads
158604 [main] INFO com.naveenautomation.TestBases.TestBase  - Getting text from element  : Downloads
2024-03-17 14:58:43 INFO  TestBase:154 - Geot text from element  : Downloads
158624 [main] INFO com.naveenautomation.TestBases.TestBase  - Geot text from element  : Downloads
2024-03-17 14:58:43 INFO  TestBase:89 - Clicking on element by : [[EdgeDriver: MicrosoftEdge on WINDOWS (4baae2685397df97fb68555e9578e36a)] -> css selector: #column-right a]
158624 [main] INFO com.naveenautomation.TestBases.TestBase  - Clicking on element by : [[EdgeDriver: MicrosoftEdge on WINDOWS (4baae2685397df97fb68555e9578e36a)] -> css selector: #column-right a]
2024-03-17 14:58:44 INFO  TestBase:77 - Finding element by : By.cssSelector: #content h2
159384 [main] INFO com.naveenautomation.TestBases.TestBase  - Finding element by : By.cssSelector: #content h2
2024-03-17 14:58:44 INFO  TestBase:83 - Found element by : By.cssSelector: #content h2
159415 [main] INFO com.naveenautomation.TestBases.TestBase  - Found element by : By.cssSelector: #content h2
2024-03-17 14:58:44 INFO  TestBase:77 - Finding element by : By.cssSelector: #content h2
159444 [main] INFO com.naveenautomation.TestBases.TestBase  - Finding element by : By.cssSelector: #content h2
2024-03-17 14:58:44 INFO  TestBase:83 - Found element by : By.cssSelector: #content h2
159457 [main] INFO com.naveenautomation.TestBases.TestBase  - Found element by : By.cssSelector: #content h2
2024-03-17 14:58:44 INFO  TestBase:148 - Getting text from element  : New Customer
159466 [main] INFO com.naveenautomation.TestBases.TestBase  - Getting text from element  : New Customer
2024-03-17 14:58:44 INFO  TestBase:154 - Geot text from element  : New Customer
159490 [main] INFO com.naveenautomation.TestBases.TestBase  - Geot text from element  : New Customer
]]></system-out>
    <system-err><![CDATA[Starting Microsoft Edge WebDriver 122.0.2365.92 (908657ec17be9ad27101d76cdae7448c824b705c) on port 15246
To submit feedback, report a bug, or suggest new features, please visit https://github.com/MicrosoftEdge/EdgeWebDriver

Only local connections are allowed.
Please see https://aka.ms/WebDriverSecurity for suggestions on keeping Microsoft Edge WebDriver safe.

Microsoft Edge WebDriver was started successfully.
Mar. 17, 2024 2:58:38 P.M. org.openqa.selenium.remote.ProtocolHandshake createSession
INFO: Detected dialect: W3C
]]></system-err>
  </testcase>
  <testcase name="validateWishListPageNavigation" classname="naveenautomation.tests.WishListPageTest" time="2.749">
    <failure message="Actual and Expected header text don&apos;t match expected [My Wish List] but found [New Customer]" type="java.lang.AssertionError">java.lang.AssertionError: Actual and Expected header text don't match expected [My Wish List] but found [New Customer]
	at naveenautomation.tests.WishListPageTest.validateWishListPageNavigation(WishListPageTest.java:32)
</failure>
    <system-out><![CDATA[2024-03-17 14:58:44 INFO  TestBase:63 - Launching Edge Browser
159642 [main] INFO com.naveenautomation.TestBases.TestBase  - Launching Edge Browser
2024-03-17 14:58:47 INFO  TestBase:40 - Loading Page in Browser
162860 [main] INFO com.naveenautomation.TestBases.TestBase  - Loading Page in Browser
2024-03-17 14:58:47 INFO  TestBase:35 - Navigating to URL : https://naveenautomationlabs.com/opencart/index.php?route=account/login
162860 [main] INFO com.naveenautomation.TestBases.TestBase  - Navigating to URL : https://naveenautomationlabs.com/opencart/index.php?route=account/login
2024-03-17 14:58:49 INFO  TestBase:41 - Navigated to URL : https://naveenautomationlabs.com/opencart/index.php?route=account/login
165192 [main] INFO com.naveenautomation.TestBases.TestBase  - Navigated to URL : https://naveenautomationlabs.com/opencart/index.php?route=account/login
2024-03-17 14:58:49 INFO  TestBase:49 - Entering Emaillijosh4@gmail.com
165192 [main] INFO com.naveenautomation.TestBases.TestBase  - Entering Emaillijosh4@gmail.com
2024-03-17 14:58:49 INFO  TestBase:77 - Finding element by : By.id: input-email
165193 [main] INFO com.naveenautomation.TestBases.TestBase  - Finding element by : By.id: input-email
2024-03-17 14:58:49 INFO  TestBase:83 - Found element by : By.id: input-email
165231 [main] INFO com.naveenautomation.TestBases.TestBase  - Found element by : By.id: input-email
2024-03-17 14:58:49 INFO  TestBase:77 - Finding element by : By.id: input-email
165264 [main] INFO com.naveenautomation.TestBases.TestBase  - Finding element by : By.id: input-email
2024-03-17 14:58:49 INFO  TestBase:83 - Found element by : By.id: input-email
165284 [main] INFO com.naveenautomation.TestBases.TestBase  - Found element by : By.id: input-email
2024-03-17 14:58:50 INFO  TestBase:54 - Entering Passwordpassword
165468 [main] INFO com.naveenautomation.TestBases.TestBase  - Entering Passwordpassword
2024-03-17 14:58:50 INFO  TestBase:77 - Finding element by : By.id: input-password
165469 [main] INFO com.naveenautomation.TestBases.TestBase  - Finding element by : By.id: input-password
2024-03-17 14:58:50 INFO  TestBase:83 - Found element by : By.id: input-password
165497 [main] INFO com.naveenautomation.TestBases.TestBase  - Found element by : By.id: input-password
2024-03-17 14:58:50 INFO  TestBase:77 - Finding element by : By.id: input-password
165539 [main] INFO com.naveenautomation.TestBases.TestBase  - Finding element by : By.id: input-password
2024-03-17 14:58:50 INFO  TestBase:83 - Found element by : By.id: input-password
165569 [main] INFO com.naveenautomation.TestBases.TestBase  - Found element by : By.id: input-password
2024-03-17 14:58:50 INFO  TestBase:59 - Clicking login button
165733 [main] INFO com.naveenautomation.TestBases.TestBase  - Clicking login button
2024-03-17 14:58:50 INFO  TestBase:77 - Finding element by : By.cssSelector: #content div>div form>input
165734 [main] INFO com.naveenautomation.TestBases.TestBase  - Finding element by : By.cssSelector: #content div>div form>input
2024-03-17 14:58:50 INFO  TestBase:83 - Found element by : By.cssSelector: #content div>div form>input
165775 [main] INFO com.naveenautomation.TestBases.TestBase  - Found element by : By.cssSelector: #content div>div form>input
2024-03-17 14:58:50 INFO  TestBase:77 - Finding element by : By.cssSelector: #content div>div form>input
165810 [main] INFO com.naveenautomation.TestBases.TestBase  - Finding element by : By.cssSelector: #content div>div form>input
2024-03-17 14:58:50 INFO  TestBase:83 - Found element by : By.cssSelector: #content div>div form>input
165833 [main] INFO com.naveenautomation.TestBases.TestBase  - Found element by : By.cssSelector: #content div>div form>input
2024-03-17 14:58:50 INFO  TestBase:77 - Finding element by : By.cssSelector: #content div>div form>input
165846 [main] INFO com.naveenautomation.TestBases.TestBase  - Finding element by : By.cssSelector: #content div>div form>input
2024-03-17 14:58:50 INFO  TestBase:83 - Found element by : By.cssSelector: #content div>div form>input
165866 [main] INFO com.naveenautomation.TestBases.TestBase  - Found element by : By.cssSelector: #content div>div form>input
2024-03-17 14:58:50 INFO  TestBase:89 - Clicking on element by : [[EdgeDriver: MicrosoftEdge on WINDOWS (d6c3237de305528d35adb6c707e61d15)] -> css selector: #content div>div form>input]
165867 [main] INFO com.naveenautomation.TestBases.TestBase  - Clicking on element by : [[EdgeDriver: MicrosoftEdge on WINDOWS (d6c3237de305528d35adb6c707e61d15)] -> css selector: #content div>div form>input]
2024-03-17 14:58:51 INFO  TestBase:77 - Finding element by : By.cssSelector: #content div>div form>input
166351 [main] INFO com.naveenautomation.TestBases.TestBase  - Finding element by : By.cssSelector: #content div>div form>input
2024-03-17 14:58:51 INFO  TestBase:83 - Found element by : By.cssSelector: #content div>div form>input
166366 [main] INFO com.naveenautomation.TestBases.TestBase  - Found element by : By.cssSelector: #content div>div form>input
2024-03-17 14:58:51 INFO  TestBase:89 - Clicking on element by : [[EdgeDriver: MicrosoftEdge on WINDOWS (d6c3237de305528d35adb6c707e61d15)] -> css selector: #content div>div form>input]
166366 [main] INFO com.naveenautomation.TestBases.TestBase  - Clicking on element by : [[EdgeDriver: MicrosoftEdge on WINDOWS (d6c3237de305528d35adb6c707e61d15)] -> css selector: #content div>div form>input]
2024-03-17 14:58:51 INFO  TestBase:77 - Finding element by : By.cssSelector: #column-right a
166837 [main] INFO com.naveenautomation.TestBases.TestBase  - Finding element by : By.cssSelector: #column-right a
2024-03-17 14:58:51 INFO  TestBase:83 - Found element by : By.cssSelector: #column-right a
166867 [main] INFO com.naveenautomation.TestBases.TestBase  - Found element by : By.cssSelector: #column-right a
2024-03-17 14:58:51 INFO  TestBase:148 - Getting text from element  : Login
166930 [main] INFO com.naveenautomation.TestBases.TestBase  - Getting text from element  : Login
2024-03-17 14:58:51 INFO  TestBase:154 - Geot text from element  : Login
166967 [main] INFO com.naveenautomation.TestBases.TestBase  - Geot text from element  : Login
2024-03-17 14:58:51 INFO  TestBase:148 - Getting text from element  : Register
166984 [main] INFO com.naveenautomation.TestBases.TestBase  - Getting text from element  : Register
2024-03-17 14:58:51 INFO  TestBase:154 - Geot text from element  : Register
167012 [main] INFO com.naveenautomation.TestBases.TestBase  - Geot text from element  : Register
2024-03-17 14:58:51 INFO  TestBase:148 - Getting text from element  : Forgotten Password
167025 [main] INFO com.naveenautomation.TestBases.TestBase  - Getting text from element  : Forgotten Password
2024-03-17 14:58:51 INFO  TestBase:154 - Geot text from element  : Forgotten Password
167046 [main] INFO com.naveenautomation.TestBases.TestBase  - Geot text from element  : Forgotten Password
2024-03-17 14:58:51 INFO  TestBase:148 - Getting text from element  : My Account
167057 [main] INFO com.naveenautomation.TestBases.TestBase  - Getting text from element  : My Account
2024-03-17 14:58:51 INFO  TestBase:154 - Geot text from element  : My Account
167085 [main] INFO com.naveenautomation.TestBases.TestBase  - Geot text from element  : My Account
2024-03-17 14:58:51 INFO  TestBase:148 - Getting text from element  : Address Book
167096 [main] INFO com.naveenautomation.TestBases.TestBase  - Getting text from element  : Address Book
2024-03-17 14:58:51 INFO  TestBase:154 - Geot text from element  : Address Book
167116 [main] INFO com.naveenautomation.TestBases.TestBase  - Geot text from element  : Address Book
2024-03-17 14:58:51 INFO  TestBase:148 - Getting text from element  : Wish List
167126 [main] INFO com.naveenautomation.TestBases.TestBase  - Getting text from element  : Wish List
2024-03-17 14:58:51 INFO  TestBase:154 - Geot text from element  : Wish List
167145 [main] INFO com.naveenautomation.TestBases.TestBase  - Geot text from element  : Wish List
2024-03-17 14:58:51 INFO  TestBase:89 - Clicking on element by : [[EdgeDriver: MicrosoftEdge on WINDOWS (d6c3237de305528d35adb6c707e61d15)] -> css selector: #column-right a]
167145 [main] INFO com.naveenautomation.TestBases.TestBase  - Clicking on element by : [[EdgeDriver: MicrosoftEdge on WINDOWS (d6c3237de305528d35adb6c707e61d15)] -> css selector: #column-right a]
2024-03-17 14:58:52 INFO  TestBase:77 - Finding element by : By.cssSelector: #content h2
167875 [main] INFO com.naveenautomation.TestBases.TestBase  - Finding element by : By.cssSelector: #content h2
2024-03-17 14:58:52 INFO  TestBase:83 - Found element by : By.cssSelector: #content h2
167901 [main] INFO com.naveenautomation.TestBases.TestBase  - Found element by : By.cssSelector: #content h2
2024-03-17 14:58:52 INFO  TestBase:148 - Getting text from element  : New Customer
167916 [main] INFO com.naveenautomation.TestBases.TestBase  - Getting text from element  : New Customer
2024-03-17 14:58:52 INFO  TestBase:154 - Geot text from element  : New Customer
167941 [main] INFO com.naveenautomation.TestBases.TestBase  - Geot text from element  : New Customer
]]></system-out>
    <system-err><![CDATA[Starting Microsoft Edge WebDriver 122.0.2365.92 (908657ec17be9ad27101d76cdae7448c824b705c) on port 7010
To submit feedback, report a bug, or suggest new features, please visit https://github.com/MicrosoftEdge/EdgeWebDriver

Only local connections are allowed.
Please see https://aka.ms/WebDriverSecurity for suggestions on keeping Microsoft Edge WebDriver safe.

Microsoft Edge WebDriver was started successfully.
Mar. 17, 2024 2:58:47 P.M. org.openqa.selenium.remote.ProtocolHandshake createSession
INFO: Detected dialect: W3C
]]></system-err>
  </testcase>
  <testcase name="verifyAddtoCartFromHome" classname="naveenautomation.tests.HomePageTest" time="3.254">
    <failure message="Add to cart alert doesn&apos;t contain the expected text expected [true] but found [false]" type="java.lang.AssertionError">java.lang.AssertionError: Add to cart alert doesn't contain the expected text expected [true] but found [false]
	at naveenautomation.tests.HomePageTest.verifyAddtoCartFromHome(HomePageTest.java:40)
</failure>
    <system-out><![CDATA[2024-03-17 14:58:52 INFO  TestBase:63 - Launching Edge Browser
168098 [main] INFO com.naveenautomation.TestBases.TestBase  - Launching Edge Browser
2024-03-17 14:58:56 INFO  TestBase:40 - Loading Page in Browser
171357 [main] INFO com.naveenautomation.TestBases.TestBase  - Loading Page in Browser
2024-03-17 14:58:56 INFO  TestBase:35 - Navigating to URL : https://naveenautomationlabs.com/opencart/index.php?route=account/login
171358 [main] INFO com.naveenautomation.TestBases.TestBase  - Navigating to URL : https://naveenautomationlabs.com/opencart/index.php?route=account/login
2024-03-17 14:58:58 INFO  TestBase:41 - Navigated to URL : https://naveenautomationlabs.com/opencart/index.php?route=account/login
174073 [main] INFO com.naveenautomation.TestBases.TestBase  - Navigated to URL : https://naveenautomationlabs.com/opencart/index.php?route=account/login
2024-03-17 14:58:58 INFO  TestBase:49 - Entering Emaillijosh4@gmail.com
174074 [main] INFO com.naveenautomation.TestBases.TestBase  - Entering Emaillijosh4@gmail.com
2024-03-17 14:58:58 INFO  TestBase:77 - Finding element by : By.id: input-email
174074 [main] INFO com.naveenautomation.TestBases.TestBase  - Finding element by : By.id: input-email
2024-03-17 14:58:58 INFO  TestBase:83 - Found element by : By.id: input-email
174114 [main] INFO com.naveenautomation.TestBases.TestBase  - Found element by : By.id: input-email
2024-03-17 14:58:58 INFO  TestBase:77 - Finding element by : By.id: input-email
174158 [main] INFO com.naveenautomation.TestBases.TestBase  - Finding element by : By.id: input-email
2024-03-17 14:58:58 INFO  TestBase:83 - Found element by : By.id: input-email
174177 [main] INFO com.naveenautomation.TestBases.TestBase  - Found element by : By.id: input-email
2024-03-17 14:58:58 INFO  TestBase:54 - Entering Passwordpassword
174304 [main] INFO com.naveenautomation.TestBases.TestBase  - Entering Passwordpassword
2024-03-17 14:58:58 INFO  TestBase:77 - Finding element by : By.id: input-password
174304 [main] INFO com.naveenautomation.TestBases.TestBase  - Finding element by : By.id: input-password
2024-03-17 14:58:59 INFO  TestBase:83 - Found element by : By.id: input-password
174335 [main] INFO com.naveenautomation.TestBases.TestBase  - Found element by : By.id: input-password
2024-03-17 14:58:59 INFO  TestBase:77 - Finding element by : By.id: input-password
174379 [main] INFO com.naveenautomation.TestBases.TestBase  - Finding element by : By.id: input-password
2024-03-17 14:58:59 INFO  TestBase:83 - Found element by : By.id: input-password
174400 [main] INFO com.naveenautomation.TestBases.TestBase  - Found element by : By.id: input-password
2024-03-17 14:58:59 INFO  TestBase:59 - Clicking login button
174518 [main] INFO com.naveenautomation.TestBases.TestBase  - Clicking login button
2024-03-17 14:58:59 INFO  TestBase:77 - Finding element by : By.cssSelector: #content div>div form>input
174518 [main] INFO com.naveenautomation.TestBases.TestBase  - Finding element by : By.cssSelector: #content div>div form>input
2024-03-17 14:58:59 INFO  TestBase:83 - Found element by : By.cssSelector: #content div>div form>input
174544 [main] INFO com.naveenautomation.TestBases.TestBase  - Found element by : By.cssSelector: #content div>div form>input
2024-03-17 14:58:59 INFO  TestBase:77 - Finding element by : By.cssSelector: #content div>div form>input
174575 [main] INFO com.naveenautomation.TestBases.TestBase  - Finding element by : By.cssSelector: #content div>div form>input
2024-03-17 14:58:59 INFO  TestBase:83 - Found element by : By.cssSelector: #content div>div form>input
174602 [main] INFO com.naveenautomation.TestBases.TestBase  - Found element by : By.cssSelector: #content div>div form>input
2024-03-17 14:58:59 INFO  TestBase:77 - Finding element by : By.cssSelector: #content div>div form>input
174614 [main] INFO com.naveenautomation.TestBases.TestBase  - Finding element by : By.cssSelector: #content div>div form>input
2024-03-17 14:58:59 INFO  TestBase:83 - Found element by : By.cssSelector: #content div>div form>input
174630 [main] INFO com.naveenautomation.TestBases.TestBase  - Found element by : By.cssSelector: #content div>div form>input
2024-03-17 14:58:59 INFO  TestBase:89 - Clicking on element by : [[EdgeDriver: MicrosoftEdge on WINDOWS (1e55ea5afd6e5d1a7bc5ba971a718895)] -> css selector: #content div>div form>input]
174631 [main] INFO com.naveenautomation.TestBases.TestBase  - Clicking on element by : [[EdgeDriver: MicrosoftEdge on WINDOWS (1e55ea5afd6e5d1a7bc5ba971a718895)] -> css selector: #content div>div form>input]
2024-03-17 14:58:59 INFO  TestBase:77 - Finding element by : By.cssSelector: #content div>div form>input
175079 [main] INFO com.naveenautomation.TestBases.TestBase  - Finding element by : By.cssSelector: #content div>div form>input
2024-03-17 14:58:59 INFO  TestBase:83 - Found element by : By.cssSelector: #content div>div form>input
175110 [main] INFO com.naveenautomation.TestBases.TestBase  - Found element by : By.cssSelector: #content div>div form>input
2024-03-17 14:58:59 INFO  TestBase:89 - Clicking on element by : [[EdgeDriver: MicrosoftEdge on WINDOWS (1e55ea5afd6e5d1a7bc5ba971a718895)] -> css selector: #content div>div form>input]
175111 [main] INFO com.naveenautomation.TestBases.TestBase  - Clicking on element by : [[EdgeDriver: MicrosoftEdge on WINDOWS (1e55ea5afd6e5d1a7bc5ba971a718895)] -> css selector: #content div>div form>input]
2024-03-17 14:59:00 INFO  TestBase:77 - Finding element by : By.cssSelector: #logo img
175535 [main] INFO com.naveenautomation.TestBases.TestBase  - Finding element by : By.cssSelector: #logo img
2024-03-17 14:59:00 INFO  TestBase:83 - Found element by : By.cssSelector: #logo img
175567 [main] INFO com.naveenautomation.TestBases.TestBase  - Found element by : By.cssSelector: #logo img
2024-03-17 14:59:00 INFO  TestBase:77 - Finding element by : By.cssSelector: #logo img
175593 [main] INFO com.naveenautomation.TestBases.TestBase  - Finding element by : By.cssSelector: #logo img
2024-03-17 14:59:00 INFO  TestBase:83 - Found element by : By.cssSelector: #logo img
175607 [main] INFO com.naveenautomation.TestBases.TestBase  - Found element by : By.cssSelector: #logo img
2024-03-17 14:59:00 INFO  TestBase:77 - Finding element by : By.cssSelector: #logo img
175616 [main] INFO com.naveenautomation.TestBases.TestBase  - Finding element by : By.cssSelector: #logo img
2024-03-17 14:59:00 INFO  TestBase:83 - Found element by : By.cssSelector: #logo img
175639 [main] INFO com.naveenautomation.TestBases.TestBase  - Found element by : By.cssSelector: #logo img
2024-03-17 14:59:00 INFO  TestBase:89 - Clicking on element by : [[EdgeDriver: MicrosoftEdge on WINDOWS (1e55ea5afd6e5d1a7bc5ba971a718895)] -> css selector: #logo img]
175639 [main] INFO com.naveenautomation.TestBases.TestBase  - Clicking on element by : [[EdgeDriver: MicrosoftEdge on WINDOWS (1e55ea5afd6e5d1a7bc5ba971a718895)] -> css selector: #logo img]
2024-03-17 14:59:01 INFO  TestBase:77 - Finding element by : By.cssSelector: #content .row>div:first-of-type .button-group button:first-of-type
176959 [main] INFO com.naveenautomation.TestBases.TestBase  - Finding element by : By.cssSelector: #content .row>div:first-of-type .button-group button:first-of-type
2024-03-17 14:59:01 INFO  TestBase:83 - Found element by : By.cssSelector: #content .row>div:first-of-type .button-group button:first-of-type
176983 [main] INFO com.naveenautomation.TestBases.TestBase  - Found element by : By.cssSelector: #content .row>div:first-of-type .button-group button:first-of-type
2024-03-17 14:59:01 INFO  TestBase:77 - Finding element by : By.cssSelector: #content .row>div:first-of-type .button-group button:first-of-type
177012 [main] INFO com.naveenautomation.TestBases.TestBase  - Finding element by : By.cssSelector: #content .row>div:first-of-type .button-group button:first-of-type
2024-03-17 14:59:01 INFO  TestBase:83 - Found element by : By.cssSelector: #content .row>div:first-of-type .button-group button:first-of-type
177025 [main] INFO com.naveenautomation.TestBases.TestBase  - Found element by : By.cssSelector: #content .row>div:first-of-type .button-group button:first-of-type
2024-03-17 14:59:01 INFO  TestBase:77 - Finding element by : By.cssSelector: #content .row>div:first-of-type .button-group button:first-of-type
177035 [main] INFO com.naveenautomation.TestBases.TestBase  - Finding element by : By.cssSelector: #content .row>div:first-of-type .button-group button:first-of-type
2024-03-17 14:59:01 INFO  TestBase:83 - Found element by : By.cssSelector: #content .row>div:first-of-type .button-group button:first-of-type
177056 [main] INFO com.naveenautomation.TestBases.TestBase  - Found element by : By.cssSelector: #content .row>div:first-of-type .button-group button:first-of-type
2024-03-17 14:59:01 INFO  TestBase:89 - Clicking on element by : [[EdgeDriver: MicrosoftEdge on WINDOWS (1e55ea5afd6e5d1a7bc5ba971a718895)] -> css selector: #content .row>div:first-of-type .button-group button:first-of-type]
177056 [main] INFO com.naveenautomation.TestBases.TestBase  - Clicking on element by : [[EdgeDriver: MicrosoftEdge on WINDOWS (1e55ea5afd6e5d1a7bc5ba971a718895)] -> css selector: #content .row>div:first-of-type .button-group button:first-of-type]
2024-03-17 14:59:01 INFO  TestBase:77 - Finding element by : By.cssSelector: #common-home>div:first-of-type
177123 [main] INFO com.naveenautomation.TestBases.TestBase  - Finding element by : By.cssSelector: #common-home>div:first-of-type
2024-03-17 14:59:01 INFO  TestBase:83 - Found element by : By.cssSelector: #common-home>div:first-of-type
177154 [main] INFO com.naveenautomation.TestBases.TestBase  - Found element by : By.cssSelector: #common-home>div:first-of-type
2024-03-17 14:59:01 INFO  TestBase:148 - Getting text from element  : Featured
MacBook
Intel Core 2 Duo processor Powered by an Intel Core 2 Duo processor at speeds up to 2.16GHz..
$602.00
Ex Tax: $500.00
ADD TO CART
iPhone
iPhone is a revolutionary new mobile phone that allows you to make a call by simply tapping a nam..
$123.20
Ex Tax: $101.00
ADD TO CART
Apple Cinema 30"
The 30-inch Apple Cinema HD Display delivers an amazing 2560 x 1600 pixel resolution. Designed sp..
$110.00 $122.00
Ex Tax: $90.00
ADD TO CART
Canon EOS 5D
Canon's press material for the EOS 5D states that it 'defines (a) new D-SLR category', while we'r..
$98.00 $122.00
Ex Tax: $80.00
ADD TO CART
177211 [main] INFO com.naveenautomation.TestBases.TestBase  - Getting text from element  : Featured
MacBook
Intel Core 2 Duo processor Powered by an Intel Core 2 Duo processor at speeds up to 2.16GHz..
$602.00
Ex Tax: $500.00
ADD TO CART
iPhone
iPhone is a revolutionary new mobile phone that allows you to make a call by simply tapping a nam..
$123.20
Ex Tax: $101.00
ADD TO CART
Apple Cinema 30"
The 30-inch Apple Cinema HD Display delivers an amazing 2560 x 1600 pixel resolution. Designed sp..
$110.00 $122.00
Ex Tax: $90.00
ADD TO CART
Canon EOS 5D
Canon's press material for the EOS 5D states that it 'defines (a) new D-SLR category', while we'r..
$98.00 $122.00
Ex Tax: $80.00
ADD TO CART
2024-03-17 14:59:02 INFO  TestBase:154 - Geot text from element  : Featured
MacBook
Intel Core 2 Duo processor Powered by an Intel Core 2 Duo processor at speeds up to 2.16GHz..
$602.00
Ex Tax: $500.00
ADD TO CART
iPhone
iPhone is a revolutionary new mobile phone that allows you to make a call by simply tapping a nam..
$123.20
Ex Tax: $101.00
ADD TO CART
Apple Cinema 30"
The 30-inch Apple Cinema HD Display delivers an amazing 2560 x 1600 pixel resolution. Designed sp..
$110.00 $122.00
Ex Tax: $90.00
ADD TO CART
Canon EOS 5D
Canon's press material for the EOS 5D states that it 'defines (a) new D-SLR category', while we'r..
$98.00 $122.00
Ex Tax: $80.00
ADD TO CART
177328 [main] INFO com.naveenautomation.TestBases.TestBase  - Geot text from element  : Featured
MacBook
Intel Core 2 Duo processor Powered by an Intel Core 2 Duo processor at speeds up to 2.16GHz..
$602.00
Ex Tax: $500.00
ADD TO CART
iPhone
iPhone is a revolutionary new mobile phone that allows you to make a call by simply tapping a nam..
$123.20
Ex Tax: $101.00
ADD TO CART
Apple Cinema 30"
The 30-inch Apple Cinema HD Display delivers an amazing 2560 x 1600 pixel resolution. Designed sp..
$110.00 $122.00
Ex Tax: $90.00
ADD TO CART
Canon EOS 5D
Canon's press material for the EOS 5D states that it 'defines (a) new D-SLR category', while we'r..
$98.00 $122.00
Ex Tax: $80.00
ADD TO CART
]]></system-out>
    <system-err><![CDATA[Starting Microsoft Edge WebDriver 122.0.2365.92 (908657ec17be9ad27101d76cdae7448c824b705c) on port 21697
To submit feedback, report a bug, or suggest new features, please visit https://github.com/MicrosoftEdge/EdgeWebDriver

Only local connections are allowed.
Please see https://aka.ms/WebDriverSecurity for suggestions on keeping Microsoft Edge WebDriver safe.

Microsoft Edge WebDriver was started successfully.
Mar. 17, 2024 2:58:55 P.M. org.openqa.selenium.remote.ProtocolHandshake createSession
INFO: Detected dialect: W3C
]]></system-err>
  </testcase>
  <testcase name="verifyNaveenWebsiteLogo" classname="naveenautomation.tests.HomePageTest" time="0.086"/>
  <testcase name="validateEditAccount" classname="naveenautomation.tests.MyAccountPageTest" time="2.128">
    <failure message="Right side bar Item not found: Edit Account" type="java.lang.RuntimeException">java.lang.RuntimeException: Right side bar Item not found: Edit Account
	at naveenautomation.tests.MyAccountPageTest.validateEditAccount(MyAccountPageTest.java:104)
</failure>
    <system-out><![CDATA[2024-03-17 14:59:07 INFO  TestBase:63 - Launching Edge Browser
183159 [main] INFO com.naveenautomation.TestBases.TestBase  - Launching Edge Browser
2024-03-17 14:59:11 INFO  TestBase:40 - Loading Page in Browser
186381 [main] INFO com.naveenautomation.TestBases.TestBase  - Loading Page in Browser
2024-03-17 14:59:11 INFO  TestBase:35 - Navigating to URL : https://naveenautomationlabs.com/opencart/index.php?route=account/login
186382 [main] INFO com.naveenautomation.TestBases.TestBase  - Navigating to URL : https://naveenautomationlabs.com/opencart/index.php?route=account/login
2024-03-17 14:59:13 INFO  TestBase:41 - Navigated to URL : https://naveenautomationlabs.com/opencart/index.php?route=account/login
188680 [main] INFO com.naveenautomation.TestBases.TestBase  - Navigated to URL : https://naveenautomationlabs.com/opencart/index.php?route=account/login
2024-03-17 14:59:13 INFO  TestBase:49 - Entering Emaillijosh4@gmail.com
188681 [main] INFO com.naveenautomation.TestBases.TestBase  - Entering Emaillijosh4@gmail.com
2024-03-17 14:59:13 INFO  TestBase:77 - Finding element by : By.id: input-email
188681 [main] INFO com.naveenautomation.TestBases.TestBase  - Finding element by : By.id: input-email
2024-03-17 14:59:13 INFO  TestBase:83 - Found element by : By.id: input-email
188721 [main] INFO com.naveenautomation.TestBases.TestBase  - Found element by : By.id: input-email
2024-03-17 14:59:13 INFO  TestBase:77 - Finding element by : By.id: input-email
188771 [main] INFO com.naveenautomation.TestBases.TestBase  - Finding element by : By.id: input-email
2024-03-17 14:59:13 INFO  TestBase:83 - Found element by : By.id: input-email
188798 [main] INFO com.naveenautomation.TestBases.TestBase  - Found element by : By.id: input-email
2024-03-17 14:59:13 INFO  TestBase:54 - Entering Passwordpassword
188961 [main] INFO com.naveenautomation.TestBases.TestBase  - Entering Passwordpassword
2024-03-17 14:59:13 INFO  TestBase:77 - Finding element by : By.id: input-password
188962 [main] INFO com.naveenautomation.TestBases.TestBase  - Finding element by : By.id: input-password
2024-03-17 14:59:13 INFO  TestBase:83 - Found element by : By.id: input-password
188996 [main] INFO com.naveenautomation.TestBases.TestBase  - Found element by : By.id: input-password
2024-03-17 14:59:13 INFO  TestBase:77 - Finding element by : By.id: input-password
189042 [main] INFO com.naveenautomation.TestBases.TestBase  - Finding element by : By.id: input-password
2024-03-17 14:59:13 INFO  TestBase:83 - Found element by : By.id: input-password
189066 [main] INFO com.naveenautomation.TestBases.TestBase  - Found element by : By.id: input-password
2024-03-17 14:59:13 INFO  TestBase:59 - Clicking login button
189192 [main] INFO com.naveenautomation.TestBases.TestBase  - Clicking login button
2024-03-17 14:59:13 INFO  TestBase:77 - Finding element by : By.cssSelector: #content div>div form>input
189193 [main] INFO com.naveenautomation.TestBases.TestBase  - Finding element by : By.cssSelector: #content div>div form>input
2024-03-17 14:59:13 INFO  TestBase:83 - Found element by : By.cssSelector: #content div>div form>input
189220 [main] INFO com.naveenautomation.TestBases.TestBase  - Found element by : By.cssSelector: #content div>div form>input
2024-03-17 14:59:13 INFO  TestBase:77 - Finding element by : By.cssSelector: #content div>div form>input
189268 [main] INFO com.naveenautomation.TestBases.TestBase  - Finding element by : By.cssSelector: #content div>div form>input
2024-03-17 14:59:13 INFO  TestBase:83 - Found element by : By.cssSelector: #content div>div form>input
189291 [main] INFO com.naveenautomation.TestBases.TestBase  - Found element by : By.cssSelector: #content div>div form>input
2024-03-17 14:59:13 INFO  TestBase:77 - Finding element by : By.cssSelector: #content div>div form>input
189300 [main] INFO com.naveenautomation.TestBases.TestBase  - Finding element by : By.cssSelector: #content div>div form>input
2024-03-17 14:59:14 INFO  TestBase:83 - Found element by : By.cssSelector: #content div>div form>input
189316 [main] INFO com.naveenautomation.TestBases.TestBase  - Found element by : By.cssSelector: #content div>div form>input
2024-03-17 14:59:14 INFO  TestBase:89 - Clicking on element by : [[EdgeDriver: MicrosoftEdge on WINDOWS (a3cc0c562cab5379d7b10a2aed18da8a)] -> css selector: #content div>div form>input]
189316 [main] INFO com.naveenautomation.TestBases.TestBase  - Clicking on element by : [[EdgeDriver: MicrosoftEdge on WINDOWS (a3cc0c562cab5379d7b10a2aed18da8a)] -> css selector: #content div>div form>input]
2024-03-17 14:59:14 INFO  TestBase:77 - Finding element by : By.cssSelector: #content div>div form>input
189842 [main] INFO com.naveenautomation.TestBases.TestBase  - Finding element by : By.cssSelector: #content div>div form>input
2024-03-17 14:59:14 INFO  TestBase:83 - Found element by : By.cssSelector: #content div>div form>input
189877 [main] INFO com.naveenautomation.TestBases.TestBase  - Found element by : By.cssSelector: #content div>div form>input
2024-03-17 14:59:14 INFO  TestBase:89 - Clicking on element by : [[EdgeDriver: MicrosoftEdge on WINDOWS (a3cc0c562cab5379d7b10a2aed18da8a)] -> css selector: #content div>div form>input]
189878 [main] INFO com.naveenautomation.TestBases.TestBase  - Clicking on element by : [[EdgeDriver: MicrosoftEdge on WINDOWS (a3cc0c562cab5379d7b10a2aed18da8a)] -> css selector: #content div>div form>input]
2024-03-17 14:59:15 INFO  TestBase:77 - Finding element by : By.cssSelector: #column-right a
190349 [main] INFO com.naveenautomation.TestBases.TestBase  - Finding element by : By.cssSelector: #column-right a
2024-03-17 14:59:15 INFO  TestBase:83 - Found element by : By.cssSelector: #column-right a
190375 [main] INFO com.naveenautomation.TestBases.TestBase  - Found element by : By.cssSelector: #column-right a
2024-03-17 14:59:15 INFO  TestBase:148 - Getting text from element  : Login
190395 [main] INFO com.naveenautomation.TestBases.TestBase  - Getting text from element  : Login
2024-03-17 14:59:15 INFO  TestBase:154 - Geot text from element  : Login
190430 [main] INFO com.naveenautomation.TestBases.TestBase  - Geot text from element  : Login
2024-03-17 14:59:15 INFO  TestBase:148 - Getting text from element  : Register
190441 [main] INFO com.naveenautomation.TestBases.TestBase  - Getting text from element  : Register
2024-03-17 14:59:15 INFO  TestBase:154 - Geot text from element  : Register
190466 [main] INFO com.naveenautomation.TestBases.TestBase  - Geot text from element  : Register
2024-03-17 14:59:15 INFO  TestBase:148 - Getting text from element  : Forgotten Password
190477 [main] INFO com.naveenautomation.TestBases.TestBase  - Getting text from element  : Forgotten Password
2024-03-17 14:59:15 INFO  TestBase:154 - Geot text from element  : Forgotten Password
190498 [main] INFO com.naveenautomation.TestBases.TestBase  - Geot text from element  : Forgotten Password
2024-03-17 14:59:15 INFO  TestBase:148 - Getting text from element  : My Account
190512 [main] INFO com.naveenautomation.TestBases.TestBase  - Getting text from element  : My Account
2024-03-17 14:59:15 INFO  TestBase:154 - Geot text from element  : My Account
190532 [main] INFO com.naveenautomation.TestBases.TestBase  - Geot text from element  : My Account
2024-03-17 14:59:15 INFO  TestBase:148 - Getting text from element  : Address Book
190545 [main] INFO com.naveenautomation.TestBases.TestBase  - Getting text from element  : Address Book
2024-03-17 14:59:15 INFO  TestBase:154 - Geot text from element  : Address Book
190565 [main] INFO com.naveenautomation.TestBases.TestBase  - Geot text from element  : Address Book
2024-03-17 14:59:15 INFO  TestBase:148 - Getting text from element  : Wish List
190576 [main] INFO com.naveenautomation.TestBases.TestBase  - Getting text from element  : Wish List
2024-03-17 14:59:15 INFO  TestBase:154 - Geot text from element  : Wish List
190598 [main] INFO com.naveenautomation.TestBases.TestBase  - Geot text from element  : Wish List
2024-03-17 14:59:15 INFO  TestBase:148 - Getting text from element  : Order History
190608 [main] INFO com.naveenautomation.TestBases.TestBase  - Getting text from element  : Order History
2024-03-17 14:59:15 INFO  TestBase:154 - Geot text from element  : Order History
190628 [main] INFO com.naveenautomation.TestBases.TestBase  - Geot text from element  : Order History
2024-03-17 14:59:15 INFO  TestBase:148 - Getting text from element  : Downloads
190638 [main] INFO com.naveenautomation.TestBases.TestBase  - Getting text from element  : Downloads
2024-03-17 14:59:15 INFO  TestBase:154 - Geot text from element  : Downloads
190657 [main] INFO com.naveenautomation.TestBases.TestBase  - Geot text from element  : Downloads
2024-03-17 14:59:15 INFO  TestBase:148 - Getting text from element  : Recurring payments
190667 [main] INFO com.naveenautomation.TestBases.TestBase  - Getting text from element  : Recurring payments
2024-03-17 14:59:15 INFO  TestBase:154 - Geot text from element  : Recurring payments
190688 [main] INFO com.naveenautomation.TestBases.TestBase  - Geot text from element  : Recurring payments
2024-03-17 14:59:15 INFO  TestBase:148 - Getting text from element  : Reward Points
190697 [main] INFO com.naveenautomation.TestBases.TestBase  - Getting text from element  : Reward Points
2024-03-17 14:59:15 INFO  TestBase:154 - Geot text from element  : Reward Points
190717 [main] INFO com.naveenautomation.TestBases.TestBase  - Geot text from element  : Reward Points
2024-03-17 14:59:15 INFO  TestBase:148 - Getting text from element  : Returns
190728 [main] INFO com.naveenautomation.TestBases.TestBase  - Getting text from element  : Returns
2024-03-17 14:59:15 INFO  TestBase:154 - Geot text from element  : Returns
190748 [main] INFO com.naveenautomation.TestBases.TestBase  - Geot text from element  : Returns
2024-03-17 14:59:15 INFO  TestBase:148 - Getting text from element  : Transactions
190758 [main] INFO com.naveenautomation.TestBases.TestBase  - Getting text from element  : Transactions
2024-03-17 14:59:15 INFO  TestBase:154 - Geot text from element  : Transactions
190778 [main] INFO com.naveenautomation.TestBases.TestBase  - Geot text from element  : Transactions
2024-03-17 14:59:15 INFO  TestBase:148 - Getting text from element  : Newsletter
190790 [main] INFO com.naveenautomation.TestBases.TestBase  - Getting text from element  : Newsletter
2024-03-17 14:59:15 INFO  TestBase:154 - Geot text from element  : Newsletter
190809 [main] INFO com.naveenautomation.TestBases.TestBase  - Geot text from element  : Newsletter
]]></system-out>
    <system-err><![CDATA[Starting Microsoft Edge WebDriver 122.0.2365.92 (908657ec17be9ad27101d76cdae7448c824b705c) on port 42384
To submit feedback, report a bug, or suggest new features, please visit https://github.com/MicrosoftEdge/EdgeWebDriver

Only local connections are allowed.
Please see https://aka.ms/WebDriverSecurity for suggestions on keeping Microsoft Edge WebDriver safe.

Microsoft Edge WebDriver was started successfully.
Mar. 17, 2024 2:59:10 P.M. org.openqa.selenium.remote.ProtocolHandshake createSession
INFO: Detected dialect: W3C
]]></system-err>
  </testcase>
  <testcase name="validateLogin" classname="naveenautomation.tests.MyAccountPageTest" time="32.209">
    <failure message="Expected condition failed: waiting for visibility of Proxy element for: DefaultElementLocator &apos;By.cssSelector: #account-account&gt;div.row h2:first-of-type&apos; (tried for 30 second(s) with 500 milliseconds interval)" type="org.openqa.selenium.TimeoutException">org.openqa.selenium.TimeoutException: Expected condition failed: waiting for visibility of Proxy element for: DefaultElementLocator 'By.cssSelector: #account-account>div.row h2:first-of-type' (tried for 30 second(s) with 500 milliseconds interval)
	at naveenautomation.tests.MyAccountPageTest.validateLogin(MyAccountPageTest.java:40)
Caused by: org.openqa.selenium.NoSuchElementException: 
no such element: Unable to locate element: {"method":"css selector","selector":"#account-account>div.row h2:first-of-type"}
  (Session info: MicrosoftEdge=122.0.2365.92)
For documentation on this error, please visit: https://www.seleniumhq.org/exceptions/no_such_element.html
Build info: version: '3.141.59', revision: 'e82be7d358', time: '2018-11-14T08:17:03'
System info: host: 'DESKTOP-EFV0BSI', ip: '192.168.2.29', os.name: 'Windows 10', os.arch: 'amd64', os.version: '10.0', java.version: '11.0.16'
Driver info: org.openqa.selenium.edge.EdgeDriver
Capabilities {acceptInsecureCerts: false, browserName: MicrosoftEdge, browserVersion: 122.0.2365.92, fedcm:accounts: true, javascriptEnabled: true, ms:edgeOptions: {debuggerAddress: localhost:50811}, msedge: {msedgedriverVersion: 122.0.2365.92 (908657ec17be..., userDataDir: C:\Users\user\AppData\Local...}, networkConnectionEnabled: false, pageLoadStrategy: normal, platform: WINDOWS, platformName: WINDOWS, proxy: Proxy(), setWindowRect: true, strictFileInteractability: false, timeouts: {implicit: 0, pageLoad: 300000, script: 30000}, unhandledPromptBehavior: dismiss and notify, webauthn:extension:credBlob: true, webauthn:extension:largeBlob: true, webauthn:extension:minPinLength: true, webauthn:extension:prf: true, webauthn:virtualAuthenticators: true}
Session ID: cf26dd7ff9145a3a256f7fbca7e50e18
*** Element info: {Using=css selector, value=#account-account>div.row h2:first-of-type}
	at naveenautomation.tests.MyAccountPageTest.validateLogin(MyAccountPageTest.java:40)
</failure>
    <system-out><![CDATA[2024-03-17 14:59:15 INFO  TestBase:63 - Launching Edge Browser
191030 [main] INFO com.naveenautomation.TestBases.TestBase  - Launching Edge Browser
2024-03-17 14:59:19 INFO  TestBase:40 - Loading Page in Browser
194338 [main] INFO com.naveenautomation.TestBases.TestBase  - Loading Page in Browser
2024-03-17 14:59:19 INFO  TestBase:35 - Navigating to URL : https://naveenautomationlabs.com/opencart/index.php?route=account/login
194339 [main] INFO com.naveenautomation.TestBases.TestBase  - Navigating to URL : https://naveenautomationlabs.com/opencart/index.php?route=account/login
2024-03-17 14:59:21 INFO  TestBase:41 - Navigated to URL : https://naveenautomationlabs.com/opencart/index.php?route=account/login
196650 [main] INFO com.naveenautomation.TestBases.TestBase  - Navigated to URL : https://naveenautomationlabs.com/opencart/index.php?route=account/login
2024-03-17 14:59:21 INFO  TestBase:49 - Entering Emaillijosh4@gmail.com
196653 [main] INFO com.naveenautomation.TestBases.TestBase  - Entering Emaillijosh4@gmail.com
2024-03-17 14:59:21 INFO  TestBase:77 - Finding element by : By.id: input-email
196653 [main] INFO com.naveenautomation.TestBases.TestBase  - Finding element by : By.id: input-email
2024-03-17 14:59:21 INFO  TestBase:83 - Found element by : By.id: input-email
196704 [main] INFO com.naveenautomation.TestBases.TestBase  - Found element by : By.id: input-email
2024-03-17 14:59:21 INFO  TestBase:77 - Finding element by : By.id: input-email
196760 [main] INFO com.naveenautomation.TestBases.TestBase  - Finding element by : By.id: input-email
2024-03-17 14:59:21 INFO  TestBase:83 - Found element by : By.id: input-email
196782 [main] INFO com.naveenautomation.TestBases.TestBase  - Found element by : By.id: input-email
2024-03-17 14:59:21 INFO  TestBase:54 - Entering Passwordpassword
197036 [main] INFO com.naveenautomation.TestBases.TestBase  - Entering Passwordpassword
2024-03-17 14:59:21 INFO  TestBase:77 - Finding element by : By.id: input-password
197036 [main] INFO com.naveenautomation.TestBases.TestBase  - Finding element by : By.id: input-password
2024-03-17 14:59:21 INFO  TestBase:83 - Found element by : By.id: input-password
197072 [main] INFO com.naveenautomation.TestBases.TestBase  - Found element by : By.id: input-password
2024-03-17 14:59:21 INFO  TestBase:77 - Finding element by : By.id: input-password
197112 [main] INFO com.naveenautomation.TestBases.TestBase  - Finding element by : By.id: input-password
2024-03-17 14:59:21 INFO  TestBase:83 - Found element by : By.id: input-password
197149 [main] INFO com.naveenautomation.TestBases.TestBase  - Found element by : By.id: input-password
2024-03-17 14:59:21 INFO  TestBase:59 - Clicking login button
197273 [main] INFO com.naveenautomation.TestBases.TestBase  - Clicking login button
2024-03-17 14:59:21 INFO  TestBase:77 - Finding element by : By.cssSelector: #content div>div form>input
197274 [main] INFO com.naveenautomation.TestBases.TestBase  - Finding element by : By.cssSelector: #content div>div form>input
2024-03-17 14:59:21 INFO  TestBase:83 - Found element by : By.cssSelector: #content div>div form>input
197309 [main] INFO com.naveenautomation.TestBases.TestBase  - Found element by : By.cssSelector: #content div>div form>input
2024-03-17 14:59:22 INFO  TestBase:77 - Finding element by : By.cssSelector: #content div>div form>input
197332 [main] INFO com.naveenautomation.TestBases.TestBase  - Finding element by : By.cssSelector: #content div>div form>input
2024-03-17 14:59:22 INFO  TestBase:83 - Found element by : By.cssSelector: #content div>div form>input
197346 [main] INFO com.naveenautomation.TestBases.TestBase  - Found element by : By.cssSelector: #content div>div form>input
2024-03-17 14:59:22 INFO  TestBase:77 - Finding element by : By.cssSelector: #content div>div form>input
197357 [main] INFO com.naveenautomation.TestBases.TestBase  - Finding element by : By.cssSelector: #content div>div form>input
2024-03-17 14:59:22 INFO  TestBase:83 - Found element by : By.cssSelector: #content div>div form>input
197377 [main] INFO com.naveenautomation.TestBases.TestBase  - Found element by : By.cssSelector: #content div>div form>input
2024-03-17 14:59:22 INFO  TestBase:89 - Clicking on element by : [[EdgeDriver: MicrosoftEdge on WINDOWS (cf26dd7ff9145a3a256f7fbca7e50e18)] -> css selector: #content div>div form>input]
197377 [main] INFO com.naveenautomation.TestBases.TestBase  - Clicking on element by : [[EdgeDriver: MicrosoftEdge on WINDOWS (cf26dd7ff9145a3a256f7fbca7e50e18)] -> css selector: #content div>div form>input]
2024-03-17 14:59:22 INFO  TestBase:77 - Finding element by : By.cssSelector: #content div>div form>input
197874 [main] INFO com.naveenautomation.TestBases.TestBase  - Finding element by : By.cssSelector: #content div>div form>input
2024-03-17 14:59:22 INFO  TestBase:83 - Found element by : By.cssSelector: #content div>div form>input
197895 [main] INFO com.naveenautomation.TestBases.TestBase  - Found element by : By.cssSelector: #content div>div form>input
2024-03-17 14:59:22 INFO  TestBase:89 - Clicking on element by : [[EdgeDriver: MicrosoftEdge on WINDOWS (cf26dd7ff9145a3a256f7fbca7e50e18)] -> css selector: #content div>div form>input]
197895 [main] INFO com.naveenautomation.TestBases.TestBase  - Clicking on element by : [[EdgeDriver: MicrosoftEdge on WINDOWS (cf26dd7ff9145a3a256f7fbca7e50e18)] -> css selector: #content div>div form>input]
2024-03-17 14:59:23 INFO  TestBase:77 - Finding element by : By.cssSelector: #account-account>div.row h2:first-of-type
198383 [main] INFO com.naveenautomation.TestBases.TestBase  - Finding element by : By.cssSelector: #account-account>div.row h2:first-of-type
2024-03-17 14:59:23 INFO  TestBase:77 - Finding element by : By.cssSelector: #account-account>div.row h2:first-of-type
198931 [main] INFO com.naveenautomation.TestBases.TestBase  - Finding element by : By.cssSelector: #account-account>div.row h2:first-of-type
2024-03-17 14:59:24 INFO  TestBase:77 - Finding element by : By.cssSelector: #account-account>div.row h2:first-of-type
199478 [main] INFO com.naveenautomation.TestBases.TestBase  - Finding element by : By.cssSelector: #account-account>div.row h2:first-of-type
2024-03-17 14:59:24 INFO  TestBase:77 - Finding element by : By.cssSelector: #account-account>div.row h2:first-of-type
200026 [main] INFO com.naveenautomation.TestBases.TestBase  - Finding element by : By.cssSelector: #account-account>div.row h2:first-of-type
2024-03-17 14:59:25 INFO  TestBase:77 - Finding element by : By.cssSelector: #account-account>div.row h2:first-of-type
200560 [main] INFO com.naveenautomation.TestBases.TestBase  - Finding element by : By.cssSelector: #account-account>div.row h2:first-of-type
2024-03-17 14:59:25 INFO  TestBase:77 - Finding element by : By.cssSelector: #account-account>div.row h2:first-of-type
201097 [main] INFO com.naveenautomation.TestBases.TestBase  - Finding element by : By.cssSelector: #account-account>div.row h2:first-of-type
2024-03-17 14:59:26 INFO  TestBase:77 - Finding element by : By.cssSelector: #account-account>div.row h2:first-of-type
201723 [main] INFO com.naveenautomation.TestBases.TestBase  - Finding element by : By.cssSelector: #account-account>div.row h2:first-of-type
2024-03-17 14:59:26 INFO  TestBase:77 - Finding element by : By.cssSelector: #account-account>div.row h2:first-of-type
202267 [main] INFO com.naveenautomation.TestBases.TestBase  - Finding element by : By.cssSelector: #account-account>div.row h2:first-of-type
2024-03-17 14:59:27 INFO  TestBase:77 - Finding element by : By.cssSelector: #account-account>div.row h2:first-of-type
202794 [main] INFO com.naveenautomation.TestBases.TestBase  - Finding element by : By.cssSelector: #account-account>div.row h2:first-of-type
2024-03-17 14:59:28 INFO  TestBase:77 - Finding element by : By.cssSelector: #account-account>div.row h2:first-of-type
203330 [main] INFO com.naveenautomation.TestBases.TestBase  - Finding element by : By.cssSelector: #account-account>div.row h2:first-of-type
2024-03-17 14:59:28 INFO  TestBase:77 - Finding element by : By.cssSelector: #account-account>div.row h2:first-of-type
203866 [main] INFO com.naveenautomation.TestBases.TestBase  - Finding element by : By.cssSelector: #account-account>div.row h2:first-of-type
2024-03-17 14:59:29 INFO  TestBase:77 - Finding element by : By.cssSelector: #account-account>div.row h2:first-of-type
204403 [main] INFO com.naveenautomation.TestBases.TestBase  - Finding element by : By.cssSelector: #account-account>div.row h2:first-of-type
2024-03-17 14:59:29 INFO  TestBase:77 - Finding element by : By.cssSelector: #account-account>div.row h2:first-of-type
204936 [main] INFO com.naveenautomation.TestBases.TestBase  - Finding element by : By.cssSelector: #account-account>div.row h2:first-of-type
2024-03-17 14:59:30 INFO  TestBase:77 - Finding element by : By.cssSelector: #account-account>div.row h2:first-of-type
205474 [main] INFO com.naveenautomation.TestBases.TestBase  - Finding element by : By.cssSelector: #account-account>div.row h2:first-of-type
2024-03-17 14:59:30 INFO  TestBase:77 - Finding element by : By.cssSelector: #account-account>div.row h2:first-of-type
206009 [main] INFO com.naveenautomation.TestBases.TestBase  - Finding element by : By.cssSelector: #account-account>div.row h2:first-of-type
2024-03-17 14:59:31 INFO  TestBase:77 - Finding element by : By.cssSelector: #account-account>div.row h2:first-of-type
206545 [main] INFO com.naveenautomation.TestBases.TestBase  - Finding element by : By.cssSelector: #account-account>div.row h2:first-of-type
2024-03-17 14:59:31 INFO  TestBase:77 - Finding element by : By.cssSelector: #account-account>div.row h2:first-of-type
207082 [main] INFO com.naveenautomation.TestBases.TestBase  - Finding element by : By.cssSelector: #account-account>div.row h2:first-of-type
2024-03-17 14:59:32 INFO  TestBase:77 - Finding element by : By.cssSelector: #account-account>div.row h2:first-of-type
207611 [main] INFO com.naveenautomation.TestBases.TestBase  - Finding element by : By.cssSelector: #account-account>div.row h2:first-of-type
2024-03-17 14:59:32 INFO  TestBase:77 - Finding element by : By.cssSelector: #account-account>div.row h2:first-of-type
208157 [main] INFO com.naveenautomation.TestBases.TestBase  - Finding element by : By.cssSelector: #account-account>div.row h2:first-of-type
2024-03-17 14:59:33 INFO  TestBase:77 - Finding element by : By.cssSelector: #account-account>div.row h2:first-of-type
208688 [main] INFO com.naveenautomation.TestBases.TestBase  - Finding element by : By.cssSelector: #account-account>div.row h2:first-of-type
2024-03-17 14:59:33 INFO  TestBase:77 - Finding element by : By.cssSelector: #account-account>div.row h2:first-of-type
209232 [main] INFO com.naveenautomation.TestBases.TestBase  - Finding element by : By.cssSelector: #account-account>div.row h2:first-of-type
2024-03-17 14:59:34 INFO  TestBase:77 - Finding element by : By.cssSelector: #account-account>div.row h2:first-of-type
209762 [main] INFO com.naveenautomation.TestBases.TestBase  - Finding element by : By.cssSelector: #account-account>div.row h2:first-of-type
2024-03-17 14:59:35 INFO  TestBase:77 - Finding element by : By.cssSelector: #account-account>div.row h2:first-of-type
210312 [main] INFO com.naveenautomation.TestBases.TestBase  - Finding element by : By.cssSelector: #account-account>div.row h2:first-of-type
2024-03-17 14:59:35 INFO  TestBase:77 - Finding element by : By.cssSelector: #account-account>div.row h2:first-of-type
210856 [main] INFO com.naveenautomation.TestBases.TestBase  - Finding element by : By.cssSelector: #account-account>div.row h2:first-of-type
2024-03-17 14:59:36 INFO  TestBase:77 - Finding element by : By.cssSelector: #account-account>div.row h2:first-of-type
211399 [main] INFO com.naveenautomation.TestBases.TestBase  - Finding element by : By.cssSelector: #account-account>div.row h2:first-of-type
2024-03-17 14:59:36 INFO  TestBase:77 - Finding element by : By.cssSelector: #account-account>div.row h2:first-of-type
211943 [main] INFO com.naveenautomation.TestBases.TestBase  - Finding element by : By.cssSelector: #account-account>div.row h2:first-of-type
2024-03-17 14:59:37 INFO  TestBase:77 - Finding element by : By.cssSelector: #account-account>div.row h2:first-of-type
212487 [main] INFO com.naveenautomation.TestBases.TestBase  - Finding element by : By.cssSelector: #account-account>div.row h2:first-of-type
2024-03-17 14:59:37 INFO  TestBase:77 - Finding element by : By.cssSelector: #account-account>div.row h2:first-of-type
213032 [main] INFO com.naveenautomation.TestBases.TestBase  - Finding element by : By.cssSelector: #account-account>div.row h2:first-of-type
2024-03-17 14:59:38 INFO  TestBase:77 - Finding element by : By.cssSelector: #account-account>div.row h2:first-of-type
213573 [main] INFO com.naveenautomation.TestBases.TestBase  - Finding element by : By.cssSelector: #account-account>div.row h2:first-of-type
2024-03-17 14:59:38 INFO  TestBase:77 - Finding element by : By.cssSelector: #account-account>div.row h2:first-of-type
214119 [main] INFO com.naveenautomation.TestBases.TestBase  - Finding element by : By.cssSelector: #account-account>div.row h2:first-of-type
2024-03-17 14:59:39 INFO  TestBase:77 - Finding element by : By.cssSelector: #account-account>div.row h2:first-of-type
214649 [main] INFO com.naveenautomation.TestBases.TestBase  - Finding element by : By.cssSelector: #account-account>div.row h2:first-of-type
2024-03-17 14:59:39 INFO  TestBase:77 - Finding element by : By.cssSelector: #account-account>div.row h2:first-of-type
215178 [main] INFO com.naveenautomation.TestBases.TestBase  - Finding element by : By.cssSelector: #account-account>div.row h2:first-of-type
2024-03-17 14:59:40 INFO  TestBase:77 - Finding element by : By.cssSelector: #account-account>div.row h2:first-of-type
215725 [main] INFO com.naveenautomation.TestBases.TestBase  - Finding element by : By.cssSelector: #account-account>div.row h2:first-of-type
2024-03-17 14:59:40 INFO  TestBase:77 - Finding element by : By.cssSelector: #account-account>div.row h2:first-of-type
216271 [main] INFO com.naveenautomation.TestBases.TestBase  - Finding element by : By.cssSelector: #account-account>div.row h2:first-of-type
2024-03-17 14:59:41 INFO  TestBase:77 - Finding element by : By.cssSelector: #account-account>div.row h2:first-of-type
216817 [main] INFO com.naveenautomation.TestBases.TestBase  - Finding element by : By.cssSelector: #account-account>div.row h2:first-of-type
2024-03-17 14:59:42 INFO  TestBase:77 - Finding element by : By.cssSelector: #account-account>div.row h2:first-of-type
217361 [main] INFO com.naveenautomation.TestBases.TestBase  - Finding element by : By.cssSelector: #account-account>div.row h2:first-of-type
2024-03-17 14:59:42 INFO  TestBase:77 - Finding element by : By.cssSelector: #account-account>div.row h2:first-of-type
217908 [main] INFO com.naveenautomation.TestBases.TestBase  - Finding element by : By.cssSelector: #account-account>div.row h2:first-of-type
2024-03-17 14:59:43 INFO  TestBase:77 - Finding element by : By.cssSelector: #account-account>div.row h2:first-of-type
218452 [main] INFO com.naveenautomation.TestBases.TestBase  - Finding element by : By.cssSelector: #account-account>div.row h2:first-of-type
2024-03-17 14:59:43 INFO  TestBase:77 - Finding element by : By.cssSelector: #account-account>div.row h2:first-of-type
218995 [main] INFO com.naveenautomation.TestBases.TestBase  - Finding element by : By.cssSelector: #account-account>div.row h2:first-of-type
2024-03-17 14:59:44 INFO  TestBase:77 - Finding element by : By.cssSelector: #account-account>div.row h2:first-of-type
219524 [main] INFO com.naveenautomation.TestBases.TestBase  - Finding element by : By.cssSelector: #account-account>div.row h2:first-of-type
2024-03-17 14:59:44 INFO  TestBase:77 - Finding element by : By.cssSelector: #account-account>div.row h2:first-of-type
220085 [main] INFO com.naveenautomation.TestBases.TestBase  - Finding element by : By.cssSelector: #account-account>div.row h2:first-of-type
2024-03-17 14:59:45 INFO  TestBase:77 - Finding element by : By.cssSelector: #account-account>div.row h2:first-of-type
220617 [main] INFO com.naveenautomation.TestBases.TestBase  - Finding element by : By.cssSelector: #account-account>div.row h2:first-of-type
2024-03-17 14:59:45 INFO  TestBase:77 - Finding element by : By.cssSelector: #account-account>div.row h2:first-of-type
221161 [main] INFO com.naveenautomation.TestBases.TestBase  - Finding element by : By.cssSelector: #account-account>div.row h2:first-of-type
2024-03-17 14:59:46 INFO  TestBase:77 - Finding element by : By.cssSelector: #account-account>div.row h2:first-of-type
221722 [main] INFO com.naveenautomation.TestBases.TestBase  - Finding element by : By.cssSelector: #account-account>div.row h2:first-of-type
2024-03-17 14:59:46 INFO  TestBase:77 - Finding element by : By.cssSelector: #account-account>div.row h2:first-of-type
222264 [main] INFO com.naveenautomation.TestBases.TestBase  - Finding element by : By.cssSelector: #account-account>div.row h2:first-of-type
2024-03-17 14:59:47 INFO  TestBase:77 - Finding element by : By.cssSelector: #account-account>div.row h2:first-of-type
222810 [main] INFO com.naveenautomation.TestBases.TestBase  - Finding element by : By.cssSelector: #account-account>div.row h2:first-of-type
2024-03-17 14:59:48 INFO  TestBase:77 - Finding element by : By.cssSelector: #account-account>div.row h2:first-of-type
223357 [main] INFO com.naveenautomation.TestBases.TestBase  - Finding element by : By.cssSelector: #account-account>div.row h2:first-of-type
2024-03-17 14:59:48 INFO  TestBase:77 - Finding element by : By.cssSelector: #account-account>div.row h2:first-of-type
223885 [main] INFO com.naveenautomation.TestBases.TestBase  - Finding element by : By.cssSelector: #account-account>div.row h2:first-of-type
2024-03-17 14:59:49 INFO  TestBase:77 - Finding element by : By.cssSelector: #account-account>div.row h2:first-of-type
224416 [main] INFO com.naveenautomation.TestBases.TestBase  - Finding element by : By.cssSelector: #account-account>div.row h2:first-of-type
2024-03-17 14:59:49 INFO  TestBase:77 - Finding element by : By.cssSelector: #account-account>div.row h2:first-of-type
224960 [main] INFO com.naveenautomation.TestBases.TestBase  - Finding element by : By.cssSelector: #account-account>div.row h2:first-of-type
2024-03-17 14:59:50 INFO  TestBase:77 - Finding element by : By.cssSelector: #account-account>div.row h2:first-of-type
225488 [main] INFO com.naveenautomation.TestBases.TestBase  - Finding element by : By.cssSelector: #account-account>div.row h2:first-of-type
2024-03-17 14:59:50 INFO  TestBase:77 - Finding element by : By.cssSelector: #account-account>div.row h2:first-of-type
226032 [main] INFO com.naveenautomation.TestBases.TestBase  - Finding element by : By.cssSelector: #account-account>div.row h2:first-of-type
2024-03-17 14:59:51 INFO  TestBase:77 - Finding element by : By.cssSelector: #account-account>div.row h2:first-of-type
226579 [main] INFO com.naveenautomation.TestBases.TestBase  - Finding element by : By.cssSelector: #account-account>div.row h2:first-of-type
2024-03-17 14:59:51 INFO  TestBase:77 - Finding element by : By.cssSelector: #account-account>div.row h2:first-of-type
227137 [main] INFO com.naveenautomation.TestBases.TestBase  - Finding element by : By.cssSelector: #account-account>div.row h2:first-of-type
2024-03-17 14:59:52 INFO  TestBase:77 - Finding element by : By.cssSelector: #account-account>div.row h2:first-of-type
227682 [main] INFO com.naveenautomation.TestBases.TestBase  - Finding element by : By.cssSelector: #account-account>div.row h2:first-of-type
2024-03-17 14:59:52 INFO  TestBase:77 - Finding element by : By.cssSelector: #account-account>div.row h2:first-of-type
228240 [main] INFO com.naveenautomation.TestBases.TestBase  - Finding element by : By.cssSelector: #account-account>div.row h2:first-of-type
2024-03-17 14:59:53 INFO  TestBase:77 - Finding element by : By.cssSelector: #account-account>div.row h2:first-of-type
228788 [main] INFO com.naveenautomation.TestBases.TestBase  - Finding element by : By.cssSelector: #account-account>div.row h2:first-of-type
2024-03-17 14:59:53 INFO  TestBase:77 - Finding element by : By.cssSelector: #account-account>div.row h2:first-of-type
228829 [main] INFO com.naveenautomation.TestBases.TestBase  - Finding element by : By.cssSelector: #account-account>div.row h2:first-of-type
]]></system-out>
    <system-err><![CDATA[[1710701955.612][SEVERE]: Unable to receive message from renderer
Starting Microsoft Edge WebDriver 122.0.2365.92 (908657ec17be9ad27101d76cdae7448c824b705c) on port 36988
To submit feedback, report a bug, or suggest new features, please visit https://github.com/MicrosoftEdge/EdgeWebDriver

Only local connections are allowed.
Please see https://aka.ms/WebDriverSecurity for suggestions on keeping Microsoft Edge WebDriver safe.

Microsoft Edge WebDriver was started successfully.
Mar. 17, 2024 2:59:18 P.M. org.openqa.selenium.remote.ProtocolHandshake createSession
INFO: Detected dialect: W3C
]]></system-err>
  </testcase>
  <testcase name="validateLoginFromDataProvider" classname="naveenautomation.tests.MyAccountPageTest" time="1.696"/>
  <testcase name="validateLoginFromDataProvider" classname="naveenautomation.tests.MyAccountPageTest" time="1.83"/>
  <testcase name="validateLoginFromDataProvider" classname="naveenautomation.tests.MyAccountPageTest" time="1.749"/>
  <testcase name="validatePasswordUpdate" classname="naveenautomation.tests.MyAccountPageTest" time="16.941">
    <failure message="Expected condition failed: waiting for element to be clickable: Proxy element for: DefaultElementLocator &apos;By.cssSelector: #content&gt;ul:nth-of-type(1) li:nth-of-type(2) a&apos; (tried for 15 second(s) with 500 milliseconds interval)" type="org.openqa.selenium.TimeoutException">org.openqa.selenium.TimeoutException: Expected condition failed: waiting for element to be clickable: Proxy element for: DefaultElementLocator 'By.cssSelector: #content>ul:nth-of-type(1) li:nth-of-type(2) a' (tried for 15 second(s) with 500 milliseconds interval)
	at naveenautomation.tests.MyAccountPageTest.validatePasswordUpdate(MyAccountPageTest.java:90)
Caused by: org.openqa.selenium.NoSuchElementException: 
no such element: Unable to locate element: {"method":"css selector","selector":"#content>ul:nth-of-type(1) li:nth-of-type(2) a"}
  (Session info: MicrosoftEdge=122.0.2365.92)
For documentation on this error, please visit: https://www.seleniumhq.org/exceptions/no_such_element.html
Build info: version: '3.141.59', revision: 'e82be7d358', time: '2018-11-14T08:17:03'
System info: host: 'DESKTOP-EFV0BSI', ip: '192.168.2.29', os.name: 'Windows 10', os.arch: 'amd64', os.version: '10.0', java.version: '11.0.16'
Driver info: org.openqa.selenium.edge.EdgeDriver
Capabilities {acceptInsecureCerts: false, browserName: MicrosoftEdge, browserVersion: 122.0.2365.92, fedcm:accounts: true, javascriptEnabled: true, ms:edgeOptions: {debuggerAddress: localhost:50951}, msedge: {msedgedriverVersion: 122.0.2365.92 (908657ec17be..., userDataDir: C:\Users\user\AppData\Local...}, networkConnectionEnabled: false, pageLoadStrategy: normal, platform: WINDOWS, platformName: WINDOWS, proxy: Proxy(), setWindowRect: true, strictFileInteractability: false, timeouts: {implicit: 0, pageLoad: 300000, script: 30000}, unhandledPromptBehavior: dismiss and notify, webauthn:extension:credBlob: true, webauthn:extension:largeBlob: true, webauthn:extension:minPinLength: true, webauthn:extension:prf: true, webauthn:virtualAuthenticators: true}
Session ID: e6832a5502f6d90c11d07cb4acfc4891
*** Element info: {Using=css selector, value=#content>ul:nth-of-type(1) li:nth-of-type(2) a}
	at naveenautomation.tests.MyAccountPageTest.validatePasswordUpdate(MyAccountPageTest.java:90)
</failure>
    <system-out><![CDATA[2024-03-17 15:00:23 INFO  TestBase:63 - Launching Edge Browser
258935 [main] INFO com.naveenautomation.TestBases.TestBase  - Launching Edge Browser
2024-03-17 15:00:26 INFO  TestBase:40 - Loading Page in Browser
261886 [main] INFO com.naveenautomation.TestBases.TestBase  - Loading Page in Browser
2024-03-17 15:00:26 INFO  TestBase:35 - Navigating to URL : https://naveenautomationlabs.com/opencart/index.php?route=account/login
261886 [main] INFO com.naveenautomation.TestBases.TestBase  - Navigating to URL : https://naveenautomationlabs.com/opencart/index.php?route=account/login
2024-03-17 15:00:28 INFO  TestBase:41 - Navigated to URL : https://naveenautomationlabs.com/opencart/index.php?route=account/login
264232 [main] INFO com.naveenautomation.TestBases.TestBase  - Navigated to URL : https://naveenautomationlabs.com/opencart/index.php?route=account/login
2024-03-17 15:00:28 INFO  TestBase:49 - Entering Emaillijosh4@gmail.com
264233 [main] INFO com.naveenautomation.TestBases.TestBase  - Entering Emaillijosh4@gmail.com
2024-03-17 15:00:28 INFO  TestBase:77 - Finding element by : By.id: input-email
264234 [main] INFO com.naveenautomation.TestBases.TestBase  - Finding element by : By.id: input-email
2024-03-17 15:00:28 INFO  TestBase:83 - Found element by : By.id: input-email
264278 [main] INFO com.naveenautomation.TestBases.TestBase  - Found element by : By.id: input-email
2024-03-17 15:00:29 INFO  TestBase:77 - Finding element by : By.id: input-email
264322 [main] INFO com.naveenautomation.TestBases.TestBase  - Finding element by : By.id: input-email
2024-03-17 15:00:29 INFO  TestBase:83 - Found element by : By.id: input-email
264341 [main] INFO com.naveenautomation.TestBases.TestBase  - Found element by : By.id: input-email
2024-03-17 15:00:29 INFO  TestBase:54 - Entering Passwordpassword
264497 [main] INFO com.naveenautomation.TestBases.TestBase  - Entering Passwordpassword
2024-03-17 15:00:29 INFO  TestBase:77 - Finding element by : By.id: input-password
264497 [main] INFO com.naveenautomation.TestBases.TestBase  - Finding element by : By.id: input-password
2024-03-17 15:00:29 INFO  TestBase:83 - Found element by : By.id: input-password
264524 [main] INFO com.naveenautomation.TestBases.TestBase  - Found element by : By.id: input-password
2024-03-17 15:00:29 INFO  TestBase:77 - Finding element by : By.id: input-password
264554 [main] INFO com.naveenautomation.TestBases.TestBase  - Finding element by : By.id: input-password
2024-03-17 15:00:29 INFO  TestBase:83 - Found element by : By.id: input-password
264575 [main] INFO com.naveenautomation.TestBases.TestBase  - Found element by : By.id: input-password
2024-03-17 15:00:29 INFO  TestBase:59 - Clicking login button
264723 [main] INFO com.naveenautomation.TestBases.TestBase  - Clicking login button
2024-03-17 15:00:29 INFO  TestBase:77 - Finding element by : By.cssSelector: #content div>div form>input
264724 [main] INFO com.naveenautomation.TestBases.TestBase  - Finding element by : By.cssSelector: #content div>div form>input
2024-03-17 15:00:29 INFO  TestBase:83 - Found element by : By.cssSelector: #content div>div form>input
264763 [main] INFO com.naveenautomation.TestBases.TestBase  - Found element by : By.cssSelector: #content div>div form>input
2024-03-17 15:00:29 INFO  TestBase:77 - Finding element by : By.cssSelector: #content div>div form>input
264799 [main] INFO com.naveenautomation.TestBases.TestBase  - Finding element by : By.cssSelector: #content div>div form>input
2024-03-17 15:00:29 INFO  TestBase:83 - Found element by : By.cssSelector: #content div>div form>input
264829 [main] INFO com.naveenautomation.TestBases.TestBase  - Found element by : By.cssSelector: #content div>div form>input
2024-03-17 15:00:29 INFO  TestBase:77 - Finding element by : By.cssSelector: #content div>div form>input
264842 [main] INFO com.naveenautomation.TestBases.TestBase  - Finding element by : By.cssSelector: #content div>div form>input
2024-03-17 15:00:29 INFO  TestBase:83 - Found element by : By.cssSelector: #content div>div form>input
264857 [main] INFO com.naveenautomation.TestBases.TestBase  - Found element by : By.cssSelector: #content div>div form>input
2024-03-17 15:00:29 INFO  TestBase:89 - Clicking on element by : [[EdgeDriver: MicrosoftEdge on WINDOWS (e6832a5502f6d90c11d07cb4acfc4891)] -> css selector: #content div>div form>input]
264857 [main] INFO com.naveenautomation.TestBases.TestBase  - Clicking on element by : [[EdgeDriver: MicrosoftEdge on WINDOWS (e6832a5502f6d90c11d07cb4acfc4891)] -> css selector: #content div>div form>input]
2024-03-17 15:00:30 INFO  TestBase:77 - Finding element by : By.cssSelector: #content div>div form>input
265364 [main] INFO com.naveenautomation.TestBases.TestBase  - Finding element by : By.cssSelector: #content div>div form>input
2024-03-17 15:00:30 INFO  TestBase:83 - Found element by : By.cssSelector: #content div>div form>input
265407 [main] INFO com.naveenautomation.TestBases.TestBase  - Found element by : By.cssSelector: #content div>div form>input
2024-03-17 15:00:30 INFO  TestBase:89 - Clicking on element by : [[EdgeDriver: MicrosoftEdge on WINDOWS (e6832a5502f6d90c11d07cb4acfc4891)] -> css selector: #content div>div form>input]
265407 [main] INFO com.naveenautomation.TestBases.TestBase  - Clicking on element by : [[EdgeDriver: MicrosoftEdge on WINDOWS (e6832a5502f6d90c11d07cb4acfc4891)] -> css selector: #content div>div form>input]
2024-03-17 15:00:30 INFO  TestBase:77 - Finding element by : By.cssSelector: #content>ul:nth-of-type(1) li:nth-of-type(2) a
265895 [main] INFO com.naveenautomation.TestBases.TestBase  - Finding element by : By.cssSelector: #content>ul:nth-of-type(1) li:nth-of-type(2) a
2024-03-17 15:00:31 INFO  TestBase:77 - Finding element by : By.cssSelector: #content>ul:nth-of-type(1) li:nth-of-type(2) a
266430 [main] INFO com.naveenautomation.TestBases.TestBase  - Finding element by : By.cssSelector: #content>ul:nth-of-type(1) li:nth-of-type(2) a
2024-03-17 15:00:31 INFO  TestBase:77 - Finding element by : By.cssSelector: #content>ul:nth-of-type(1) li:nth-of-type(2) a
266994 [main] INFO com.naveenautomation.TestBases.TestBase  - Finding element by : By.cssSelector: #content>ul:nth-of-type(1) li:nth-of-type(2) a
2024-03-17 15:00:32 INFO  TestBase:77 - Finding element by : By.cssSelector: #content>ul:nth-of-type(1) li:nth-of-type(2) a
267541 [main] INFO com.naveenautomation.TestBases.TestBase  - Finding element by : By.cssSelector: #content>ul:nth-of-type(1) li:nth-of-type(2) a
2024-03-17 15:00:32 INFO  TestBase:77 - Finding element by : By.cssSelector: #content>ul:nth-of-type(1) li:nth-of-type(2) a
268076 [main] INFO com.naveenautomation.TestBases.TestBase  - Finding element by : By.cssSelector: #content>ul:nth-of-type(1) li:nth-of-type(2) a
2024-03-17 15:00:33 INFO  TestBase:77 - Finding element by : By.cssSelector: #content>ul:nth-of-type(1) li:nth-of-type(2) a
268627 [main] INFO com.naveenautomation.TestBases.TestBase  - Finding element by : By.cssSelector: #content>ul:nth-of-type(1) li:nth-of-type(2) a
2024-03-17 15:00:33 INFO  TestBase:77 - Finding element by : By.cssSelector: #content>ul:nth-of-type(1) li:nth-of-type(2) a
269176 [main] INFO com.naveenautomation.TestBases.TestBase  - Finding element by : By.cssSelector: #content>ul:nth-of-type(1) li:nth-of-type(2) a
2024-03-17 15:00:34 INFO  TestBase:77 - Finding element by : By.cssSelector: #content>ul:nth-of-type(1) li:nth-of-type(2) a
269712 [main] INFO com.naveenautomation.TestBases.TestBase  - Finding element by : By.cssSelector: #content>ul:nth-of-type(1) li:nth-of-type(2) a
2024-03-17 15:00:34 INFO  TestBase:77 - Finding element by : By.cssSelector: #content>ul:nth-of-type(1) li:nth-of-type(2) a
270262 [main] INFO com.naveenautomation.TestBases.TestBase  - Finding element by : By.cssSelector: #content>ul:nth-of-type(1) li:nth-of-type(2) a
2024-03-17 15:00:35 INFO  TestBase:77 - Finding element by : By.cssSelector: #content>ul:nth-of-type(1) li:nth-of-type(2) a
270798 [main] INFO com.naveenautomation.TestBases.TestBase  - Finding element by : By.cssSelector: #content>ul:nth-of-type(1) li:nth-of-type(2) a
2024-03-17 15:00:36 INFO  TestBase:77 - Finding element by : By.cssSelector: #content>ul:nth-of-type(1) li:nth-of-type(2) a
271331 [main] INFO com.naveenautomation.TestBases.TestBase  - Finding element by : By.cssSelector: #content>ul:nth-of-type(1) li:nth-of-type(2) a
2024-03-17 15:00:36 INFO  TestBase:77 - Finding element by : By.cssSelector: #content>ul:nth-of-type(1) li:nth-of-type(2) a
271867 [main] INFO com.naveenautomation.TestBases.TestBase  - Finding element by : By.cssSelector: #content>ul:nth-of-type(1) li:nth-of-type(2) a
2024-03-17 15:00:37 INFO  TestBase:77 - Finding element by : By.cssSelector: #content>ul:nth-of-type(1) li:nth-of-type(2) a
272405 [main] INFO com.naveenautomation.TestBases.TestBase  - Finding element by : By.cssSelector: #content>ul:nth-of-type(1) li:nth-of-type(2) a
2024-03-17 15:00:37 INFO  TestBase:77 - Finding element by : By.cssSelector: #content>ul:nth-of-type(1) li:nth-of-type(2) a
272941 [main] INFO com.naveenautomation.TestBases.TestBase  - Finding element by : By.cssSelector: #content>ul:nth-of-type(1) li:nth-of-type(2) a
2024-03-17 15:00:38 INFO  TestBase:77 - Finding element by : By.cssSelector: #content>ul:nth-of-type(1) li:nth-of-type(2) a
273468 [main] INFO com.naveenautomation.TestBases.TestBase  - Finding element by : By.cssSelector: #content>ul:nth-of-type(1) li:nth-of-type(2) a
2024-03-17 15:00:38 INFO  TestBase:77 - Finding element by : By.cssSelector: #content>ul:nth-of-type(1) li:nth-of-type(2) a
274012 [main] INFO com.naveenautomation.TestBases.TestBase  - Finding element by : By.cssSelector: #content>ul:nth-of-type(1) li:nth-of-type(2) a
2024-03-17 15:00:39 INFO  TestBase:77 - Finding element by : By.cssSelector: #content>ul:nth-of-type(1) li:nth-of-type(2) a
274540 [main] INFO com.naveenautomation.TestBases.TestBase  - Finding element by : By.cssSelector: #content>ul:nth-of-type(1) li:nth-of-type(2) a
2024-03-17 15:00:39 INFO  TestBase:77 - Finding element by : By.cssSelector: #content>ul:nth-of-type(1) li:nth-of-type(2) a
275101 [main] INFO com.naveenautomation.TestBases.TestBase  - Finding element by : By.cssSelector: #content>ul:nth-of-type(1) li:nth-of-type(2) a
2024-03-17 15:00:40 INFO  TestBase:77 - Finding element by : By.cssSelector: #content>ul:nth-of-type(1) li:nth-of-type(2) a
275663 [main] INFO com.naveenautomation.TestBases.TestBase  - Finding element by : By.cssSelector: #content>ul:nth-of-type(1) li:nth-of-type(2) a
2024-03-17 15:00:40 INFO  TestBase:77 - Finding element by : By.cssSelector: #content>ul:nth-of-type(1) li:nth-of-type(2) a
276205 [main] INFO com.naveenautomation.TestBases.TestBase  - Finding element by : By.cssSelector: #content>ul:nth-of-type(1) li:nth-of-type(2) a
2024-03-17 15:00:41 INFO  TestBase:77 - Finding element by : By.cssSelector: #content>ul:nth-of-type(1) li:nth-of-type(2) a
276751 [main] INFO com.naveenautomation.TestBases.TestBase  - Finding element by : By.cssSelector: #content>ul:nth-of-type(1) li:nth-of-type(2) a
2024-03-17 15:00:41 INFO  TestBase:77 - Finding element by : By.cssSelector: #content>ul:nth-of-type(1) li:nth-of-type(2) a
277295 [main] INFO com.naveenautomation.TestBases.TestBase  - Finding element by : By.cssSelector: #content>ul:nth-of-type(1) li:nth-of-type(2) a
2024-03-17 15:00:42 INFO  TestBase:77 - Finding element by : By.cssSelector: #content>ul:nth-of-type(1) li:nth-of-type(2) a
277844 [main] INFO com.naveenautomation.TestBases.TestBase  - Finding element by : By.cssSelector: #content>ul:nth-of-type(1) li:nth-of-type(2) a
2024-03-17 15:00:43 INFO  TestBase:77 - Finding element by : By.cssSelector: #content>ul:nth-of-type(1) li:nth-of-type(2) a
278400 [main] INFO com.naveenautomation.TestBases.TestBase  - Finding element by : By.cssSelector: #content>ul:nth-of-type(1) li:nth-of-type(2) a
2024-03-17 15:00:43 INFO  TestBase:77 - Finding element by : By.cssSelector: #content>ul:nth-of-type(1) li:nth-of-type(2) a
278946 [main] INFO com.naveenautomation.TestBases.TestBase  - Finding element by : By.cssSelector: #content>ul:nth-of-type(1) li:nth-of-type(2) a
2024-03-17 15:00:44 INFO  TestBase:77 - Finding element by : By.cssSelector: #content>ul:nth-of-type(1) li:nth-of-type(2) a
279487 [main] INFO com.naveenautomation.TestBases.TestBase  - Finding element by : By.cssSelector: #content>ul:nth-of-type(1) li:nth-of-type(2) a
2024-03-17 15:00:44 INFO  TestBase:77 - Finding element by : By.cssSelector: #content>ul:nth-of-type(1) li:nth-of-type(2) a
280037 [main] INFO com.naveenautomation.TestBases.TestBase  - Finding element by : By.cssSelector: #content>ul:nth-of-type(1) li:nth-of-type(2) a
2024-03-17 15:00:45 INFO  TestBase:77 - Finding element by : By.cssSelector: #content>ul:nth-of-type(1) li:nth-of-type(2) a
280568 [main] INFO com.naveenautomation.TestBases.TestBase  - Finding element by : By.cssSelector: #content>ul:nth-of-type(1) li:nth-of-type(2) a
2024-03-17 15:00:45 INFO  TestBase:77 - Finding element by : By.cssSelector: #content>ul:nth-of-type(1) li:nth-of-type(2) a
281112 [main] INFO com.naveenautomation.TestBases.TestBase  - Finding element by : By.cssSelector: #content>ul:nth-of-type(1) li:nth-of-type(2) a
2024-03-17 15:00:45 INFO  TestBase:77 - Finding element by : By.cssSelector: #content>ul:nth-of-type(1) li:nth-of-type(2) a
281155 [main] INFO com.naveenautomation.TestBases.TestBase  - Finding element by : By.cssSelector: #content>ul:nth-of-type(1) li:nth-of-type(2) a
]]></system-out>
    <system-err><![CDATA[[1710702023.496][SEVERE]: Unable to receive message from renderer
Starting Microsoft Edge WebDriver 122.0.2365.92 (908657ec17be9ad27101d76cdae7448c824b705c) on port 8883
To submit feedback, report a bug, or suggest new features, please visit https://github.com/MicrosoftEdge/EdgeWebDriver

Only local connections are allowed.
Please see https://aka.ms/WebDriverSecurity for suggestions on keeping Microsoft Edge WebDriver safe.

Microsoft Edge WebDriver was started successfully.
Mar. 17, 2024 3:00:26 P.M. org.openqa.selenium.remote.ProtocolHandshake createSession
INFO: Detected dialect: W3C
]]></system-err>
  </testcase>
  <testcase name="validateUserCanEditAffiliateInformation" classname="naveenautomation.tests.MyAccountPageTest" time="17.011">
    <failure message="Expected condition failed: waiting for element to be clickable: Proxy element for: DefaultElementLocator &apos;By.cssSelector: #content&gt;ul:nth-of-type(3) a&apos; (tried for 15 second(s) with 500 milliseconds interval)" type="org.openqa.selenium.TimeoutException">org.openqa.selenium.TimeoutException: Expected condition failed: waiting for element to be clickable: Proxy element for: DefaultElementLocator 'By.cssSelector: #content>ul:nth-of-type(3) a' (tried for 15 second(s) with 500 milliseconds interval)
	at naveenautomation.tests.MyAccountPageTest.validateUserCanEditAffiliateInformation(MyAccountPageTest.java:48)
Caused by: org.openqa.selenium.NoSuchElementException: 
no such element: Unable to locate element: {"method":"css selector","selector":"#content>ul:nth-of-type(3) a"}
  (Session info: MicrosoftEdge=122.0.2365.92)
For documentation on this error, please visit: https://www.seleniumhq.org/exceptions/no_such_element.html
Build info: version: '3.141.59', revision: 'e82be7d358', time: '2018-11-14T08:17:03'
System info: host: 'DESKTOP-EFV0BSI', ip: '192.168.2.29', os.name: 'Windows 10', os.arch: 'amd64', os.version: '10.0', java.version: '11.0.16'
Driver info: org.openqa.selenium.edge.EdgeDriver
Capabilities {acceptInsecureCerts: false, browserName: MicrosoftEdge, browserVersion: 122.0.2365.92, fedcm:accounts: true, javascriptEnabled: true, ms:edgeOptions: {debuggerAddress: localhost:50990}, msedge: {msedgedriverVersion: 122.0.2365.92 (908657ec17be..., userDataDir: C:\Users\user\AppData\Local...}, networkConnectionEnabled: false, pageLoadStrategy: normal, platform: WINDOWS, platformName: WINDOWS, proxy: Proxy(), setWindowRect: true, strictFileInteractability: false, timeouts: {implicit: 0, pageLoad: 300000, script: 30000}, unhandledPromptBehavior: dismiss and notify, webauthn:extension:credBlob: true, webauthn:extension:largeBlob: true, webauthn:extension:minPinLength: true, webauthn:extension:prf: true, webauthn:virtualAuthenticators: true}
Session ID: 8c5f9107c6a95fd22c71f11d7878b551
*** Element info: {Using=css selector, value=#content>ul:nth-of-type(3) a}
	at naveenautomation.tests.MyAccountPageTest.validateUserCanEditAffiliateInformation(MyAccountPageTest.java:48)
</failure>
    <system-out><![CDATA[2024-03-17 15:00:46 INFO  TestBase:63 - Launching Edge Browser
281420 [main] INFO com.naveenautomation.TestBases.TestBase  - Launching Edge Browser
2024-03-17 15:00:49 INFO  TestBase:40 - Loading Page in Browser
284718 [main] INFO com.naveenautomation.TestBases.TestBase  - Loading Page in Browser
2024-03-17 15:00:49 INFO  TestBase:35 - Navigating to URL : https://naveenautomationlabs.com/opencart/index.php?route=account/login
284719 [main] INFO com.naveenautomation.TestBases.TestBase  - Navigating to URL : https://naveenautomationlabs.com/opencart/index.php?route=account/login
2024-03-17 15:00:51 INFO  TestBase:41 - Navigated to URL : https://naveenautomationlabs.com/opencart/index.php?route=account/login
287079 [main] INFO com.naveenautomation.TestBases.TestBase  - Navigated to URL : https://naveenautomationlabs.com/opencart/index.php?route=account/login
2024-03-17 15:00:51 INFO  TestBase:49 - Entering Emaillijosh4@gmail.com
287080 [main] INFO com.naveenautomation.TestBases.TestBase  - Entering Emaillijosh4@gmail.com
2024-03-17 15:00:51 INFO  TestBase:77 - Finding element by : By.id: input-email
287080 [main] INFO com.naveenautomation.TestBases.TestBase  - Finding element by : By.id: input-email
2024-03-17 15:00:51 INFO  TestBase:83 - Found element by : By.id: input-email
287126 [main] INFO com.naveenautomation.TestBases.TestBase  - Found element by : By.id: input-email
2024-03-17 15:00:51 INFO  TestBase:77 - Finding element by : By.id: input-email
287180 [main] INFO com.naveenautomation.TestBases.TestBase  - Finding element by : By.id: input-email
2024-03-17 15:00:51 INFO  TestBase:83 - Found element by : By.id: input-email
287209 [main] INFO com.naveenautomation.TestBases.TestBase  - Found element by : By.id: input-email
2024-03-17 15:00:52 INFO  TestBase:54 - Entering Passwordpassword
287397 [main] INFO com.naveenautomation.TestBases.TestBase  - Entering Passwordpassword
2024-03-17 15:00:52 INFO  TestBase:77 - Finding element by : By.id: input-password
287397 [main] INFO com.naveenautomation.TestBases.TestBase  - Finding element by : By.id: input-password
2024-03-17 15:00:52 INFO  TestBase:83 - Found element by : By.id: input-password
287434 [main] INFO com.naveenautomation.TestBases.TestBase  - Found element by : By.id: input-password
2024-03-17 15:00:52 INFO  TestBase:77 - Finding element by : By.id: input-password
287469 [main] INFO com.naveenautomation.TestBases.TestBase  - Finding element by : By.id: input-password
2024-03-17 15:00:52 INFO  TestBase:83 - Found element by : By.id: input-password
287484 [main] INFO com.naveenautomation.TestBases.TestBase  - Found element by : By.id: input-password
2024-03-17 15:00:52 INFO  TestBase:59 - Clicking login button
287616 [main] INFO com.naveenautomation.TestBases.TestBase  - Clicking login button
2024-03-17 15:00:52 INFO  TestBase:77 - Finding element by : By.cssSelector: #content div>div form>input
287617 [main] INFO com.naveenautomation.TestBases.TestBase  - Finding element by : By.cssSelector: #content div>div form>input
2024-03-17 15:00:52 INFO  TestBase:83 - Found element by : By.cssSelector: #content div>div form>input
287655 [main] INFO com.naveenautomation.TestBases.TestBase  - Found element by : By.cssSelector: #content div>div form>input
2024-03-17 15:00:52 INFO  TestBase:77 - Finding element by : By.cssSelector: #content div>div form>input
287692 [main] INFO com.naveenautomation.TestBases.TestBase  - Finding element by : By.cssSelector: #content div>div form>input
2024-03-17 15:00:52 INFO  TestBase:83 - Found element by : By.cssSelector: #content div>div form>input
287720 [main] INFO com.naveenautomation.TestBases.TestBase  - Found element by : By.cssSelector: #content div>div form>input
2024-03-17 15:00:52 INFO  TestBase:77 - Finding element by : By.cssSelector: #content div>div form>input
287734 [main] INFO com.naveenautomation.TestBases.TestBase  - Finding element by : By.cssSelector: #content div>div form>input
2024-03-17 15:00:52 INFO  TestBase:83 - Found element by : By.cssSelector: #content div>div form>input
287752 [main] INFO com.naveenautomation.TestBases.TestBase  - Found element by : By.cssSelector: #content div>div form>input
2024-03-17 15:00:52 INFO  TestBase:89 - Clicking on element by : [[EdgeDriver: MicrosoftEdge on WINDOWS (8c5f9107c6a95fd22c71f11d7878b551)] -> css selector: #content div>div form>input]
287752 [main] INFO com.naveenautomation.TestBases.TestBase  - Clicking on element by : [[EdgeDriver: MicrosoftEdge on WINDOWS (8c5f9107c6a95fd22c71f11d7878b551)] -> css selector: #content div>div form>input]
2024-03-17 15:00:52 INFO  TestBase:77 - Finding element by : By.cssSelector: #content div>div form>input
288275 [main] INFO com.naveenautomation.TestBases.TestBase  - Finding element by : By.cssSelector: #content div>div form>input
2024-03-17 15:00:52 INFO  TestBase:83 - Found element by : By.cssSelector: #content div>div form>input
288307 [main] INFO com.naveenautomation.TestBases.TestBase  - Found element by : By.cssSelector: #content div>div form>input
2024-03-17 15:00:52 INFO  TestBase:89 - Clicking on element by : [[EdgeDriver: MicrosoftEdge on WINDOWS (8c5f9107c6a95fd22c71f11d7878b551)] -> css selector: #content div>div form>input]
288308 [main] INFO com.naveenautomation.TestBases.TestBase  - Clicking on element by : [[EdgeDriver: MicrosoftEdge on WINDOWS (8c5f9107c6a95fd22c71f11d7878b551)] -> css selector: #content div>div form>input]
2024-03-17 15:00:53 INFO  TestBase:77 - Finding element by : By.cssSelector: #content>ul:nth-of-type(3) a
288820 [main] INFO com.naveenautomation.TestBases.TestBase  - Finding element by : By.cssSelector: #content>ul:nth-of-type(3) a
2024-03-17 15:00:54 INFO  TestBase:77 - Finding element by : By.cssSelector: #content>ul:nth-of-type(3) a
289356 [main] INFO com.naveenautomation.TestBases.TestBase  - Finding element by : By.cssSelector: #content>ul:nth-of-type(3) a
2024-03-17 15:00:54 INFO  TestBase:77 - Finding element by : By.cssSelector: #content>ul:nth-of-type(3) a
289902 [main] INFO com.naveenautomation.TestBases.TestBase  - Finding element by : By.cssSelector: #content>ul:nth-of-type(3) a
2024-03-17 15:00:55 INFO  TestBase:77 - Finding element by : By.cssSelector: #content>ul:nth-of-type(3) a
290451 [main] INFO com.naveenautomation.TestBases.TestBase  - Finding element by : By.cssSelector: #content>ul:nth-of-type(3) a
2024-03-17 15:00:55 INFO  TestBase:77 - Finding element by : By.cssSelector: #content>ul:nth-of-type(3) a
291002 [main] INFO com.naveenautomation.TestBases.TestBase  - Finding element by : By.cssSelector: #content>ul:nth-of-type(3) a
2024-03-17 15:00:56 INFO  TestBase:77 - Finding element by : By.cssSelector: #content>ul:nth-of-type(3) a
291557 [main] INFO com.naveenautomation.TestBases.TestBase  - Finding element by : By.cssSelector: #content>ul:nth-of-type(3) a
2024-03-17 15:00:56 INFO  TestBase:77 - Finding element by : By.cssSelector: #content>ul:nth-of-type(3) a
292108 [main] INFO com.naveenautomation.TestBases.TestBase  - Finding element by : By.cssSelector: #content>ul:nth-of-type(3) a
2024-03-17 15:00:57 INFO  TestBase:77 - Finding element by : By.cssSelector: #content>ul:nth-of-type(3) a
292645 [main] INFO com.naveenautomation.TestBases.TestBase  - Finding element by : By.cssSelector: #content>ul:nth-of-type(3) a
2024-03-17 15:00:57 INFO  TestBase:77 - Finding element by : By.cssSelector: #content>ul:nth-of-type(3) a
293173 [main] INFO com.naveenautomation.TestBases.TestBase  - Finding element by : By.cssSelector: #content>ul:nth-of-type(3) a
2024-03-17 15:00:58 INFO  TestBase:77 - Finding element by : By.cssSelector: #content>ul:nth-of-type(3) a
293721 [main] INFO com.naveenautomation.TestBases.TestBase  - Finding element by : By.cssSelector: #content>ul:nth-of-type(3) a
2024-03-17 15:00:58 INFO  TestBase:77 - Finding element by : By.cssSelector: #content>ul:nth-of-type(3) a
294251 [main] INFO com.naveenautomation.TestBases.TestBase  - Finding element by : By.cssSelector: #content>ul:nth-of-type(3) a
2024-03-17 15:00:59 INFO  TestBase:77 - Finding element by : By.cssSelector: #content>ul:nth-of-type(3) a
294799 [main] INFO com.naveenautomation.TestBases.TestBase  - Finding element by : By.cssSelector: #content>ul:nth-of-type(3) a
2024-03-17 15:01:00 INFO  TestBase:77 - Finding element by : By.cssSelector: #content>ul:nth-of-type(3) a
295346 [main] INFO com.naveenautomation.TestBases.TestBase  - Finding element by : By.cssSelector: #content>ul:nth-of-type(3) a
2024-03-17 15:01:00 INFO  TestBase:77 - Finding element by : By.cssSelector: #content>ul:nth-of-type(3) a
295875 [main] INFO com.naveenautomation.TestBases.TestBase  - Finding element by : By.cssSelector: #content>ul:nth-of-type(3) a
2024-03-17 15:01:01 INFO  TestBase:77 - Finding element by : By.cssSelector: #content>ul:nth-of-type(3) a
296420 [main] INFO com.naveenautomation.TestBases.TestBase  - Finding element by : By.cssSelector: #content>ul:nth-of-type(3) a
2024-03-17 15:01:01 INFO  TestBase:77 - Finding element by : By.cssSelector: #content>ul:nth-of-type(3) a
296970 [main] INFO com.naveenautomation.TestBases.TestBase  - Finding element by : By.cssSelector: #content>ul:nth-of-type(3) a
2024-03-17 15:01:02 INFO  TestBase:77 - Finding element by : By.cssSelector: #content>ul:nth-of-type(3) a
297500 [main] INFO com.naveenautomation.TestBases.TestBase  - Finding element by : By.cssSelector: #content>ul:nth-of-type(3) a
2024-03-17 15:01:02 INFO  TestBase:77 - Finding element by : By.cssSelector: #content>ul:nth-of-type(3) a
298043 [main] INFO com.naveenautomation.TestBases.TestBase  - Finding element by : By.cssSelector: #content>ul:nth-of-type(3) a
2024-03-17 15:01:03 INFO  TestBase:77 - Finding element by : By.cssSelector: #content>ul:nth-of-type(3) a
298590 [main] INFO com.naveenautomation.TestBases.TestBase  - Finding element by : By.cssSelector: #content>ul:nth-of-type(3) a
2024-03-17 15:01:03 INFO  TestBase:77 - Finding element by : By.cssSelector: #content>ul:nth-of-type(3) a
299150 [main] INFO com.naveenautomation.TestBases.TestBase  - Finding element by : By.cssSelector: #content>ul:nth-of-type(3) a
2024-03-17 15:01:04 INFO  TestBase:77 - Finding element by : By.cssSelector: #content>ul:nth-of-type(3) a
299694 [main] INFO com.naveenautomation.TestBases.TestBase  - Finding element by : By.cssSelector: #content>ul:nth-of-type(3) a
2024-03-17 15:01:04 INFO  TestBase:77 - Finding element by : By.cssSelector: #content>ul:nth-of-type(3) a
300244 [main] INFO com.naveenautomation.TestBases.TestBase  - Finding element by : By.cssSelector: #content>ul:nth-of-type(3) a
2024-03-17 15:01:05 INFO  TestBase:77 - Finding element by : By.cssSelector: #content>ul:nth-of-type(3) a
300784 [main] INFO com.naveenautomation.TestBases.TestBase  - Finding element by : By.cssSelector: #content>ul:nth-of-type(3) a
2024-03-17 15:01:06 INFO  TestBase:77 - Finding element by : By.cssSelector: #content>ul:nth-of-type(3) a
301321 [main] INFO com.naveenautomation.TestBases.TestBase  - Finding element by : By.cssSelector: #content>ul:nth-of-type(3) a
2024-03-17 15:01:06 INFO  TestBase:77 - Finding element by : By.cssSelector: #content>ul:nth-of-type(3) a
301862 [main] INFO com.naveenautomation.TestBases.TestBase  - Finding element by : By.cssSelector: #content>ul:nth-of-type(3) a
2024-03-17 15:01:07 INFO  TestBase:77 - Finding element by : By.cssSelector: #content>ul:nth-of-type(3) a
302395 [main] INFO com.naveenautomation.TestBases.TestBase  - Finding element by : By.cssSelector: #content>ul:nth-of-type(3) a
2024-03-17 15:01:07 INFO  TestBase:77 - Finding element by : By.cssSelector: #content>ul:nth-of-type(3) a
302940 [main] INFO com.naveenautomation.TestBases.TestBase  - Finding element by : By.cssSelector: #content>ul:nth-of-type(3) a
2024-03-17 15:01:08 INFO  TestBase:77 - Finding element by : By.cssSelector: #content>ul:nth-of-type(3) a
303469 [main] INFO com.naveenautomation.TestBases.TestBase  - Finding element by : By.cssSelector: #content>ul:nth-of-type(3) a
2024-03-17 15:01:08 INFO  TestBase:77 - Finding element by : By.cssSelector: #content>ul:nth-of-type(3) a
304015 [main] INFO com.naveenautomation.TestBases.TestBase  - Finding element by : By.cssSelector: #content>ul:nth-of-type(3) a
2024-03-17 15:01:08 INFO  TestBase:77 - Finding element by : By.cssSelector: #content>ul:nth-of-type(3) a
304056 [main] INFO com.naveenautomation.TestBases.TestBase  - Finding element by : By.cssSelector: #content>ul:nth-of-type(3) a
]]></system-out>
    <system-err><![CDATA[Starting Microsoft Edge WebDriver 122.0.2365.92 (908657ec17be9ad27101d76cdae7448c824b705c) on port 7815
To submit feedback, report a bug, or suggest new features, please visit https://github.com/MicrosoftEdge/EdgeWebDriver

Only local connections are allowed.
Please see https://aka.ms/WebDriverSecurity for suggestions on keeping Microsoft Edge WebDriver safe.

Microsoft Edge WebDriver was started successfully.
Mar. 17, 2024 3:00:49 P.M. org.openqa.selenium.remote.ProtocolHandshake createSession
INFO: Detected dialect: W3C
]]></system-err>
  </testcase>
  <testcase name="validateUserCanSubscribeNewsLetter" classname="naveenautomation.tests.MyAccountPageTest" time="3.961">
    <failure message="no such element: Unable to locate element: {&quot;method&quot;:&quot;css selector&quot;,&quot;selector&quot;:&quot;.radio-inline:first-of-type input&quot;}&#10;  (Session info: MicrosoftEdge=122.0.2365.92)&#10;For documentation on this error, please visit: https://www.seleniumhq.org/exceptions/no_such_element.html&#10;Build info: version: &apos;3.141.59&apos;, revision: &apos;e82be7d358&apos;, time: &apos;2018-11-14T08:17:03&apos;&#10;System info: host: &apos;DESKTOP-EFV0BSI&apos;, ip: &apos;192.168.2.29&apos;, os.name: &apos;Windows 10&apos;, os.arch: &apos;amd64&apos;, os.version: &apos;10.0&apos;, java.version: &apos;11.0.16&apos;&#10;Driver info: org.openqa.selenium.edge.EdgeDriver&#10;Capabilities {acceptInsecureCerts: false, browserName: MicrosoftEdge, browserVersion: 122.0.2365.92, fedcm:accounts: true, javascriptEnabled: true, ms:edgeOptions: {debuggerAddress: localhost:51027}, msedge: {msedgedriverVersion: 122.0.2365.92 (908657ec17be..., userDataDir: C:\Users\user\AppData\Local...}, networkConnectionEnabled: false, pageLoadStrategy: normal, platform: WINDOWS, platformName: WINDOWS, proxy: Proxy(), setWindowRect: true, strictFileInteractability: false, timeouts: {implicit: 0, pageLoad: 300000, script: 30000}, unhandledPromptBehavior: dismiss and notify, webauthn:extension:credBlob: true, webauthn:extension:largeBlob: true, webauthn:extension:minPinLength: true, webauthn:extension:prf: true, webauthn:virtualAuthenticators: true}&#10;Session ID: 4b4e64b9a5dbfbd8af9bf69e82289bf7&#10;*** Element info: {Using=css selector, value=.radio-inline:first-of-type input}" type="org.openqa.selenium.NoSuchElementException">org.openqa.selenium.NoSuchElementException: 
no such element: Unable to locate element: {"method":"css selector","selector":".radio-inline:first-of-type input"}
  (Session info: MicrosoftEdge=122.0.2365.92)
For documentation on this error, please visit: https://www.seleniumhq.org/exceptions/no_such_element.html
Build info: version: '3.141.59', revision: 'e82be7d358', time: '2018-11-14T08:17:03'
System info: host: 'DESKTOP-EFV0BSI', ip: '192.168.2.29', os.name: 'Windows 10', os.arch: 'amd64', os.version: '10.0', java.version: '11.0.16'
Driver info: org.openqa.selenium.edge.EdgeDriver
Capabilities {acceptInsecureCerts: false, browserName: MicrosoftEdge, browserVersion: 122.0.2365.92, fedcm:accounts: true, javascriptEnabled: true, ms:edgeOptions: {debuggerAddress: localhost:51027}, msedge: {msedgedriverVersion: 122.0.2365.92 (908657ec17be..., userDataDir: C:\Users\user\AppData\Local...}, networkConnectionEnabled: false, pageLoadStrategy: normal, platform: WINDOWS, platformName: WINDOWS, proxy: Proxy(), setWindowRect: true, strictFileInteractability: false, timeouts: {implicit: 0, pageLoad: 300000, script: 30000}, unhandledPromptBehavior: dismiss and notify, webauthn:extension:credBlob: true, webauthn:extension:largeBlob: true, webauthn:extension:minPinLength: true, webauthn:extension:prf: true, webauthn:virtualAuthenticators: true}
Session ID: 4b4e64b9a5dbfbd8af9bf69e82289bf7
*** Element info: {Using=css selector, value=.radio-inline:first-of-type input}
	at naveenautomation.tests.MyAccountPageTest.validateUserCanSubscribeNewsLetter(MyAccountPageTest.java:59)
</failure>
    <system-out><![CDATA[2024-03-17 15:01:09 INFO  TestBase:63 - Launching Edge Browser
304369 [main] INFO com.naveenautomation.TestBases.TestBase  - Launching Edge Browser
2024-03-17 15:01:12 INFO  TestBase:40 - Loading Page in Browser
307634 [main] INFO com.naveenautomation.TestBases.TestBase  - Loading Page in Browser
2024-03-17 15:01:12 INFO  TestBase:35 - Navigating to URL : https://naveenautomationlabs.com/opencart/index.php?route=account/login
307634 [main] INFO com.naveenautomation.TestBases.TestBase  - Navigating to URL : https://naveenautomationlabs.com/opencart/index.php?route=account/login
2024-03-17 15:01:14 INFO  TestBase:41 - Navigated to URL : https://naveenautomationlabs.com/opencart/index.php?route=account/login
310175 [main] INFO com.naveenautomation.TestBases.TestBase  - Navigated to URL : https://naveenautomationlabs.com/opencart/index.php?route=account/login
2024-03-17 15:01:14 INFO  TestBase:49 - Entering Emaillijosh4@gmail.com
310175 [main] INFO com.naveenautomation.TestBases.TestBase  - Entering Emaillijosh4@gmail.com
2024-03-17 15:01:14 INFO  TestBase:77 - Finding element by : By.id: input-email
310176 [main] INFO com.naveenautomation.TestBases.TestBase  - Finding element by : By.id: input-email
2024-03-17 15:01:14 INFO  TestBase:83 - Found element by : By.id: input-email
310206 [main] INFO com.naveenautomation.TestBases.TestBase  - Found element by : By.id: input-email
2024-03-17 15:01:14 INFO  TestBase:77 - Finding element by : By.id: input-email
310262 [main] INFO com.naveenautomation.TestBases.TestBase  - Finding element by : By.id: input-email
2024-03-17 15:01:14 INFO  TestBase:83 - Found element by : By.id: input-email
310290 [main] INFO com.naveenautomation.TestBases.TestBase  - Found element by : By.id: input-email
2024-03-17 15:01:15 INFO  TestBase:54 - Entering Passwordpassword
310464 [main] INFO com.naveenautomation.TestBases.TestBase  - Entering Passwordpassword
2024-03-17 15:01:15 INFO  TestBase:77 - Finding element by : By.id: input-password
310465 [main] INFO com.naveenautomation.TestBases.TestBase  - Finding element by : By.id: input-password
2024-03-17 15:01:15 INFO  TestBase:83 - Found element by : By.id: input-password
310494 [main] INFO com.naveenautomation.TestBases.TestBase  - Found element by : By.id: input-password
2024-03-17 15:01:15 INFO  TestBase:77 - Finding element by : By.id: input-password
310542 [main] INFO com.naveenautomation.TestBases.TestBase  - Finding element by : By.id: input-password
2024-03-17 15:01:15 INFO  TestBase:83 - Found element by : By.id: input-password
310561 [main] INFO com.naveenautomation.TestBases.TestBase  - Found element by : By.id: input-password
2024-03-17 15:01:15 INFO  TestBase:59 - Clicking login button
310690 [main] INFO com.naveenautomation.TestBases.TestBase  - Clicking login button
2024-03-17 15:01:15 INFO  TestBase:77 - Finding element by : By.cssSelector: #content div>div form>input
310690 [main] INFO com.naveenautomation.TestBases.TestBase  - Finding element by : By.cssSelector: #content div>div form>input
2024-03-17 15:01:15 INFO  TestBase:83 - Found element by : By.cssSelector: #content div>div form>input
310725 [main] INFO com.naveenautomation.TestBases.TestBase  - Found element by : By.cssSelector: #content div>div form>input
2024-03-17 15:01:15 INFO  TestBase:77 - Finding element by : By.cssSelector: #content div>div form>input
310755 [main] INFO com.naveenautomation.TestBases.TestBase  - Finding element by : By.cssSelector: #content div>div form>input
2024-03-17 15:01:15 INFO  TestBase:83 - Found element by : By.cssSelector: #content div>div form>input
310779 [main] INFO com.naveenautomation.TestBases.TestBase  - Found element by : By.cssSelector: #content div>div form>input
2024-03-17 15:01:15 INFO  TestBase:77 - Finding element by : By.cssSelector: #content div>div form>input
310804 [main] INFO com.naveenautomation.TestBases.TestBase  - Finding element by : By.cssSelector: #content div>div form>input
2024-03-17 15:01:15 INFO  TestBase:83 - Found element by : By.cssSelector: #content div>div form>input
310835 [main] INFO com.naveenautomation.TestBases.TestBase  - Found element by : By.cssSelector: #content div>div form>input
2024-03-17 15:01:15 INFO  TestBase:89 - Clicking on element by : [[EdgeDriver: MicrosoftEdge on WINDOWS (4b4e64b9a5dbfbd8af9bf69e82289bf7)] -> css selector: #content div>div form>input]
310835 [main] INFO com.naveenautomation.TestBases.TestBase  - Clicking on element by : [[EdgeDriver: MicrosoftEdge on WINDOWS (4b4e64b9a5dbfbd8af9bf69e82289bf7)] -> css selector: #content div>div form>input]
2024-03-17 15:01:16 INFO  TestBase:77 - Finding element by : By.cssSelector: #content div>div form>input
311380 [main] INFO com.naveenautomation.TestBases.TestBase  - Finding element by : By.cssSelector: #content div>div form>input
2024-03-17 15:01:16 INFO  TestBase:83 - Found element by : By.cssSelector: #content div>div form>input
311408 [main] INFO com.naveenautomation.TestBases.TestBase  - Found element by : By.cssSelector: #content div>div form>input
2024-03-17 15:01:16 INFO  TestBase:89 - Clicking on element by : [[EdgeDriver: MicrosoftEdge on WINDOWS (4b4e64b9a5dbfbd8af9bf69e82289bf7)] -> css selector: #content div>div form>input]
311409 [main] INFO com.naveenautomation.TestBases.TestBase  - Clicking on element by : [[EdgeDriver: MicrosoftEdge on WINDOWS (4b4e64b9a5dbfbd8af9bf69e82289bf7)] -> css selector: #content div>div form>input]
2024-03-17 15:01:17 INFO  TestBase:77 - Finding element by : By.cssSelector: #column-right a
312815 [main] INFO com.naveenautomation.TestBases.TestBase  - Finding element by : By.cssSelector: #column-right a
2024-03-17 15:01:17 INFO  TestBase:83 - Found element by : By.cssSelector: #column-right a
312844 [main] INFO com.naveenautomation.TestBases.TestBase  - Found element by : By.cssSelector: #column-right a
2024-03-17 15:01:17 INFO  TestBase:148 - Getting text from element  : Login
312862 [main] INFO com.naveenautomation.TestBases.TestBase  - Getting text from element  : Login
2024-03-17 15:01:17 INFO  TestBase:154 - Geot text from element  : Login
312887 [main] INFO com.naveenautomation.TestBases.TestBase  - Geot text from element  : Login
2024-03-17 15:01:17 INFO  TestBase:148 - Getting text from element  : Register
312899 [main] INFO com.naveenautomation.TestBases.TestBase  - Getting text from element  : Register
2024-03-17 15:01:17 INFO  TestBase:154 - Geot text from element  : Register
312921 [main] INFO com.naveenautomation.TestBases.TestBase  - Geot text from element  : Register
2024-03-17 15:01:17 INFO  TestBase:148 - Getting text from element  : Forgotten Password
312934 [main] INFO com.naveenautomation.TestBases.TestBase  - Getting text from element  : Forgotten Password
2024-03-17 15:01:17 INFO  TestBase:154 - Geot text from element  : Forgotten Password
312958 [main] INFO com.naveenautomation.TestBases.TestBase  - Geot text from element  : Forgotten Password
2024-03-17 15:01:17 INFO  TestBase:148 - Getting text from element  : My Account
312971 [main] INFO com.naveenautomation.TestBases.TestBase  - Getting text from element  : My Account
2024-03-17 15:01:17 INFO  TestBase:154 - Geot text from element  : My Account
312999 [main] INFO com.naveenautomation.TestBases.TestBase  - Geot text from element  : My Account
2024-03-17 15:01:17 INFO  TestBase:148 - Getting text from element  : Address Book
313010 [main] INFO com.naveenautomation.TestBases.TestBase  - Getting text from element  : Address Book
2024-03-17 15:01:17 INFO  TestBase:154 - Geot text from element  : Address Book
313040 [main] INFO com.naveenautomation.TestBases.TestBase  - Geot text from element  : Address Book
2024-03-17 15:01:17 INFO  TestBase:148 - Getting text from element  : Wish List
313054 [main] INFO com.naveenautomation.TestBases.TestBase  - Getting text from element  : Wish List
2024-03-17 15:01:17 INFO  TestBase:154 - Geot text from element  : Wish List
313083 [main] INFO com.naveenautomation.TestBases.TestBase  - Geot text from element  : Wish List
2024-03-17 15:01:17 INFO  TestBase:148 - Getting text from element  : Order History
313095 [main] INFO com.naveenautomation.TestBases.TestBase  - Getting text from element  : Order History
2024-03-17 15:01:17 INFO  TestBase:154 - Geot text from element  : Order History
313119 [main] INFO com.naveenautomation.TestBases.TestBase  - Geot text from element  : Order History
2024-03-17 15:01:17 INFO  TestBase:148 - Getting text from element  : Downloads
313132 [main] INFO com.naveenautomation.TestBases.TestBase  - Getting text from element  : Downloads
2024-03-17 15:01:17 INFO  TestBase:154 - Geot text from element  : Downloads
313157 [main] INFO com.naveenautomation.TestBases.TestBase  - Geot text from element  : Downloads
2024-03-17 15:01:17 INFO  TestBase:148 - Getting text from element  : Recurring payments
313170 [main] INFO com.naveenautomation.TestBases.TestBase  - Getting text from element  : Recurring payments
2024-03-17 15:01:17 INFO  TestBase:154 - Geot text from element  : Recurring payments
313190 [main] INFO com.naveenautomation.TestBases.TestBase  - Geot text from element  : Recurring payments
2024-03-17 15:01:17 INFO  TestBase:148 - Getting text from element  : Reward Points
313205 [main] INFO com.naveenautomation.TestBases.TestBase  - Getting text from element  : Reward Points
2024-03-17 15:01:17 INFO  TestBase:154 - Geot text from element  : Reward Points
313226 [main] INFO com.naveenautomation.TestBases.TestBase  - Geot text from element  : Reward Points
2024-03-17 15:01:17 INFO  TestBase:148 - Getting text from element  : Returns
313238 [main] INFO com.naveenautomation.TestBases.TestBase  - Getting text from element  : Returns
2024-03-17 15:01:17 INFO  TestBase:154 - Geot text from element  : Returns
313258 [main] INFO com.naveenautomation.TestBases.TestBase  - Geot text from element  : Returns
2024-03-17 15:01:17 INFO  TestBase:148 - Getting text from element  : Transactions
313270 [main] INFO com.naveenautomation.TestBases.TestBase  - Getting text from element  : Transactions
2024-03-17 15:01:17 INFO  TestBase:154 - Geot text from element  : Transactions
313294 [main] INFO com.naveenautomation.TestBases.TestBase  - Geot text from element  : Transactions
2024-03-17 15:01:17 INFO  TestBase:148 - Getting text from element  : Newsletter
313305 [main] INFO com.naveenautomation.TestBases.TestBase  - Getting text from element  : Newsletter
2024-03-17 15:01:18 INFO  TestBase:154 - Geot text from element  : Newsletter
313327 [main] INFO com.naveenautomation.TestBases.TestBase  - Geot text from element  : Newsletter
2024-03-17 15:01:18 INFO  TestBase:89 - Clicking on element by : [[EdgeDriver: MicrosoftEdge on WINDOWS (4b4e64b9a5dbfbd8af9bf69e82289bf7)] -> css selector: #column-right a]
313328 [main] INFO com.naveenautomation.TestBases.TestBase  - Clicking on element by : [[EdgeDriver: MicrosoftEdge on WINDOWS (4b4e64b9a5dbfbd8af9bf69e82289bf7)] -> css selector: #column-right a]
2024-03-17 15:01:18 INFO  TestBase:77 - Finding element by : By.cssSelector: .radio-inline:first-of-type input
314105 [main] INFO com.naveenautomation.TestBases.TestBase  - Finding element by : By.cssSelector: .radio-inline:first-of-type input
]]></system-out>
    <system-err><![CDATA[Starting Microsoft Edge WebDriver 122.0.2365.92 (908657ec17be9ad27101d76cdae7448c824b705c) on port 30072
To submit feedback, report a bug, or suggest new features, please visit https://github.com/MicrosoftEdge/EdgeWebDriver

Only local connections are allowed.
Please see https://aka.ms/WebDriverSecurity for suggestions on keeping Microsoft Edge WebDriver safe.

Microsoft Edge WebDriver was started successfully.
Mar. 17, 2024 3:01:12 P.M. org.openqa.selenium.remote.ProtocolHandshake createSession
INFO: Detected dialect: W3C
]]></system-err>
  </testcase>
  <testcase name="validateOrderHistoryPageNavigation" classname="naveenautomation.tests.OrderHistoryPageTest" time="2.795">
    <failure message="no such element: Unable to locate element: {&quot;method&quot;:&quot;css selector&quot;,&quot;selector&quot;:&quot;#content h1&quot;}&#10;  (Session info: MicrosoftEdge=122.0.2365.92)&#10;For documentation on this error, please visit: https://www.seleniumhq.org/exceptions/no_such_element.html&#10;Build info: version: &apos;3.141.59&apos;, revision: &apos;e82be7d358&apos;, time: &apos;2018-11-14T08:17:03&apos;&#10;System info: host: &apos;DESKTOP-EFV0BSI&apos;, ip: &apos;192.168.2.29&apos;, os.name: &apos;Windows 10&apos;, os.arch: &apos;amd64&apos;, os.version: &apos;10.0&apos;, java.version: &apos;11.0.16&apos;&#10;Driver info: org.openqa.selenium.edge.EdgeDriver&#10;Capabilities {acceptInsecureCerts: false, browserName: MicrosoftEdge, browserVersion: 122.0.2365.92, fedcm:accounts: true, javascriptEnabled: true, ms:edgeOptions: {debuggerAddress: localhost:51061}, msedge: {msedgedriverVersion: 122.0.2365.92 (908657ec17be..., userDataDir: C:\Users\user\AppData\Local...}, networkConnectionEnabled: false, pageLoadStrategy: normal, platform: WINDOWS, platformName: WINDOWS, proxy: Proxy(), setWindowRect: true, strictFileInteractability: false, timeouts: {implicit: 0, pageLoad: 300000, script: 30000}, unhandledPromptBehavior: dismiss and notify, webauthn:extension:credBlob: true, webauthn:extension:largeBlob: true, webauthn:extension:minPinLength: true, webauthn:extension:prf: true, webauthn:virtualAuthenticators: true}&#10;Session ID: 37db61ffa015431ea7f3528e939ccd2a&#10;*** Element info: {Using=css selector, value=#content h1}" type="org.openqa.selenium.NoSuchElementException">org.openqa.selenium.NoSuchElementException: 
no such element: Unable to locate element: {"method":"css selector","selector":"#content h1"}
  (Session info: MicrosoftEdge=122.0.2365.92)
For documentation on this error, please visit: https://www.seleniumhq.org/exceptions/no_such_element.html
Build info: version: '3.141.59', revision: 'e82be7d358', time: '2018-11-14T08:17:03'
System info: host: 'DESKTOP-EFV0BSI', ip: '192.168.2.29', os.name: 'Windows 10', os.arch: 'amd64', os.version: '10.0', java.version: '11.0.16'
Driver info: org.openqa.selenium.edge.EdgeDriver
Capabilities {acceptInsecureCerts: false, browserName: MicrosoftEdge, browserVersion: 122.0.2365.92, fedcm:accounts: true, javascriptEnabled: true, ms:edgeOptions: {debuggerAddress: localhost:51061}, msedge: {msedgedriverVersion: 122.0.2365.92 (908657ec17be..., userDataDir: C:\Users\user\AppData\Local...}, networkConnectionEnabled: false, pageLoadStrategy: normal, platform: WINDOWS, platformName: WINDOWS, proxy: Proxy(), setWindowRect: true, strictFileInteractability: false, timeouts: {implicit: 0, pageLoad: 300000, script: 30000}, unhandledPromptBehavior: dismiss and notify, webauthn:extension:credBlob: true, webauthn:extension:largeBlob: true, webauthn:extension:minPinLength: true, webauthn:extension:prf: true, webauthn:virtualAuthenticators: true}
Session ID: 37db61ffa015431ea7f3528e939ccd2a
*** Element info: {Using=css selector, value=#content h1}
	at naveenautomation.tests.OrderHistoryPageTest.validateOrderHistoryPageNavigation(OrderHistoryPageTest.java:32)
</failure>
    <system-out><![CDATA[2024-03-17 15:01:19 INFO  TestBase:63 - Launching Edge Browser
314387 [main] INFO com.naveenautomation.TestBases.TestBase  - Launching Edge Browser
2024-03-17 15:01:22 INFO  TestBase:40 - Loading Page in Browser
317620 [main] INFO com.naveenautomation.TestBases.TestBase  - Loading Page in Browser
2024-03-17 15:01:22 INFO  TestBase:35 - Navigating to URL : https://naveenautomationlabs.com/opencart/index.php?route=account/login
317620 [main] INFO com.naveenautomation.TestBases.TestBase  - Navigating to URL : https://naveenautomationlabs.com/opencart/index.php?route=account/login
2024-03-17 15:01:24 INFO  TestBase:41 - Navigated to URL : https://naveenautomationlabs.com/opencart/index.php?route=account/login
319954 [main] INFO com.naveenautomation.TestBases.TestBase  - Navigated to URL : https://naveenautomationlabs.com/opencart/index.php?route=account/login
2024-03-17 15:01:24 INFO  TestBase:49 - Entering Emaillijosh4@gmail.com
319955 [main] INFO com.naveenautomation.TestBases.TestBase  - Entering Emaillijosh4@gmail.com
2024-03-17 15:01:24 INFO  TestBase:77 - Finding element by : By.id: input-email
319955 [main] INFO com.naveenautomation.TestBases.TestBase  - Finding element by : By.id: input-email
2024-03-17 15:01:24 INFO  TestBase:83 - Found element by : By.id: input-email
319997 [main] INFO com.naveenautomation.TestBases.TestBase  - Found element by : By.id: input-email
2024-03-17 15:01:24 INFO  TestBase:77 - Finding element by : By.id: input-email
320034 [main] INFO com.naveenautomation.TestBases.TestBase  - Finding element by : By.id: input-email
2024-03-17 15:01:24 INFO  TestBase:83 - Found element by : By.id: input-email
320053 [main] INFO com.naveenautomation.TestBases.TestBase  - Found element by : By.id: input-email
2024-03-17 15:01:24 INFO  TestBase:54 - Entering Passwordpassword
320277 [main] INFO com.naveenautomation.TestBases.TestBase  - Entering Passwordpassword
2024-03-17 15:01:24 INFO  TestBase:77 - Finding element by : By.id: input-password
320278 [main] INFO com.naveenautomation.TestBases.TestBase  - Finding element by : By.id: input-password
2024-03-17 15:01:25 INFO  TestBase:83 - Found element by : By.id: input-password
320315 [main] INFO com.naveenautomation.TestBases.TestBase  - Found element by : By.id: input-password
2024-03-17 15:01:25 INFO  TestBase:77 - Finding element by : By.id: input-password
320352 [main] INFO com.naveenautomation.TestBases.TestBase  - Finding element by : By.id: input-password
2024-03-17 15:01:25 INFO  TestBase:83 - Found element by : By.id: input-password
320369 [main] INFO com.naveenautomation.TestBases.TestBase  - Found element by : By.id: input-password
2024-03-17 15:01:25 INFO  TestBase:59 - Clicking login button
320539 [main] INFO com.naveenautomation.TestBases.TestBase  - Clicking login button
2024-03-17 15:01:25 INFO  TestBase:77 - Finding element by : By.cssSelector: #content div>div form>input
320540 [main] INFO com.naveenautomation.TestBases.TestBase  - Finding element by : By.cssSelector: #content div>div form>input
2024-03-17 15:01:25 INFO  TestBase:83 - Found element by : By.cssSelector: #content div>div form>input
320561 [main] INFO com.naveenautomation.TestBases.TestBase  - Found element by : By.cssSelector: #content div>div form>input
2024-03-17 15:01:25 INFO  TestBase:77 - Finding element by : By.cssSelector: #content div>div form>input
320593 [main] INFO com.naveenautomation.TestBases.TestBase  - Finding element by : By.cssSelector: #content div>div form>input
2024-03-17 15:01:25 INFO  TestBase:83 - Found element by : By.cssSelector: #content div>div form>input
320616 [main] INFO com.naveenautomation.TestBases.TestBase  - Found element by : By.cssSelector: #content div>div form>input
2024-03-17 15:01:25 INFO  TestBase:77 - Finding element by : By.cssSelector: #content div>div form>input
320629 [main] INFO com.naveenautomation.TestBases.TestBase  - Finding element by : By.cssSelector: #content div>div form>input
2024-03-17 15:01:25 INFO  TestBase:83 - Found element by : By.cssSelector: #content div>div form>input
320647 [main] INFO com.naveenautomation.TestBases.TestBase  - Found element by : By.cssSelector: #content div>div form>input
2024-03-17 15:01:25 INFO  TestBase:89 - Clicking on element by : [[EdgeDriver: MicrosoftEdge on WINDOWS (37db61ffa015431ea7f3528e939ccd2a)] -> css selector: #content div>div form>input]
320648 [main] INFO com.naveenautomation.TestBases.TestBase  - Clicking on element by : [[EdgeDriver: MicrosoftEdge on WINDOWS (37db61ffa015431ea7f3528e939ccd2a)] -> css selector: #content div>div form>input]
2024-03-17 15:01:25 INFO  TestBase:77 - Finding element by : By.cssSelector: #content div>div form>input
321153 [main] INFO com.naveenautomation.TestBases.TestBase  - Finding element by : By.cssSelector: #content div>div form>input
2024-03-17 15:01:25 INFO  TestBase:83 - Found element by : By.cssSelector: #content div>div form>input
321178 [main] INFO com.naveenautomation.TestBases.TestBase  - Found element by : By.cssSelector: #content div>div form>input
2024-03-17 15:01:25 INFO  TestBase:89 - Clicking on element by : [[EdgeDriver: MicrosoftEdge on WINDOWS (37db61ffa015431ea7f3528e939ccd2a)] -> css selector: #content div>div form>input]
321178 [main] INFO com.naveenautomation.TestBases.TestBase  - Clicking on element by : [[EdgeDriver: MicrosoftEdge on WINDOWS (37db61ffa015431ea7f3528e939ccd2a)] -> css selector: #content div>div form>input]
2024-03-17 15:01:26 INFO  TestBase:77 - Finding element by : By.cssSelector: #column-right a
321659 [main] INFO com.naveenautomation.TestBases.TestBase  - Finding element by : By.cssSelector: #column-right a
2024-03-17 15:01:26 INFO  TestBase:83 - Found element by : By.cssSelector: #column-right a
321688 [main] INFO com.naveenautomation.TestBases.TestBase  - Found element by : By.cssSelector: #column-right a
2024-03-17 15:01:26 INFO  TestBase:148 - Getting text from element  : Login
321711 [main] INFO com.naveenautomation.TestBases.TestBase  - Getting text from element  : Login
2024-03-17 15:01:26 INFO  TestBase:154 - Geot text from element  : Login
321737 [main] INFO com.naveenautomation.TestBases.TestBase  - Geot text from element  : Login
2024-03-17 15:01:26 INFO  TestBase:148 - Getting text from element  : Register
321749 [main] INFO com.naveenautomation.TestBases.TestBase  - Getting text from element  : Register
2024-03-17 15:01:26 INFO  TestBase:154 - Geot text from element  : Register
321771 [main] INFO com.naveenautomation.TestBases.TestBase  - Geot text from element  : Register
2024-03-17 15:01:26 INFO  TestBase:148 - Getting text from element  : Forgotten Password
321783 [main] INFO com.naveenautomation.TestBases.TestBase  - Getting text from element  : Forgotten Password
2024-03-17 15:01:26 INFO  TestBase:154 - Geot text from element  : Forgotten Password
321809 [main] INFO com.naveenautomation.TestBases.TestBase  - Geot text from element  : Forgotten Password
2024-03-17 15:01:26 INFO  TestBase:148 - Getting text from element  : My Account
321822 [main] INFO com.naveenautomation.TestBases.TestBase  - Getting text from element  : My Account
2024-03-17 15:01:26 INFO  TestBase:154 - Geot text from element  : My Account
321847 [main] INFO com.naveenautomation.TestBases.TestBase  - Geot text from element  : My Account
2024-03-17 15:01:26 INFO  TestBase:148 - Getting text from element  : Address Book
321857 [main] INFO com.naveenautomation.TestBases.TestBase  - Getting text from element  : Address Book
2024-03-17 15:01:26 INFO  TestBase:154 - Geot text from element  : Address Book
321880 [main] INFO com.naveenautomation.TestBases.TestBase  - Geot text from element  : Address Book
2024-03-17 15:01:26 INFO  TestBase:148 - Getting text from element  : Wish List
321893 [main] INFO com.naveenautomation.TestBases.TestBase  - Getting text from element  : Wish List
2024-03-17 15:01:26 INFO  TestBase:154 - Geot text from element  : Wish List
321917 [main] INFO com.naveenautomation.TestBases.TestBase  - Geot text from element  : Wish List
2024-03-17 15:01:26 INFO  TestBase:148 - Getting text from element  : Order History
321927 [main] INFO com.naveenautomation.TestBases.TestBase  - Getting text from element  : Order History
2024-03-17 15:01:26 INFO  TestBase:154 - Geot text from element  : Order History
321949 [main] INFO com.naveenautomation.TestBases.TestBase  - Geot text from element  : Order History
2024-03-17 15:01:26 INFO  TestBase:89 - Clicking on element by : [[EdgeDriver: MicrosoftEdge on WINDOWS (37db61ffa015431ea7f3528e939ccd2a)] -> css selector: #column-right a]
321950 [main] INFO com.naveenautomation.TestBases.TestBase  - Clicking on element by : [[EdgeDriver: MicrosoftEdge on WINDOWS (37db61ffa015431ea7f3528e939ccd2a)] -> css selector: #column-right a]
2024-03-17 15:01:27 INFO  TestBase:77 - Finding element by : By.cssSelector: #content h1
322716 [main] INFO com.naveenautomation.TestBases.TestBase  - Finding element by : By.cssSelector: #content h1
]]></system-out>
    <system-err><![CDATA[[1710702078.967][SEVERE]: Unable to receive message from renderer
Starting Microsoft Edge WebDriver 122.0.2365.92 (908657ec17be9ad27101d76cdae7448c824b705c) on port 8637
To submit feedback, report a bug, or suggest new features, please visit https://github.com/MicrosoftEdge/EdgeWebDriver

Only local connections are allowed.
Please see https://aka.ms/WebDriverSecurity for suggestions on keeping Microsoft Edge WebDriver safe.

Microsoft Edge WebDriver was started successfully.
Mar. 17, 2024 3:01:22 P.M. org.openqa.selenium.remote.ProtocolHandshake createSession
INFO: Detected dialect: W3C
]]></system-err>
  </testcase>
  <testcase name="validatePrivacyPolicyPageNavigation" classname="naveenautomation.tests.PrivacyPolicyPageTest" time="0.871"/>
  <testcase name="verifyAddtoCart" classname="naveenautomation.tests.ProductId43PageTest" time="4.62"/>
  <testcase name="verifyAddtoWishList" classname="naveenautomation.tests.ProductId43PageTest" time="4.654"/>
  <testcase name="verifySearchPageHeader" classname="naveenautomation.tests.ProductSearchPageTest" time="1.052"/>
</testsuite>