<?xml version="1.0" encoding="UTF-8"?>
<!-- Generated by org.testng.reporters.JUnitReportReporter -->
<testsuite hostname="DESKTOP-EFV0BSI" failures="0" tests="1" name="naveenautomation.tests.AddressBookPageTest" time="83.158" errors="0" timestamp="2024-03-12T17:33:26 EDT" skipped="0">
  <testcase classname="naveenautomation.tests.AddressBookPageTest" name="validateUserCanAddNewAddress" time="83.158"/>
  <system-out/>
</testsuite> <!-- naveenautomation.tests.AddressBookPageTest -->
