<?xml version="1.0" encoding="UTF-8"?>
<!-- Generated by org.testng.reporters.JUnitReportReporter -->
<testsuite hostname="DESKTOP-EFV0BSI" failures="0" tests="1" name="naveenautomation.tests.CategoryAndPath24PageTest" time="8.401" errors="0" timestamp="2024-03-09T13:29:53 EST" skipped="0">
  <testcase classname="naveenautomation.tests.CategoryAndPath24PageTest" name="validateProductSort" time="8.401"/>
  <system-out/>
</testsuite> <!-- naveenautomation.tests.CategoryAndPath24PageTest -->
