<?xml version="1.0" encoding="UTF-8"?>
<!-- Generated by org.testng.reporters.JUnitReportReporter -->
<testsuite hostname="DESKTOP-EFV0BSI" failures="0" tests="2" name="naveenautomation.tests.ProductId43PageTest" time="20.106" errors="0" timestamp="2024-03-09T13:53:01 EST" skipped="0">
  <testcase classname="naveenautomation.tests.ProductId43PageTest" name="verifyAddtoCart" time="9.493"/>
  <system-out/>
  <testcase classname="naveenautomation.tests.ProductId43PageTest" name="verifyAddtoWishList" time="10.613"/>
  <system-out/>
</testsuite> <!-- naveenautomation.tests.ProductId43PageTest -->
