<?xml version="1.0" encoding="UTF-8"?>
<!-- Generated by org.testng.reporters.JUnitReportReporter -->
<testsuite hostname="DESKTOP-EFV0BSI" failures="0" tests="1" name="naveenautomation.tests.SpecialsPageTest" time="7.486" errors="0" timestamp="2024-03-09T13:29:53 EST" skipped="0">
  <testcase classname="naveenautomation.tests.SpecialsPageTest" name="validateSpecialsPageNavigation" time="7.486"/>
  <system-out/>
</testsuite> <!-- naveenautomation.tests.SpecialsPageTest -->
