<?xml version="1.0" encoding="UTF-8"?>
<!-- Generated by org.testng.reporters.JUnitReportReporter -->
<testsuite hostname="DESKTOP-EFV0BSI" failures="0" tests="1" name="naveenautomation.tests.AccountLoginPageTest" time="15.440" errors="0" timestamp="2024-03-07T01:18:32 EST" skipped="0">
  <testcase classname="naveenautomation.tests.AccountLoginPageTest" name="validateLogin" time="15.440"/>
</testsuite> <!-- naveenautomation.tests.AccountLoginPageTest -->
