<?xml version="1.0" encoding="UTF-8"?>
<!-- Generated by org.testng.reporters.JUnitReportReporter -->
<testsuite hostname="DESKTOP-EFV0BSI" failures="0" tests="1" name="naveenautomation.tests.PrivacyPolicyPageTest" time="7.005" errors="0" timestamp="2024-03-09T13:53:01 EST" skipped="0">
  <testcase classname="naveenautomation.tests.PrivacyPolicyPageTest" name="validatePrivacyPolicyPageNavigation" time="7.005"/>
  <system-out/>
</testsuite> <!-- naveenautomation.tests.PrivacyPolicyPageTest -->
