<?xml version="1.0" encoding="UTF-8"?>
<!-- Generated by org.testng.reporters.JUnitReportReporter -->
<testsuite hostname="DESKTOP-EFV0BSI" failures="0" tests="1" name="sample.Sample" time="6.379" errors="0" timestamp="2024-03-06T01:26:44 EST" skipped="0">
  <testcase classname="sample.Sample" name="launchBrowser" time="6.379"/>
</testsuite> <!-- sample.Sample -->
