<?xml version="1.0" encoding="UTF-8"?>
<!-- Generated by org.testng.reporters.JUnitReportReporter -->
<testsuite hostname="DESKTOP-EFV0BSI" failures="0" tests="2" name="naveenautomation.tests.ProductId43PageTest" time="19.450" errors="0" timestamp="2024-03-09T13:29:53 EST" skipped="0">
  <testcase classname="naveenautomation.tests.ProductId43PageTest" name="verifyAddtoCart" time="9.760"/>
  <system-out/>
  <testcase classname="naveenautomation.tests.ProductId43PageTest" name="verifyAddtoWishList" time="9.690"/>
  <system-out/>
</testsuite> <!-- naveenautomation.tests.ProductId43PageTest -->
