<?xml version="1.0" encoding="UTF-8"?>
<!-- Generated by org.testng.reporters.JUnitReportReporter -->
<testsuite hostname="DESKTOP-EFV0BSI" failures="0" tests="1" name="naveenautomation.tests.ProductSearchPageTest" time="8.692" errors="0" timestamp="2024-03-08T02:21:34 EST" skipped="0">
  <testcase classname="naveenautomation.tests.ProductSearchPageTest" name="verifySearchPageHeader" time="8.692"/>
  <system-out/>
</testsuite> <!-- naveenautomation.tests.ProductSearchPageTest -->
