<?xml version="1.0" encoding="UTF-8"?>
<!-- Generated by org.testng.reporters.JUnitReportReporter -->
<testsuite hostname="DESKTOP-EFV0BSI" failures="0" tests="1" name="naveenautomation.tests.AccountLoginPageTest" time="15.550" errors="0" timestamp="2024-03-09T14:15:19 EST" skipped="0">
  <testcase classname="naveenautomation.tests.AccountLoginPageTest" name="validateInvalidDataLogin" time="15.550"/>
  <system-out/>
</testsuite> <!-- naveenautomation.tests.AccountLoginPageTest -->
