<?xml version="1.0" encoding="UTF-8"?>
<!-- Generated by org.testng.reporters.JUnitReportReporter -->
<testsuite hostname="DESKTOP-EFV0BSI" failures="0" tests="1" name="naveenautomation.tests.TransactionsPageTest" time="10.353" errors="0" timestamp="2024-03-08T21:06:32 EST" skipped="0">
  <testcase classname="naveenautomation.tests.TransactionsPageTest" name="validateTransactionsPageNavigation" time="10.353"/>
  <system-out/>
</testsuite> <!-- naveenautomation.tests.TransactionsPageTest -->
