<?xml version="1.0" encoding="UTF-8"?>
<!-- Generated by org.testng.reporters.JUnitReportReporter -->
<testsuite hostname="DESKTOP-EFV0BSI" failures="0" tests="1" name="naveenautomation.tests.ContactUsPageTest" time="8.079" errors="0" timestamp="17 Mar. 2024 19:02:02 GMT" skipped="0">
  <testcase classname="naveenautomation.tests.ContactUsPageTest" name="validateContactUsForm" time="8.079"/>
</testsuite> <!-- naveenautomation.tests.ContactUsPageTest -->
