<?xml version="1.0" encoding="UTF-8"?>
<!-- Generated by org.testng.reporters.JUnitReportReporter -->
<testsuite hostname="DESKTOP-EFV0BSI" failures="0" tests="2" name="naveenautomation.tests.ProductId43PageTest" time="20.616" errors="0" timestamp="17 Mar. 2024 19:02:02 GMT" skipped="0">
  <testcase classname="naveenautomation.tests.ProductId43PageTest" name="verifyAddtoWishList" time="10.326"/>
  <testcase classname="naveenautomation.tests.ProductId43PageTest" name="verifyAddtoCart" time="10.290"/>
</testsuite> <!-- naveenautomation.tests.ProductId43PageTest -->
