<?xml version="1.0" encoding="UTF-8"?>
<!-- Generated by org.testng.reporters.JUnitReportReporter -->
<testsuite hostname="DESKTOP-EFV0BSI" failures="0" tests="1" name="naveenautomation.tests.SiteMapPageTest" time="8.999" errors="0" timestamp="09 Mar. 2024 16:51:21 GMT" skipped="0">
  <testcase classname="naveenautomation.tests.SiteMapPageTest" name="validateSiteMapPageNavigation" time="8.999"/>
</testsuite> <!-- naveenautomation.tests.SiteMapPageTest -->
