<?xml version="1.0" encoding="UTF-8"?>
<!-- Generated by org.testng.reporters.JUnitReportReporter -->
<testsuite hostname="DESKTOP-EFV0BSI" failures="0" tests="1" name="naveenautomation.tests.ProductId43PageTest" time="15.007" errors="0" timestamp="09 Mar. 2024 16:51:21 GMT" skipped="0">
  <testcase classname="naveenautomation.tests.ProductId43PageTest" name="verifyAddtoCart" time="15.007"/>
</testsuite> <!-- naveenautomation.tests.ProductId43PageTest -->
