<?xml version="1.0" encoding="UTF-8"?>
<!-- Generated by org.testng.reporters.JUnitReportReporter -->
<testsuite hostname="DESKTOP-EFV0BSI" failures="0" tests="1" name="naveenautomation.tests.CartPageTest" time="12.652" errors="0" timestamp="09 Mar. 2024 16:51:21 GMT" skipped="0">
  <testcase classname="naveenautomation.tests.CartPageTest" name="verifyCartPageNavigation" time="12.652"/>
</testsuite> <!-- naveenautomation.tests.CartPageTest -->
