<?xml version="1.0" encoding="UTF-8"?>
<!-- Generated by org.testng.reporters.JUnitReportReporter -->
<testsuite hostname="DESKTOP-EFV0BSI" failures="0" tests="1" name="naveenautomation.tests.DeliveryInformationPageTest" time="7.897" errors="0" timestamp="09 Mar. 2024 16:51:21 GMT" skipped="0">
  <testcase classname="naveenautomation.tests.DeliveryInformationPageTest" name="validateDeliveryInformationPageNavigation" time="7.897"/>
</testsuite> <!-- naveenautomation.tests.DeliveryInformationPageTest -->
