<?xml version="1.0" encoding="UTF-8"?>
<!-- Generated by org.testng.reporters.JUnitReportReporter -->
<testsuite hostname="DESKTOP-EFV0BSI" failures="0" tests="1" name="naveenautomation.tests.AboutUsPageTest" time="15.519" errors="0" timestamp="09 Mar. 2024 16:51:21 GMT" skipped="0">
  <testcase classname="naveenautomation.tests.AboutUsPageTest" name="validateAboutUsPageNavigation" time="15.519"/>
</testsuite> <!-- naveenautomation.tests.AboutUsPageTest -->
