<?xml version="1.0" encoding="UTF-8"?>
<!-- Generated by org.testng.reporters.JUnitReportReporter -->
<testsuite hostname="DESKTOP-EFV0BSI" failures="0" tests="1" name="naveenautomation.tests.AccountSuccessPageTest" time="10.239" errors="0" timestamp="17 Mar. 2024 19:02:02 GMT" skipped="0">
  <testcase classname="naveenautomation.tests.AccountSuccessPageTest" name="validateAccountRegister" time="10.239"/>
</testsuite> <!-- naveenautomation.tests.AccountSuccessPageTest -->
